26-06-2026 11:44:41 [[32MINFO[39M]: POST /auth/sign-in 200 758 - 638.717 ms
26-06-2026 11:44:45 [[32MINFO[39M]: GET /user/destinations/search?q=c 400 96 - 11.975 ms
26-06-2026 11:44:45 [[32MINFO[39M]: GET /user/destinations/search?q=co 304 - - 168.901 ms
26-06-2026 11:44:45 [[32MINFO[39M]: GET /user/destinations/search?q=cok 304 - - 90.013 ms
26-06-2026 11:44:48 [[32MINFO[39M]: GET /user/destinations/search?q=d 400 96 - 2.133 ms
26-06-2026 11:44:48 [[32MINFO[39M]: GET /user/destinations/search?q=dx 304 - - 57.630 ms
26-06-2026 11:44:48 [[32MINFO[39M]: GET /user/destinations/search?q=dxb 304 - - 56.886 ms
26-06-2026 11:44:55 [[32MINFO[39M]: GET /user/flights/search?from=COK&to=DXB&departureDate=2026-06-30&passengers=1&tripType=one-way&page=1&limit=6 200 2720 - 328.344 ms
26-06-2026 11:49:44 [[32MINFO[39M]: POST /user/bookings/segment 200 996 - 419.603 ms
26-06-2026 11:49:45 [[32MINFO[39M]: GET /user/bookings/5864391d-1180-4811-b418-589cc0f7bca8/segment 200 990 - 68.932 ms
26-06-2026 11:49:45 [[32MINFO[39M]: GET /user/bookings/5864391d-1180-4811-b418-589cc0f7bca8/segment 304 - - 57.543 ms
26-06-2026 12:17:04 [[31MERROR[39M]: [/user/profile] No access token provided. Please include a valid access token in your request.: No access token provided. Please include a valid access token in your request.
Error: No access token provided. Please include a valid access token in your request.
    at C:\Users\amrut\Desktop\airticketbooking\back-end\src\presentation\middlewares\auth.middleware.ts:37:10
    at Generator.throw (<anonymous>)
    at rejected (C:\Users\amrut\Desktop\airticketbooking\back-end\src\presentation\middlewares\auth.middleware.ts:6:65)
    at processTicksAndRejections (node:internal/process/task_queues:105:5)
26-06-2026 12:17:04 [[32MINFO[39M]: GET /user/profile 401 133 - 194.555 ms
26-06-2026 12:17:04 [[31MERROR[39M]: [/user/profile] No access token provided. Please include a valid access token in your request.: No access token provided. Please include a valid access token in your request.
Error: No access token provided. Please include a valid access token in your request.
    at C:\Users\amrut\Desktop\airticketbooking\back-end\src\presentation\middlewares\auth.middleware.ts:37:10
    at Generator.throw (<anonymous>)
    at rejected (C:\Users\amrut\Desktop\airticketbooking\back-end\src\presentation\middlewares\auth.middleware.ts:6:65)
    at processTicksAndRejections (node:internal/process/task_queues:105:5)
26-06-2026 12:17:04 [[32MINFO[39M]: GET /user/profile 401 133 - 10.801 ms
26-06-2026 12:17:05 [[32MINFO[39M]: POST /auth/refresh-token 200 349 - 54.704 ms
26-06-2026 12:17:05 [[32MINFO[39M]: POST /auth/refresh-token 200 349 - 11.448 ms
26-06-2026 12:17:06 [[32MINFO[39M]: GET /user/profile 304 - - 641.226 ms
26-06-2026 12:17:06 [[32MINFO[39M]: GET /user/profile 304 - - 138.556 ms
26-06-2026 12:17:06 [[32MINFO[39M]: GET /user/bookings/5864391d-1180-4811-b418-589cc0f7bca8/segment 304 - - 141.765 ms
26-06-2026 12:17:06 [[32MINFO[39M]: GET /user/bookings/5864391d-1180-4811-b418-589cc0f7bca8/segment 304 - - 63.295 ms
26-06-2026 12:29:18 [[31MERROR[39M]: [/user/bookings/5864391d-1180-4811-b418-589cc0f7bca8/seats-map] No access token provided. Please include a valid access token in your request.: No access token provided. Please include a valid access token in your request.
Error: No access token provided. Please include a valid access token in your request.
    at C:\Users\amrut\Desktop\airticketbooking\back-end\src\presentation\middlewares\auth.middleware.ts:37:10
    at Generator.throw (<anonymous>)
    at rejected (C:\Users\amrut\Desktop\airticketbooking\back-end\src\presentation\middlewares\auth.middleware.ts:6:65)
    at processTicksAndRejections (node:internal/process/task_queues:105:5)
26-06-2026 12:29:18 [[32MINFO[39M]: GET /user/bookings/5864391d-1180-4811-b418-589cc0f7bca8/seats-map 401 133 - 105.144 ms
26-06-2026 12:29:18 [[31MERROR[39M]: [/user/aircrafts/69edb8c0341960e915459eae/foods] No access token provided. Please include a valid access token in your request.: No access token provided. Please include a valid access token in your request.
Error: No access token provided. Please include a valid access token in your request.
    at C:\Users\amrut\Desktop\airticketbooking\back-end\src\presentation\middlewares\auth.middleware.ts:37:10
    at Generator.throw (<anonymous>)
    at rejected (C:\Users\amrut\Desktop\airticketbooking\back-end\src\presentation\middlewares\auth.middleware.ts:6:65)
    at processTicksAndRejections (node:internal/process/task_queues:105:5)
26-06-2026 12:29:18 [[32MINFO[39M]: GET /user/aircrafts/69edb8c0341960e915459eae/foods 401 133 - 11.929 ms
26-06-2026 12:29:18 [[31MERROR[39M]: [/user/aircrafts/69edb8c0341960e915459eae/foods] No access token provided. Please include a valid access token in your request.: No access token provided. Please include a valid access token in your request.
Error: No access token provided. Please include a valid access token in your request.
    at C:\Users\amrut\Desktop\airticketbooking\back-end\src\presentation\middlewares\auth.middleware.ts:37:10
    at Generator.throw (<anonymous>)
    at rejected (C:\Users\amrut\Desktop\airticketbooking\back-end\src\presentation\middlewares\auth.middleware.ts:6:65)
    at processTicksAndRejections (node:internal/process/task_queues:105:5)
26-06-2026 12:29:18 [[32MINFO[39M]: GET /user/aircrafts/69edb8c0341960e915459eae/foods 401 133 - 8.171 ms
26-06-2026 12:29:18 [[31MERROR[39M]: [/user/bookings/5864391d-1180-4811-b418-589cc0f7bca8/seats-map] No access token provided. Please include a valid access token in your request.: No access token provided. Please include a valid access token in your request.
Error: No access token provided. Please include a valid access token in your request.
    at C:\Users\amrut\Desktop\airticketbooking\back-end\src\presentation\middlewares\auth.middleware.ts:37:10
    at Generator.throw (<anonymous>)
    at rejected (C:\Users\amrut\Desktop\airticketbooking\back-end\src\presentation\middlewares\auth.middleware.ts:6:65)
    at processTicksAndRejections (node:internal/process/task_queues:105:5)
26-06-2026 12:29:18 [[32MINFO[39M]: GET /user/bookings/5864391d-1180-4811-b418-589cc0f7bca8/seats-map 401 133 - 7.789 ms
26-06-2026 12:29:18 [[32MINFO[39M]: POST /auth/refresh-token 200 349 - 29.997 ms
26-06-2026 12:29:18 [[32MINFO[39M]: POST /auth/refresh-token 200 349 - 27.699 ms
26-06-2026 12:29:18 [[32MINFO[39M]: POST /auth/refresh-token 200 349 - 9.339 ms
26-06-2026 12:29:18 [[32MINFO[39M]: POST /auth/refresh-token 200 349 - 16.712 ms
26-06-2026 12:29:18 [[31MERROR[39M]: [/user/bookings/5864391d-1180-4811-b418-589cc0f7bca8/seats-map] Booking session not found or expired: Booking session not found or expired
Error: Booking session not found or expired
    at GetBookingSeatsMapUseCase.<anonymous> (C:\Users\amrut\Desktop\airticketbooking\back-end\src\application\usecases\booking\getBooking-seatsMap.usecase.ts:44:13)
    at Generator.next (<anonymous>)
    at fulfilled (C:\Users\amrut\Desktop\airticketbooking\back-end\src\application\usecases\booking\getBooking-seatsMap.usecase.ts:17:58)
    at processTicksAndRejections (node:internal/process/task_queues:105:5)
26-06-2026 12:29:18 [[32MINFO[39M]: GET /user/bookings/5864391d-1180-4811-b418-589cc0f7bca8/seats-map 404 91 - 252.123 ms
26-06-2026 12:29:18 [[31MERROR[39M]: [/user/bookings/5864391d-1180-4811-b418-589cc0f7bca8/seats-map] Booking session not found or expired: Booking session not found or expired
Error: Booking session not found or expired
    at GetBookingSeatsMapUseCase.<anonymous> (C:\Users\amrut\Desktop\airticketbooking\back-end\src\application\usecases\booking\getBooking-seatsMap.usecase.ts:44:13)
    at Generator.next (<anonymous>)
    at fulfilled (C:\Users\amrut\Desktop\airticketbooking\back-end\src\application\usecases\booking\getBooking-seatsMap.usecase.ts:17:58)
    at processTicksAndRejections (node:internal/process/task_queues:105:5)
26-06-2026 12:29:18 [[32MINFO[39M]: GET /user/bookings/5864391d-1180-4811-b418-589cc0f7bca8/seats-map 404 91 - 74.817 ms
26-06-2026 12:29:19 [[32MINFO[39M]: GET /user/aircrafts/69edb8c0341960e915459eae/foods 200 580 - 678.935 ms
26-06-2026 12:29:19 [[32MINFO[39M]: GET /user/aircrafts/69edb8c0341960e915459eae/foods 304 - - 145.457 ms
26-06-2026 12:31:23 [[31MERROR[39M]: [/user/bookings/5864391d-1180-4811-b418-589cc0f7bca8/segment] Booking session not found or expired: Booking session not found or expired
Error: Booking session not found or expired
    at GetBookingSegmentUseCase.<anonymous> (C:\Users\amrut\Desktop\airticketbooking\back-end\src\application\usecases\booking\getBooking-segment.usecase.ts:34:13)
    at Generator.next (<anonymous>)
    at fulfilled (C:\Users\amrut\Desktop\airticketbooking\back-end\src\application\usecases\booking\getBooking-segment.usecase.ts:17:58)
    at processTicksAndRejections (node:internal/process/task_queues:105:5)
26-06-2026 12:31:23 [[32MINFO[39M]: GET /user/bookings/5864391d-1180-4811-b418-589cc0f7bca8/segment 404 91 - 160.268 ms
26-06-2026 12:31:23 [[31MERROR[39M]: [/user/bookings/5864391d-1180-4811-b418-589cc0f7bca8/segment] Booking session not found or expired: Booking session not found or expired
Error: Booking session not found or expired
    at GetBookingSegmentUseCase.<anonymous> (C:\Users\amrut\Desktop\airticketbooking\back-end\src\application\usecases\booking\getBooking-segment.usecase.ts:34:13)
    at Generator.next (<anonymous>)
    at fulfilled (C:\Users\amrut\Desktop\airticketbooking\back-end\src\application\usecases\booking\getBooking-segment.usecase.ts:17:58)
    at processTicksAndRejections (node:internal/process/task_queues:105:5)
26-06-2026 12:31:23 [[32MINFO[39M]: GET /user/bookings/5864391d-1180-4811-b418-589cc0f7bca8/segment 404 91 - 60.605 ms
26-06-2026 12:31:29 [[32MINFO[39M]: GET /user/destinations/search?q=c 400 96 - 6.932 ms
26-06-2026 12:31:29 [[32MINFO[39M]: GET /user/destinations/search?q=co 304 - - 118.515 ms
26-06-2026 12:31:29 [[32MINFO[39M]: GET /user/destinations/search?q=cok 304 - - 57.936 ms
26-06-2026 12:31:31 [[32MINFO[39M]: GET /user/destinations/search?q=d 400 96 - 1.809 ms
26-06-2026 12:31:32 [[32MINFO[39M]: GET /user/destinations/search?q=dx 304 - - 62.248 ms
26-06-2026 12:31:32 [[32MINFO[39M]: GET /user/destinations/search?q=dxb 304 - - 60.355 ms
26-06-2026 12:31:38 [[32MINFO[39M]: GET /user/flights/search?from=COK&to=DXB&departureDate=2026-06-30&passengers=1&tripType=one-way&page=1&limit=6 304 - - 216.036 ms
26-06-2026 12:31:40 [[31MERROR[39M]: [/user/bookings/segment] Booking session not found or expired: Booking session not found or expired
Error: Booking session not found or expired
    at AddFlightToSegmentUseCase.<anonymous> (C:\Users\amrut\Desktop\airticketbooking\back-end\src\application\usecases\booking\addFlight-toSegment.usecase.ts:93:15)
    at Generator.next (<anonymous>)
    at fulfilled (C:\Users\amrut\Desktop\airticketbooking\back-end\src\application\usecases\booking\addFlight-toSegment.usecase.ts:17:58)
    at processTicksAndRejections (node:internal/process/task_queues:105:5)
26-06-2026 12:31:40 [[32MINFO[39M]: POST /user/bookings/segment 404 91 - 179.940 ms
26-06-2026 12:31:40 [[31MERROR[39M]: [/user/bookings/segment] Booking session not found or expired: Booking session not found or expired
Error: Booking session not found or expired
    at AddFlightToSegmentUseCase.<anonymous> (C:\Users\amrut\Desktop\airticketbooking\back-end\src\application\usecases\booking\addFlight-toSegment.usecase.ts:93:15)
    at Generator.next (<anonymous>)
    at fulfilled (C:\Users\amrut\Desktop\airticketbooking\back-end\src\application\usecases\booking\addFlight-toSegment.usecase.ts:17:58)
    at processTicksAndRejections (node:internal/process/task_queues:105:5)
26-06-2026 12:31:40 [[32MINFO[39M]: POST /user/bookings/segment 404 91 - 166.714 ms
26-06-2026 12:31:43 [[31MERROR[39M]: [/user/bookings/segment] Booking session not found or expired: Booking session not found or expired
Error: Booking session not found or expired
    at AddFlightToSegmentUseCase.<anonymous> (C:\Users\amrut\Desktop\airticketbooking\back-end\src\application\usecases\booking\addFlight-toSegment.usecase.ts:93:15)
    at Generator.next (<anonymous>)
    at fulfilled (C:\Users\amrut\Desktop\airticketbooking\back-end\src\application\usecases\booking\addFlight-toSegment.usecase.ts:17:58)
    at processTicksAndRejections (node:internal/process/task_queues:105:5)
26-06-2026 12:31:43 [[32MINFO[39M]: POST /user/bookings/segment 404 91 - 172.796 ms
26-06-2026 12:31:44 [[31MERROR[39M]: [/user/bookings/segment] Booking session not found or expired: Booking session not found or expired
Error: Booking session not found or expired
    at AddFlightToSegmentUseCase.<anonymous> (C:\Users\amrut\Desktop\airticketbooking\back-end\src\application\usecases\booking\addFlight-toSegment.usecase.ts:93:15)
    at Generator.next (<anonymous>)
    at fulfilled (C:\Users\amrut\Desktop\airticketbooking\back-end\src\application\usecases\booking\addFlight-toSegment.usecase.ts:17:58)
    at processTicksAndRejections (node:internal/process/task_queues:105:5)
26-06-2026 12:31:44 [[32MINFO[39M]: POST /user/bookings/segment 404 91 - 159.773 ms
26-06-2026 12:31:52 [[32MINFO[39M]: GET /user/profile 304 - - 111.477 ms
26-06-2026 12:31:52 [[32MINFO[39M]: GET /user/profile 304 - - 99.693 ms
26-06-2026 12:31:55 [[32MINFO[39M]: GET /user/destinations/search?q=c 400 96 - 1.299 ms
26-06-2026 12:31:55 [[32MINFO[39M]: GET /user/destinations/search?q=co 304 - - 61.074 ms
26-06-2026 12:31:55 [[32MINFO[39M]: GET /user/destinations/search?q=cok 304 - - 73.736 ms
26-06-2026 12:31:58 [[32MINFO[39M]: GET /user/destinations/search?q=d 400 96 - 2.328 ms
26-06-2026 12:31:58 [[32MINFO[39M]: GET /user/destinations/search?q=dx 304 - - 95.032 ms
26-06-2026 12:31:58 [[32MINFO[39M]: GET /user/destinations/search?q=dxv 200 87 - 124.003 ms
26-06-2026 12:31:59 [[32MINFO[39M]: GET /user/destinations/search?q=dxv%5C 400 106 - 77.687 ms
26-06-2026 12:31:59 [[32MINFO[39M]: GET /user/destinations/search?q=dxv%5Cb 200 87 - 59.104 ms
26-06-2026 12:31:59 [[32MINFO[39M]: GET /user/destinations/search?q=dxv%5C 400 106 - 51.097 ms
26-06-2026 12:32:00 [[32MINFO[39M]: GET /user/destinations/search?q=dxv 304 - - 85.372 ms
26-06-2026 12:32:00 [[32MINFO[39M]: GET /user/destinations/search?q=dx 304 - - 82.375 ms
26-06-2026 12:32:00 [[32MINFO[39M]: GET /user/destinations/search?q=dxb 304 - - 68.044 ms
26-06-2026 12:32:06 [[32MINFO[39M]: GET /user/flights/search?from=COK&to=DXB&departureDate=2026-06-30&passengers=1&tripType=one-way&page=1&limit=6 304 - - 165.218 ms
26-06-2026 12:32:09 [[32MINFO[39M]: POST /user/bookings/segment 200 996 - 203.600 ms
26-06-2026 12:32:10 [[32MINFO[39M]: GET /user/bookings/d771a0b7-6e12-4fa9-8214-4743b685fcf0/segment 200 990 - 411.046 ms
26-06-2026 12:32:11 [[32MINFO[39M]: GET /user/bookings/d771a0b7-6e12-4fa9-8214-4743b685fcf0/segment 304 - - 159.374 ms
26-06-2026 12:32:18 [[32MINFO[39M]: GET /user/aircrafts/69edb8c0341960e915459eae/foods 304 - - 332.384 ms
26-06-2026 12:32:18 [[32MINFO[39M]: GET /user/bookings/d771a0b7-6e12-4fa9-8214-4743b685fcf0/seats-map 200 14890 - 428.310 ms
26-06-2026 12:32:18 [[32MINFO[39M]: GET /user/aircrafts/69edb8c0341960e915459eae/foods 304 - - 171.642 ms
26-06-2026 12:32:19 [[32MINFO[39M]: GET /user/bookings/d771a0b7-6e12-4fa9-8214-4743b685fcf0/seats-map 304 - - 372.781 ms
26-06-2026 12:36:46 [[32MINFO[39M]: POST /user/bookings/d771a0b7-6e12-4fa9-8214-4743b685fcf0/seat-lock 200 267 - 679.187 ms
26-06-2026 12:46:46 [[31MERROR[39M]: [/user/profile] No access token provided. Please include a valid access token in your request.: No access token provided. Please include a valid access token in your request.
Error: No access token provided. Please include a valid access token in your request.
    at C:\Users\amrut\Desktop\airticketbooking\back-end\src\presentation\middlewares\auth.middleware.ts:37:10
    at Generator.throw (<anonymous>)
    at rejected (C:\Users\amrut\Desktop\airticketbooking\back-end\src\presentation\middlewares\auth.middleware.ts:6:65)
    at processTicksAndRejections (node:internal/process/task_queues:105:5)
26-06-2026 12:46:46 [[32MINFO[39M]: GET /user/profile 401 133 - 237.878 ms
26-06-2026 12:46:46 [[31MERROR[39M]: [/user/profile] No access token provided. Please include a valid access token in your request.: No access token provided. Please include a valid access token in your request.
Error: No access token provided. Please include a valid access token in your request.
    at C:\Users\amrut\Desktop\airticketbooking\back-end\src\presentation\middlewares\auth.middleware.ts:37:10
    at Generator.throw (<anonymous>)
    at rejected (C:\Users\amrut\Desktop\airticketbooking\back-end\src\presentation\middlewares\auth.middleware.ts:6:65)
    at processTicksAndRejections (node:internal/process/task_queues:105:5)
26-06-2026 12:46:46 [[32MINFO[39M]: GET /user/profile 401 133 - 9.713 ms
26-06-2026 12:46:47 [[32MINFO[39M]: POST /auth/refresh-token 200 349 - 68.330 ms
26-06-2026 12:46:47 [[32MINFO[39M]: POST /auth/refresh-token 200 349 - 9.281 ms
26-06-2026 12:46:49 [[32MINFO[39M]: GET /user/profile 304 - - 1472.799 ms
26-06-2026 12:46:49 [[32MINFO[39M]: GET /user/profile 304 - - 175.729 ms
26-06-2026 12:46:50 [[32MINFO[39M]: GET /user/bookings/d771a0b7-6e12-4fa9-8214-4743b685fcf0/seats-map 200 14890 - 794.829 ms
26-06-2026 12:46:50 [[32MINFO[39M]: GET /user/bookings/d771a0b7-6e12-4fa9-8214-4743b685fcf0/seats-map 304 - - 396.390 ms
26-06-2026 13:00:35 [[31MERROR[39M]: [/user/bookings/d771a0b7-6e12-4fa9-8214-4743b685fcf0/segment] No access token provided. Please include a valid access token in your request.: No access token provided. Please include a valid access token in your request.
Error: No access token provided. Please include a valid access token in your request.
    at C:\Users\amrut\Desktop\airticketbooking\back-end\src\presentation\middlewares\auth.middleware.ts:37:10
    at Generator.throw (<anonymous>)
    at rejected (C:\Users\amrut\Desktop\airticketbooking\back-end\src\presentation\middlewares\auth.middleware.ts:6:65)
    at processTicksAndRejections (node:internal/process/task_queues:105:5)
26-06-2026 13:00:36 [[32MINFO[39M]: GET /user/bookings/d771a0b7-6e12-4fa9-8214-4743b685fcf0/segment 401 133 - 243.638 ms
26-06-2026 13:00:36 [[31MERROR[39M]: [/user/bookings/d771a0b7-6e12-4fa9-8214-4743b685fcf0/segment] No access token provided. Please include a valid access token in your request.: No access token provided. Please include a valid access token in your request.
Error: No access token provided. Please include a valid access token in your request.
    at C:\Users\amrut\Desktop\airticketbooking\back-end\src\presentation\middlewares\auth.middleware.ts:37:10
    at Generator.throw (<anonymous>)
    at rejected (C:\Users\amrut\Desktop\airticketbooking\back-end\src\presentation\middlewares\auth.middleware.ts:6:65)
    at processTicksAndRejections (node:internal/process/task_queues:105:5)
26-06-2026 13:00:36 [[32MINFO[39M]: GET /user/bookings/d771a0b7-6e12-4fa9-8214-4743b685fcf0/segment 401 133 - 7.490 ms
26-06-2026 13:00:36 [[32MINFO[39M]: POST /auth/refresh-token 200 349 - 31.047 ms
26-06-2026 13:00:36 [[32MINFO[39M]: POST /auth/refresh-token 200 349 - 8.517 ms
26-06-2026 13:00:36 [[32MINFO[39M]: GET /user/bookings/d771a0b7-6e12-4fa9-8214-4743b685fcf0/segment 304 - - 88.627 ms
26-06-2026 13:00:36 [[32MINFO[39M]: GET /user/bookings/d771a0b7-6e12-4fa9-8214-4743b685fcf0/segment 304 - - 79.148 ms
26-06-2026 13:00:39 [[32MINFO[39M]: GET /user/bookings/d771a0b7-6e12-4fa9-8214-4743b685fcf0/seats-map 304 - - 378.590 ms
26-06-2026 13:00:40 [[32MINFO[39M]: GET /user/bookings/d771a0b7-6e12-4fa9-8214-4743b685fcf0/seats-map 304 - - 199.791 ms
26-06-2026 13:00:40 [[32MINFO[39M]: GET /user/aircrafts/69edb8c0341960e915459eae/foods 304 - - 649.920 ms
26-06-2026 13:00:40 [[32MINFO[39M]: GET /user/aircrafts/69edb8c0341960e915459eae/foods 304 - - 151.327 ms
26-06-2026 13:04:16 [[31MERROR[39M]: [/user/bookings/d771a0b7-6e12-4fa9-8214-4743b685fcf0/seat-lock] Booking session not found or expired: Booking session not found or expired
Error: Booking session not found or expired
    at SeatLockUseCase.<anonymous> (C:\Users\amrut\Desktop\airticketbooking\back-end\src\application\usecases\booking\seat-lock.usecase.ts:54:13)
    at Generator.next (<anonymous>)
    at fulfilled (C:\Users\amrut\Desktop\airticketbooking\back-end\src\application\usecases\booking\seat-lock.usecase.ts:17:58)
    at processTicksAndRejections (node:internal/process/task_queues:105:5)
26-06-2026 13:04:16 [[32MINFO[39M]: POST /user/bookings/d771a0b7-6e12-4fa9-8214-4743b685fcf0/seat-lock 404 91 - 152.101 ms
26-06-2026 13:04:27 [[31MERROR[39M]: [/user/bookings/d771a0b7-6e12-4fa9-8214-4743b685fcf0/seat-lock] Booking session not found or expired: Booking session not found or expired
Error: Booking session not found or expired
    at SeatLockUseCase.<anonymous> (C:\Users\amrut\Desktop\airticketbooking\back-end\src\application\usecases\booking\seat-lock.usecase.ts:54:13)
    at Generator.next (<anonymous>)
    at fulfilled (C:\Users\amrut\Desktop\airticketbooking\back-end\src\application\usecases\booking\seat-lock.usecase.ts:17:58)
    at processTicksAndRejections (node:internal/process/task_queues:105:5)
26-06-2026 13:04:27 [[32MINFO[39M]: POST /user/bookings/d771a0b7-6e12-4fa9-8214-4743b685fcf0/seat-lock 404 91 - 60.153 ms
26-06-2026 13:04:34 [[31MERROR[39M]: [/user/bookings/d771a0b7-6e12-4fa9-8214-4743b685fcf0/segment] Booking session not found or expired: Booking session not found or expired
Error: Booking session not found or expired
    at GetBookingSegmentUseCase.<anonymous> (C:\Users\amrut\Desktop\airticketbooking\back-end\src\application\usecases\booking\getBooking-segment.usecase.ts:34:13)
    at Generator.next (<anonymous>)
    at fulfilled (C:\Users\amrut\Desktop\airticketbooking\back-end\src\application\usecases\booking\getBooking-segment.usecase.ts:17:58)
    at processTicksAndRejections (node:internal/process/task_queues:105:5)
26-06-2026 13:04:34 [[32MINFO[39M]: GET /user/bookings/d771a0b7-6e12-4fa9-8214-4743b685fcf0/segment 404 91 - 313.130 ms
26-06-2026 13:04:35 [[31MERROR[39M]: [/user/bookings/d771a0b7-6e12-4fa9-8214-4743b685fcf0/segment] Booking session not found or expired: Booking session not found or expired
Error: Booking session not found or expired
    at GetBookingSegmentUseCase.<anonymous> (C:\Users\amrut\Desktop\airticketbooking\back-end\src\application\usecases\booking\getBooking-segment.usecase.ts:34:13)
    at Generator.next (<anonymous>)
    at fulfilled (C:\Users\amrut\Desktop\airticketbooking\back-end\src\application\usecases\booking\getBooking-segment.usecase.ts:17:58)
    at processTicksAndRejections (node:internal/process/task_queues:105:5)
26-06-2026 13:04:35 [[32MINFO[39M]: GET /user/bookings/d771a0b7-6e12-4fa9-8214-4743b685fcf0/segment 404 91 - 124.804 ms
26-06-2026 13:04:39 [[32MINFO[39M]: GET /user/destinations/search?q=c 400 96 - 13.353 ms
26-06-2026 13:04:39 [[32MINFO[39M]: GET /user/destinations/search?q=co 304 - - 161.520 ms
26-06-2026 13:04:39 [[32MINFO[39M]: GET /user/destinations/search?q=cok 304 - - 90.728 ms
26-06-2026 13:04:41 [[32MINFO[39M]: GET /user/destinations/search?q=d 400 96 - 1.570 ms
26-06-2026 13:04:42 [[32MINFO[39M]: GET /user/destinations/search?q=dx 304 - - 58.902 ms
26-06-2026 13:04:42 [[32MINFO[39M]: GET /user/destinations/search?q=dxb 304 - - 57.215 ms
26-06-2026 13:04:48 [[32MINFO[39M]: GET /user/flights/search?from=COK&to=DXB&departureDate=2026-06-30&passengers=1&tripType=one-way&page=1&limit=6 304 - - 178.368 ms
26-06-2026 13:04:51 [[31MERROR[39M]: [/user/bookings/segment] Booking session not found or expired: Booking session not found or expired
Error: Booking session not found or expired
    at AddFlightToSegmentUseCase.<anonymous> (C:\Users\amrut\Desktop\airticketbooking\back-end\src\application\usecases\booking\addFlight-toSegment.usecase.ts:93:15)
    at Generator.next (<anonymous>)
    at fulfilled (C:\Users\amrut\Desktop\airticketbooking\back-end\src\application\usecases\booking\addFlight-toSegment.usecase.ts:17:58)
    at processTicksAndRejections (node:internal/process/task_queues:105:5)
26-06-2026 13:04:51 [[32MINFO[39M]: POST /user/bookings/segment 404 91 - 174.373 ms
26-06-2026 13:04:51 [[31MERROR[39M]: [/user/bookings/segment] Booking session not found or expired: Booking session not found or expired
Error: Booking session not found or expired
    at AddFlightToSegmentUseCase.<anonymous> (C:\Users\amrut\Desktop\airticketbooking\back-end\src\application\usecases\booking\addFlight-toSegment.usecase.ts:93:15)
    at Generator.next (<anonymous>)
    at fulfilled (C:\Users\amrut\Desktop\airticketbooking\back-end\src\application\usecases\booking\addFlight-toSegment.usecase.ts:17:58)
    at processTicksAndRejections (node:internal/process/task_queues:105:5)
26-06-2026 13:04:51 [[32MINFO[39M]: POST /user/bookings/segment 404 91 - 154.333 ms
26-06-2026 13:04:53 [[31MERROR[39M]: [/user/bookings/segment] Booking session not found or expired: Booking session not found or expired
Error: Booking session not found or expired
    at AddFlightToSegmentUseCase.<anonymous> (C:\Users\amrut\Desktop\airticketbooking\back-end\src\application\usecases\booking\addFlight-toSegment.usecase.ts:93:15)
    at Generator.next (<anonymous>)
    at fulfilled (C:\Users\amrut\Desktop\airticketbooking\back-end\src\application\usecases\booking\addFlight-toSegment.usecase.ts:17:58)
    at processTicksAndRejections (node:internal/process/task_queues:105:5)
26-06-2026 13:04:53 [[32MINFO[39M]: POST /user/bookings/segment 404 91 - 174.159 ms
26-06-2026 13:04:57 [[32MINFO[39M]: GET /user/profile 304 - - 102.412 ms
26-06-2026 13:04:57 [[32MINFO[39M]: GET /user/profile 304 - - 99.772 ms
26-06-2026 13:04:59 [[32MINFO[39M]: GET /user/destinations/search?q=c 400 96 - 1.479 ms
26-06-2026 13:04:59 [[32MINFO[39M]: GET /user/destinations/search?q=co 304 - - 70.871 ms
26-06-2026 13:04:59 [[32MINFO[39M]: GET /user/destinations/search?q=cok 304 - - 55.707 ms
26-06-2026 13:05:01 [[32MINFO[39M]: GET /user/destinations/search?q=d 400 96 - 1.173 ms
26-06-2026 13:05:02 [[32MINFO[39M]: GET /user/destinations/search?q=dx 304 - - 63.279 ms
26-06-2026 13:05:02 [[32MINFO[39M]: GET /user/destinations/search?q=dxb 304 - - 55.531 ms
26-06-2026 13:05:07 [[32MINFO[39M]: GET /user/flights/search?from=COK&to=DXB&departureDate=2026-06-30&passengers=1&tripType=one-way&page=1&limit=6 304 - - 157.410 ms
26-06-2026 13:05:10 [[32MINFO[39M]: POST /user/bookings/segment 200 996 - 276.608 ms
26-06-2026 13:05:10 [[32MINFO[39M]: GET /user/bookings/ca6a9d9d-9e30-49ea-9251-755d0bb0aeb2/segment 200 990 - 65.955 ms
26-06-2026 13:05:11 [[32MINFO[39M]: GET /user/bookings/ca6a9d9d-9e30-49ea-9251-755d0bb0aeb2/segment 304 - - 61.555 ms
26-06-2026 13:05:14 [[32MINFO[39M]: GET /user/aircrafts/69edb8c0341960e915459eae/foods 304 - - 182.329 ms
26-06-2026 13:05:14 [[32MINFO[39M]: GET /user/bookings/ca6a9d9d-9e30-49ea-9251-755d0bb0aeb2/seats-map 200 14890 - 502.311 ms
26-06-2026 13:05:14 [[32MINFO[39M]: GET /user/aircrafts/69edb8c0341960e915459eae/foods 304 - - 196.542 ms
26-06-2026 13:05:14 [[32MINFO[39M]: GET /user/bookings/ca6a9d9d-9e30-49ea-9251-755d0bb0aeb2/seats-map 304 - - 253.767 ms
26-06-2026 13:05:20 [[32MINFO[39M]: POST /user/bookings/ca6a9d9d-9e30-49ea-9251-755d0bb0aeb2/seat-lock 200 267 - 277.683 ms
26-06-2026 13:06:14 [[32MINFO[39M]: POST /user/bookings/ca6a9d9d-9e30-49ea-9251-755d0bb0aeb2/details 200 1259 - 300.534 ms
26-06-2026 13:06:14 [[32MINFO[39M]: GET /user/bookings/ca6a9d9d-9e30-49ea-9251-755d0bb0aeb2/summary 200 2019 - 65.413 ms
26-06-2026 13:06:14 [[32MINFO[39M]: GET /user/bookings/ca6a9d9d-9e30-49ea-9251-755d0bb0aeb2/summary 304 - - 76.243 ms
26-06-2026 13:06:14 [[32MINFO[39M]: GET /user/bookings/ca6a9d9d-9e30-49ea-9251-755d0bb0aeb2/offers 200 90 - 181.149 ms
26-06-2026 13:06:14 [[32MINFO[39M]: GET /user/bookings/ca6a9d9d-9e30-49ea-9251-755d0bb0aeb2/offers 304 - - 111.935 ms
26-06-2026 13:43:08 [[31MERROR[39M]: [/user/profile] No access token provided. Please include a valid access token in your request.: No access token provided. Please include a valid access token in your request.
Error: No access token provided. Please include a valid access token in your request.
    at C:\Users\amrut\Desktop\airticketbooking\back-end\src\presentation\middlewares\auth.middleware.ts:37:10
    at Generator.throw (<anonymous>)
    at rejected (C:\Users\amrut\Desktop\airticketbooking\back-end\src\presentation\middlewares\auth.middleware.ts:6:65)
    at processTicksAndRejections (node:internal/process/task_queues:105:5)
26-06-2026 13:43:08 [[32MINFO[39M]: GET /user/profile 401 133 - 182.093 ms
26-06-2026 13:43:08 [[31MERROR[39M]: [/user/profile] No access token provided. Please include a valid access token in your request.: No access token provided. Please include a valid access token in your request.
Error: No access token provided. Please include a valid access token in your request.
    at C:\Users\amrut\Desktop\airticketbooking\back-end\src\presentation\middlewares\auth.middleware.ts:37:10
    at Generator.throw (<anonymous>)
    at rejected (C:\Users\amrut\Desktop\airticketbooking\back-end\src\presentation\middlewares\auth.middleware.ts:6:65)
    at processTicksAndRejections (node:internal/process/task_queues:105:5)
26-06-2026 13:43:08 [[32MINFO[39M]: GET /user/profile 401 133 - 7.358 ms
26-06-2026 13:43:08 [[32MINFO[39M]: POST /auth/refresh-token 200 349 - 47.225 ms
26-06-2026 13:43:08 [[32MINFO[39M]: POST /auth/refresh-token 200 349 - 3.291 ms
26-06-2026 13:43:28 [[32MINFO[39M]: GET /user/profile 304 - - 19619.813 ms
26-06-2026 13:43:28 [[32MINFO[39M]: GET /user/profile 304 - - 127.768 ms
26-06-2026 13:43:29 [[31MERROR[39M]: [/user/bookings/ca6a9d9d-9e30-49ea-9251-755d0bb0aeb2/summary] Booking session not found or expired: Booking session not found or expired
Error: Booking session not found or expired
    at GetBookingSummaryUseCase.<anonymous> (C:\Users\amrut\Desktop\airticketbooking\back-end\src\application\usecases\booking\getBooking-summary.usecase.ts:41:13)
    at Generator.next (<anonymous>)
    at fulfilled (C:\Users\amrut\Desktop\airticketbooking\back-end\src\application\usecases\booking\getBooking-summary.usecase.ts:17:58)
    at processTicksAndRejections (node:internal/process/task_queues:105:5)
26-06-2026 13:43:29 [[31MERROR[39M]: [/user/bookings/ca6a9d9d-9e30-49ea-9251-755d0bb0aeb2/offers] Booking session not found or expired: Booking session not found or expired
Error: Booking session not found or expired
    at GetEligibleOffersUseCase.<anonymous> (C:\Users\amrut\Desktop\airticketbooking\back-end\src\application\usecases\offer\get-eligibleOffers.usecase.ts:44:13)
    at Generator.next (<anonymous>)
    at fulfilled (C:\Users\amrut\Desktop\airticketbooking\back-end\src\application\usecases\offer\get-eligibleOffers.usecase.ts:17:58)
    at processTicksAndRejections (node:internal/process/task_queues:105:5)
26-06-2026 13:43:29 [[32MINFO[39M]: GET /user/bookings/ca6a9d9d-9e30-49ea-9251-755d0bb0aeb2/summary 404 91 - 413.032 ms
26-06-2026 13:43:29 [[32MINFO[39M]: GET /user/bookings/ca6a9d9d-9e30-49ea-9251-755d0bb0aeb2/offers 404 91 - 412.978 ms
26-06-2026 13:43:29 [[31MERROR[39M]: [/user/bookings/ca6a9d9d-9e30-49ea-9251-755d0bb0aeb2/summary] Booking session not found or expired: Booking session not found or expired
Error: Booking session not found or expired
    at GetBookingSummaryUseCase.<anonymous> (C:\Users\amrut\Desktop\airticketbooking\back-end\src\application\usecases\booking\getBooking-summary.usecase.ts:41:13)
    at Generator.next (<anonymous>)
    at fulfilled (C:\Users\amrut\Desktop\airticketbooking\back-end\src\application\usecases\booking\getBooking-summary.usecase.ts:17:58)
    at processTicksAndRejections (node:internal/process/task_queues:105:5)
26-06-2026 13:43:29 [[32MINFO[39M]: GET /user/bookings/ca6a9d9d-9e30-49ea-9251-755d0bb0aeb2/summary 404 91 - 55.051 ms
26-06-2026 13:43:29 [[31MERROR[39M]: [/user/bookings/ca6a9d9d-9e30-49ea-9251-755d0bb0aeb2/offers] Booking session not found or expired: Booking session not found or expired
Error: Booking session not found or expired
    at GetEligibleOffersUseCase.<anonymous> (C:\Users\amrut\Desktop\airticketbooking\back-end\src\application\usecases\offer\get-eligibleOffers.usecase.ts:44:13)
    at Generator.next (<anonymous>)
    at fulfilled (C:\Users\amrut\Desktop\airticketbooking\back-end\src\application\usecases\offer\get-eligibleOffers.usecase.ts:17:58)
    at processTicksAndRejections (node:internal/process/task_queues:105:5)
26-06-2026 13:43:29 [[32MINFO[39M]: GET /user/bookings/ca6a9d9d-9e30-49ea-9251-755d0bb0aeb2/offers 404 91 - 60.441 ms
26-06-2026 14:12:52 [[31MERROR[39M]: [/user/profile] No access token provided. Please include a valid access token in your request.: No access token provided. Please include a valid access token in your request.
Error: No access token provided. Please include a valid access token in your request.
    at C:\Users\amrut\Desktop\airticketbooking\back-end\src\presentation\middlewares\auth.middleware.ts:37:10
    at Generator.throw (<anonymous>)
    at rejected (C:\Users\amrut\Desktop\airticketbooking\back-end\src\presentation\middlewares\auth.middleware.ts:6:65)
    at processTicksAndRejections (node:internal/process/task_queues:105:5)
26-06-2026 14:12:52 [[32MINFO[39M]: GET /user/profile 401 133 - 270.605 ms
26-06-2026 14:12:52 [[31MERROR[39M]: [/user/profile] No access token provided. Please include a valid access token in your request.: No access token provided. Please include a valid access token in your request.
Error: No access token provided. Please include a valid access token in your request.
    at C:\Users\amrut\Desktop\airticketbooking\back-end\src\presentation\middlewares\auth.middleware.ts:37:10
    at Generator.throw (<anonymous>)
    at rejected (C:\Users\amrut\Desktop\airticketbooking\back-end\src\presentation\middlewares\auth.middleware.ts:6:65)
    at processTicksAndRejections (node:internal/process/task_queues:105:5)
26-06-2026 14:12:52 [[32MINFO[39M]: GET /user/profile 401 133 - 8.239 ms
26-06-2026 14:12:53 [[32MINFO[39M]: POST /auth/refresh-token 200 349 - 45.739 ms
26-06-2026 14:12:53 [[32MINFO[39M]: POST /auth/refresh-token 200 349 - 12.297 ms
26-06-2026 14:12:53 [[32MINFO[39M]: GET /user/profile 304 - - 365.192 ms
26-06-2026 14:12:53 [[32MINFO[39M]: GET /user/profile 304 - - 216.210 ms
26-06-2026 14:12:54 [[31MERROR[39M]: [/user/bookings/ca6a9d9d-9e30-49ea-9251-755d0bb0aeb2/summary] Booking session not found or expired: Booking session not found or expired
Error: Booking session not found or expired
    at GetBookingSummaryUseCase.<anonymous> (C:\Users\amrut\Desktop\airticketbooking\back-end\src\application\usecases\booking\getBooking-summary.usecase.ts:41:13)
    at Generator.next (<anonymous>)
    at fulfilled (C:\Users\amrut\Desktop\airticketbooking\back-end\src\application\usecases\booking\getBooking-summary.usecase.ts:17:58)
    at processTicksAndRejections (node:internal/process/task_queues:105:5)
26-06-2026 14:12:54 [[32MINFO[39M]: GET /user/bookings/ca6a9d9d-9e30-49ea-9251-755d0bb0aeb2/summary 404 91 - 163.998 ms
26-06-2026 14:12:54 [[31MERROR[39M]: [/user/bookings/ca6a9d9d-9e30-49ea-9251-755d0bb0aeb2/summary] Booking session not found or expired: Booking session not found or expired
Error: Booking session not found or expired
    at GetBookingSummaryUseCase.<anonymous> (C:\Users\amrut\Desktop\airticketbooking\back-end\src\application\usecases\booking\getBooking-summary.usecase.ts:41:13)
    at Generator.next (<anonymous>)
    at fulfilled (C:\Users\amrut\Desktop\airticketbooking\back-end\src\application\usecases\booking\getBooking-summary.usecase.ts:17:58)
    at processTicksAndRejections (node:internal/process/task_queues:105:5)
26-06-2026 14:12:54 [[32MINFO[39M]: GET /user/bookings/ca6a9d9d-9e30-49ea-9251-755d0bb0aeb2/summary 404 91 - 91.839 ms
26-06-2026 14:12:54 [[31MERROR[39M]: [/user/bookings/ca6a9d9d-9e30-49ea-9251-755d0bb0aeb2/offers] Booking session not found or expired: Booking session not found or expired
Error: Booking session not found or expired
    at GetEligibleOffersUseCase.<anonymous> (C:\Users\amrut\Desktop\airticketbooking\back-end\src\application\usecases\offer\get-eligibleOffers.usecase.ts:44:13)
    at Generator.next (<anonymous>)
    at fulfilled (C:\Users\amrut\Desktop\airticketbooking\back-end\src\application\usecases\offer\get-eligibleOffers.usecase.ts:17:58)
    at processTicksAndRejections (node:internal/process/task_queues:105:5)
26-06-2026 14:12:54 [[32MINFO[39M]: GET /user/bookings/ca6a9d9d-9e30-49ea-9251-755d0bb0aeb2/offers 404 91 - 797.814 ms
26-06-2026 14:12:54 [[31MERROR[39M]: [/user/bookings/ca6a9d9d-9e30-49ea-9251-755d0bb0aeb2/offers] Booking session not found or expired: Booking session not found or expired
Error: Booking session not found or expired
    at GetEligibleOffersUseCase.<anonymous> (C:\Users\amrut\Desktop\airticketbooking\back-end\src\application\usecases\offer\get-eligibleOffers.usecase.ts:44:13)
    at Generator.next (<anonymous>)
    at fulfilled (C:\Users\amrut\Desktop\airticketbooking\back-end\src\application\usecases\offer\get-eligibleOffers.usecase.ts:17:58)
    at processTicksAndRejections (node:internal/process/task_queues:105:5)
26-06-2026 14:12:54 [[32MINFO[39M]: GET /user/bookings/ca6a9d9d-9e30-49ea-9251-755d0bb0aeb2/offers 404 91 - 82.631 ms
26-06-2026 14:20:11 [[32MINFO[39M]: GET /user/profile 304 - - 478.360 ms
26-06-2026 14:20:11 [[32MINFO[39M]: GET /user/profile 304 - - 174.499 ms
26-06-2026 14:20:13 [[31MERROR[39M]: [/user/bookings/ca6a9d9d-9e30-49ea-9251-755d0bb0aeb2/summary] Booking session not found or expired: Booking session not found or expired
Error: Booking session not found or expired
    at GetBookingSummaryUseCase.<anonymous> (C:\Users\amrut\Desktop\airticketbooking\back-end\src\application\usecases\booking\getBooking-summary.usecase.ts:41:13)
    at Generator.next (<anonymous>)
    at fulfilled (C:\Users\amrut\Desktop\airticketbooking\back-end\src\application\usecases\booking\getBooking-summary.usecase.ts:17:58)
    at processTicksAndRejections (node:internal/process/task_queues:105:5)
26-06-2026 14:20:13 [[32MINFO[39M]: GET /user/bookings/ca6a9d9d-9e30-49ea-9251-755d0bb0aeb2/summary 404 91 - 111.535 ms
26-06-2026 14:20:13 [[31MERROR[39M]: [/user/bookings/ca6a9d9d-9e30-49ea-9251-755d0bb0aeb2/offers] Booking session not found or expired: Booking session not found or expired
Error: Booking session not found or expired
    at GetEligibleOffersUseCase.<anonymous> (C:\Users\amrut\Desktop\airticketbooking\back-end\src\application\usecases\offer\get-eligibleOffers.usecase.ts:44:13)
    at Generator.next (<anonymous>)
    at fulfilled (C:\Users\amrut\Desktop\airticketbooking\back-end\src\application\usecases\offer\get-eligibleOffers.usecase.ts:17:58)
    at processTicksAndRejections (node:internal/process/task_queues:105:5)
26-06-2026 14:20:13 [[32MINFO[39M]: GET /user/bookings/ca6a9d9d-9e30-49ea-9251-755d0bb0aeb2/offers 404 91 - 117.622 ms
26-06-2026 14:20:13 [[31MERROR[39M]: [/user/bookings/ca6a9d9d-9e30-49ea-9251-755d0bb0aeb2/summary] Booking session not found or expired: Booking session not found or expired
Error: Booking session not found or expired
    at GetBookingSummaryUseCase.<anonymous> (C:\Users\amrut\Desktop\airticketbooking\back-end\src\application\usecases\booking\getBooking-summary.usecase.ts:41:13)
    at Generator.next (<anonymous>)
    at fulfilled (C:\Users\amrut\Desktop\airticketbooking\back-end\src\application\usecases\booking\getBooking-summary.usecase.ts:17:58)
    at processTicksAndRejections (node:internal/process/task_queues:105:5)
26-06-2026 14:20:13 [[32MINFO[39M]: GET /user/bookings/ca6a9d9d-9e30-49ea-9251-755d0bb0aeb2/summary 404 91 - 90.786 ms
26-06-2026 14:20:13 [[31MERROR[39M]: [/user/bookings/ca6a9d9d-9e30-49ea-9251-755d0bb0aeb2/offers] Booking session not found or expired: Booking session not found or expired
Error: Booking session not found or expired
    at GetEligibleOffersUseCase.<anonymous> (C:\Users\amrut\Desktop\airticketbooking\back-end\src\application\usecases\offer\get-eligibleOffers.usecase.ts:44:13)
    at Generator.next (<anonymous>)
    at fulfilled (C:\Users\amrut\Desktop\airticketbooking\back-end\src\application\usecases\offer\get-eligibleOffers.usecase.ts:17:58)
    at processTicksAndRejections (node:internal/process/task_queues:105:5)
26-06-2026 14:20:13 [[32MINFO[39M]: GET /user/bookings/ca6a9d9d-9e30-49ea-9251-755d0bb0aeb2/offers 404 91 - 86.178 ms
26-06-2026 14:27:20 [[31MERROR[39M]: [/user/bookings/ca6a9d9d-9e30-49ea-9251-755d0bb0aeb2/seats-map] No access token provided. Please include a valid access token in your request.: No access token provided. Please include a valid access token in your request.
Error: No access token provided. Please include a valid access token in your request.
    at C:\Users\amrut\Desktop\airticketbooking\back-end\src\presentation\middlewares\auth.middleware.ts:37:10
    at Generator.throw (<anonymous>)
    at rejected (C:\Users\amrut\Desktop\airticketbooking\back-end\src\presentation\middlewares\auth.middleware.ts:6:65)
    at processTicksAndRejections (node:internal/process/task_queues:105:5)
26-06-2026 14:27:20 [[32MINFO[39M]: GET /user/bookings/ca6a9d9d-9e30-49ea-9251-755d0bb0aeb2/seats-map 401 133 - 179.980 ms
26-06-2026 14:27:20 [[31MERROR[39M]: [/user/bookings/ca6a9d9d-9e30-49ea-9251-755d0bb0aeb2/seats-map] No access token provided. Please include a valid access token in your request.: No access token provided. Please include a valid access token in your request.
Error: No access token provided. Please include a valid access token in your request.
    at C:\Users\amrut\Desktop\airticketbooking\back-end\src\presentation\middlewares\auth.middleware.ts:37:10
    at Generator.throw (<anonymous>)
    at rejected (C:\Users\amrut\Desktop\airticketbooking\back-end\src\presentation\middlewares\auth.middleware.ts:6:65)
    at processTicksAndRejections (node:internal/process/task_queues:105:5)
26-06-2026 14:27:20 [[32MINFO[39M]: GET /user/bookings/ca6a9d9d-9e30-49ea-9251-755d0bb0aeb2/seats-map 401 133 - 6.523 ms
26-06-2026 14:27:20 [[32MINFO[39M]: POST /auth/refresh-token 200 349 - 30.791 ms
26-06-2026 14:27:20 [[32MINFO[39M]: POST /auth/refresh-token 200 349 - 4.777 ms
26-06-2026 14:27:21 [[31MERROR[39M]: [/user/bookings/ca6a9d9d-9e30-49ea-9251-755d0bb0aeb2/seats-map] Booking session not found or expired: Booking session not found or expired
Error: Booking session not found or expired
    at GetBookingSeatsMapUseCase.<anonymous> (C:\Users\amrut\Desktop\airticketbooking\back-end\src\application\usecases\booking\getBooking-seatsMap.usecase.ts:44:13)
    at Generator.next (<anonymous>)
    at fulfilled (C:\Users\amrut\Desktop\airticketbooking\back-end\src\application\usecases\booking\getBooking-seatsMap.usecase.ts:17:58)
    at processTicksAndRejections (node:internal/process/task_queues:105:5)
26-06-2026 14:27:21 [[32MINFO[39M]: GET /user/bookings/ca6a9d9d-9e30-49ea-9251-755d0bb0aeb2/seats-map 404 91 - 676.738 ms
26-06-2026 14:27:21 [[31MERROR[39M]: [/user/bookings/ca6a9d9d-9e30-49ea-9251-755d0bb0aeb2/seats-map] Booking session not found or expired: Booking session not found or expired
Error: Booking session not found or expired
    at GetBookingSeatsMapUseCase.<anonymous> (C:\Users\amrut\Desktop\airticketbooking\back-end\src\application\usecases\booking\getBooking-seatsMap.usecase.ts:44:13)
    at Generator.next (<anonymous>)
    at fulfilled (C:\Users\amrut\Desktop\airticketbooking\back-end\src\application\usecases\booking\getBooking-seatsMap.usecase.ts:17:58)
    at processTicksAndRejections (node:internal/process/task_queues:105:5)
26-06-2026 14:27:21 [[32MINFO[39M]: GET /user/bookings/ca6a9d9d-9e30-49ea-9251-755d0bb0aeb2/seats-map 404 91 - 58.306 ms
26-06-2026 14:27:22 [[31MERROR[39M]: [/user/bookings/ca6a9d9d-9e30-49ea-9251-755d0bb0aeb2/segment] Booking session not found or expired: Booking session not found or expired
Error: Booking session not found or expired
    at GetBookingSegmentUseCase.<anonymous> (C:\Users\amrut\Desktop\airticketbooking\back-end\src\application\usecases\booking\getBooking-segment.usecase.ts:34:13)
    at Generator.next (<anonymous>)
    at fulfilled (C:\Users\amrut\Desktop\airticketbooking\back-end\src\application\usecases\booking\getBooking-segment.usecase.ts:17:58)
    at processTicksAndRejections (node:internal/process/task_queues:105:5)
26-06-2026 14:27:22 [[32MINFO[39M]: GET /user/bookings/ca6a9d9d-9e30-49ea-9251-755d0bb0aeb2/segment 404 91 - 92.273 ms
26-06-2026 14:27:22 [[31MERROR[39M]: [/user/bookings/ca6a9d9d-9e30-49ea-9251-755d0bb0aeb2/segment] Booking session not found or expired: Booking session not found or expired
Error: Booking session not found or expired
    at GetBookingSegmentUseCase.<anonymous> (C:\Users\amrut\Desktop\airticketbooking\back-end\src\application\usecases\booking\getBooking-segment.usecase.ts:34:13)
    at Generator.next (<anonymous>)
    at fulfilled (C:\Users\amrut\Desktop\airticketbooking\back-end\src\application\usecases\booking\getBooking-segment.usecase.ts:17:58)
    at processTicksAndRejections (node:internal/process/task_queues:105:5)
26-06-2026 14:27:22 [[32MINFO[39M]: GET /user/bookings/ca6a9d9d-9e30-49ea-9251-755d0bb0aeb2/segment 404 91 - 52.287 ms
26-06-2026 14:29:52 [[32MINFO[39M]: POST /auth/sign-in 200 758 - 340.324 ms
26-06-2026 14:29:55 [[32MINFO[39M]: GET /user/destinations/search?q=c 400 96 - 4.096 ms
26-06-2026 14:29:55 [[32MINFO[39M]: GET /user/destinations/search?q=co 304 - - 69.935 ms
26-06-2026 14:29:55 [[32MINFO[39M]: GET /user/destinations/search?q=cok 304 - - 57.176 ms
26-06-2026 14:29:58 [[32MINFO[39M]: GET /user/destinations/search?q=d 400 96 - 0.958 ms
26-06-2026 14:29:58 [[32MINFO[39M]: GET /user/destinations/search?q=dx 304 - - 57.225 ms
26-06-2026 14:29:58 [[32MINFO[39M]: GET /user/destinations/search?q=dxb 304 - - 55.636 ms
26-06-2026 14:30:04 [[32MINFO[39M]: GET /user/flights/search?from=COK&to=DXB&departureDate=2026-06-30&passengers=1&tripType=one-way&page=1&limit=6 304 - - 178.831 ms
26-06-2026 14:30:06 [[32MINFO[39M]: POST /user/bookings/segment 200 996 - 246.677 ms
26-06-2026 14:30:07 [[32MINFO[39M]: GET /user/bookings/1dd74918-94e8-4270-8e76-e6d1df7ff06a/segment 200 990 - 68.444 ms
26-06-2026 14:30:07 [[32MINFO[39M]: GET /user/bookings/1dd74918-94e8-4270-8e76-e6d1df7ff06a/segment 304 - - 58.628 ms
26-06-2026 14:30:10 [[32MINFO[39M]: GET /user/aircrafts/69edb8c0341960e915459eae/foods 304 - - 168.282 ms
26-06-2026 14:30:10 [[32MINFO[39M]: GET /user/bookings/1dd74918-94e8-4270-8e76-e6d1df7ff06a/seats-map 200 14890 - 246.003 ms
26-06-2026 14:30:10 [[32MINFO[39M]: GET /user/aircrafts/69edb8c0341960e915459eae/foods 304 - - 144.518 ms
26-06-2026 14:30:10 [[32MINFO[39M]: GET /user/bookings/1dd74918-94e8-4270-8e76-e6d1df7ff06a/seats-map 304 - - 204.922 ms
26-06-2026 14:30:33 [[32MINFO[39M]: POST /user/bookings/1dd74918-94e8-4270-8e76-e6d1df7ff06a/seat-lock 200 267 - 264.946 ms
26-06-2026 14:30:41 [[32MINFO[39M]: POST /user/bookings/1dd74918-94e8-4270-8e76-e6d1df7ff06a/details 200 1237 - 303.631 ms
26-06-2026 14:30:41 [[32MINFO[39M]: GET /user/bookings/1dd74918-94e8-4270-8e76-e6d1df7ff06a/summary 200 1997 - 88.428 ms
26-06-2026 14:30:41 [[32MINFO[39M]: GET /user/bookings/1dd74918-94e8-4270-8e76-e6d1df7ff06a/offers 200 90 - 148.468 ms
26-06-2026 14:30:41 [[32MINFO[39M]: GET /user/bookings/1dd74918-94e8-4270-8e76-e6d1df7ff06a/summary 304 - - 77.208 ms
26-06-2026 14:30:41 [[32MINFO[39M]: GET /user/bookings/1dd74918-94e8-4270-8e76-e6d1df7ff06a/offers 304 - - 145.945 ms
26-06-2026 14:34:32 [[32MINFO[39M]: POST /user/bookings/initiate 201 213 - 1463.449 ms
26-06-2026 14:36:25 [[32MINFO[39M]: GET /user/bookings/1dd74918-94e8-4270-8e76-e6d1df7ff06a/summary 304 - - 103.204 ms
26-06-2026 14:36:25 [[32MINFO[39M]: GET /user/bookings/1dd74918-94e8-4270-8e76-e6d1df7ff06a/offers 304 - - 131.366 ms
26-06-2026 14:36:25 [[32MINFO[39M]: GET /user/bookings/1dd74918-94e8-4270-8e76-e6d1df7ff06a/summary 304 - - 69.696 ms
26-06-2026 14:36:26 [[32MINFO[39M]: GET /user/bookings/1dd74918-94e8-4270-8e76-e6d1df7ff06a/offers 304 - - 107.618 ms
26-06-2026 14:36:36 [[32MINFO[39M]: POST /user/bookings/initiate 201 213 - 992.681 ms
26-06-2026 14:37:09 [[32MINFO[39M]: GET /user/bookings/1dd74918-94e8-4270-8e76-e6d1df7ff06a/summary 304 - - 61.080 ms
26-06-2026 14:37:09 [[32MINFO[39M]: GET /user/bookings/1dd74918-94e8-4270-8e76-e6d1df7ff06a/offers 304 - - 97.046 ms
26-06-2026 14:37:09 [[32MINFO[39M]: GET /user/bookings/1dd74918-94e8-4270-8e76-e6d1df7ff06a/summary 304 - - 59.292 ms
26-06-2026 14:37:09 [[32MINFO[39M]: GET /user/bookings/1dd74918-94e8-4270-8e76-e6d1df7ff06a/offers 304 - - 101.814 ms
26-06-2026 14:37:17 [[32MINFO[39M]: POST /user/bookings/initiate 201 213 - 893.091 ms
26-06-2026 14:44:11 [[31MERROR[39M]: [/user/profile] No access token provided. Please include a valid access token in your request.: No access token provided. Please include a valid access token in your request.
Error: No access token provided. Please include a valid access token in your request.
    at C:\Users\amrut\Desktop\airticketbooking\back-end\src\presentation\middlewares\auth.middleware.ts:37:10
    at Generator.throw (<anonymous>)
    at rejected (C:\Users\amrut\Desktop\airticketbooking\back-end\src\presentation\middlewares\auth.middleware.ts:6:65)
    at processTicksAndRejections (node:internal/process/task_queues:105:5)
26-06-2026 14:44:11 [[32MINFO[39M]: GET /user/profile 401 133 - 654.803 ms
26-06-2026 14:44:11 [[31MERROR[39M]: [/user/profile] No access token provided. Please include a valid access token in your request.: No access token provided. Please include a valid access token in your request.
Error: No access token provided. Please include a valid access token in your request.
    at C:\Users\amrut\Desktop\airticketbooking\back-end\src\presentation\middlewares\auth.middleware.ts:37:10
    at Generator.throw (<anonymous>)
    at rejected (C:\Users\amrut\Desktop\airticketbooking\back-end\src\presentation\middlewares\auth.middleware.ts:6:65)
    at processTicksAndRejections (node:internal/process/task_queues:105:5)
26-06-2026 14:44:11 [[32MINFO[39M]: GET /user/profile 401 133 - 7.432 ms
26-06-2026 14:44:11 [[32MINFO[39M]: POST /auth/refresh-token 200 349 - 23.856 ms
26-06-2026 14:44:11 [[32MINFO[39M]: POST /auth/refresh-token 200 349 - 12.053 ms
26-06-2026 14:44:12 [[32MINFO[39M]: GET /user/profile 304 - - 292.504 ms
26-06-2026 14:44:12 [[32MINFO[39M]: GET /user/profile 304 - - 206.178 ms
26-06-2026 14:44:15 [[32MINFO[39M]: GET /user/bookings/6a3e4144ee6d0e44a688d08b 200 1806 - 653.345 ms
26-06-2026 14:44:16 [[32MINFO[39M]: GET /user/bookings/6a3e4144ee6d0e44a688d08b 304 - - 430.904 ms
26-06-2026 14:48:26 [[32MINFO[39M]: GET /user/bookings?page=1&limit=4 200 5423 - 229.921 ms
26-06-2026 14:48:26 [[32MINFO[39M]: GET /user/bookings?page=1&limit=4 304 - - 116.864 ms
26-06-2026 14:48:46 [[32MINFO[39M]: GET /user/bookings/6a3e4144ee6d0e44a688d08b 304 - - 204.638 ms
26-06-2026 14:48:46 [[32MINFO[39M]: GET /user/bookings/6a3e4144ee6d0e44a688d08b 304 - - 237.907 ms
26-06-2026 14:48:52 [[32MINFO[39M]: GET /user/bookings?page=1&limit=4 304 - - 107.919 ms
26-06-2026 14:48:52 [[32MINFO[39M]: GET /user/bookings?page=1&limit=4 304 - - 100.193 ms
26-06-2026 14:49:05 [[32MINFO[39M]: GET /user/bookings?page=2&limit=4 200 7416 - 107.979 ms
26-06-2026 14:49:08 [[32MINFO[39M]: GET /user/bookings?page=3&limit=4 200 11651 - 110.575 ms
26-06-2026 14:49:10 [[32MINFO[39M]: GET /user/bookings?page=4&limit=4 200 8148 - 117.681 ms
26-06-2026 14:49:13 [[32MINFO[39M]: GET /user/bookings?page=5&limit=4 200 9655 - 113.910 ms
26-06-2026 14:49:16 [[32MINFO[39M]: GET /user/bookings?page=1&limit=4 304 - - 100.342 ms
26-06-2026 14:49:19 [[32MINFO[39M]: GET /user/bookings/6a3e4144ee6d0e44a688d08b 304 - - 198.888 ms
26-06-2026 14:49:19 [[32MINFO[39M]: GET /user/bookings/6a3e4144ee6d0e44a688d08b 304 - - 227.779 ms
26-06-2026 14:49:25 [[32MINFO[39M]: GET /user/bookings?page=1&limit=4 304 - - 97.375 ms
26-06-2026 14:49:25 [[32MINFO[39M]: GET /user/bookings?page=1&limit=4 304 - - 93.697 ms
26-06-2026 14:52:59 [[32MINFO[39M]: GET /user/bookings/6a38ddc57f1f7b1b31511691 200 1823 - 363.483 ms
26-06-2026 14:53:00 [[32MINFO[39M]: GET /user/bookings/6a38ddc57f1f7b1b31511691 304 - - 330.429 ms
26-06-2026 14:53:03 [[32MINFO[39M]: GET /user/bookings?page=1&limit=4 304 - - 181.256 ms
26-06-2026 14:53:03 [[32MINFO[39M]: GET /user/bookings?page=1&limit=4 304 - - 169.188 ms
26-06-2026 14:53:06 [[32MINFO[39M]: GET /user/bookings?page=2&limit=4 304 - - 116.662 ms
26-06-2026 14:53:10 [[32MINFO[39M]: GET /user/bookings/6a37dcd179e72c3477d8db94 200 1832 - 336.447 ms
26-06-2026 14:53:11 [[32MINFO[39M]: GET /user/bookings/6a37dcd179e72c3477d8db94 304 - - 323.477 ms
26-06-2026 14:53:18 [[32MINFO[39M]: GET /user/bookings?page=1&limit=4 304 - - 146.827 ms
26-06-2026 14:53:19 [[32MINFO[39M]: GET /user/bookings?page=1&limit=4 304 - - 153.528 ms
26-06-2026 14:53:27 [[32MINFO[39M]: GET /user/bookings?page=3&limit=4 304 - - 166.946 ms
26-06-2026 14:53:38 [[32MINFO[39M]: GET /user/bookings/6a2c1f93590358c327f4eebf 200 4058 - 342.414 ms
26-06-2026 14:53:38 [[32MINFO[39M]: GET /user/bookings/6a2c1f93590358c327f4eebf 304 - - 360.375 ms
26-06-2026 14:53:55 [[32MINFO[39M]: GET /user/bookings?page=1&limit=4 304 - - 172.157 ms
26-06-2026 14:53:55 [[32MINFO[39M]: GET /user/bookings?page=1&limit=4 304 - - 169.263 ms
26-06-2026 14:53:59 [[32MINFO[39M]: GET /user/bookings?page=2&limit=4 304 - - 167.304 ms
26-06-2026 14:58:19 [[31MERROR[39M]: [/user/profile] No access token provided. Please include a valid access token in your request.: No access token provided. Please include a valid access token in your request.
Error: No access token provided. Please include a valid access token in your request.
    at C:\Users\amrut\Desktop\airticketbooking\back-end\src\presentation\middlewares\auth.middleware.ts:37:10
    at Generator.throw (<anonymous>)
    at rejected (C:\Users\amrut\Desktop\airticketbooking\back-end\src\presentation\middlewares\auth.middleware.ts:6:65)
    at processTicksAndRejections (node:internal/process/task_queues:105:5)
26-06-2026 14:58:19 [[32MINFO[39M]: GET /user/profile 401 133 - 489.564 ms
26-06-2026 14:58:19 [[31MERROR[39M]: [/user/profile] No access token provided. Please include a valid access token in your request.: No access token provided. Please include a valid access token in your request.
Error: No access token provided. Please include a valid access token in your request.
    at C:\Users\amrut\Desktop\airticketbooking\back-end\src\presentation\middlewares\auth.middleware.ts:37:10
    at Generator.throw (<anonymous>)
    at rejected (C:\Users\amrut\Desktop\airticketbooking\back-end\src\presentation\middlewares\auth.middleware.ts:6:65)
    at processTicksAndRejections (node:internal/process/task_queues:105:5)
26-06-2026 14:58:19 [[32MINFO[39M]: GET /user/profile 401 133 - 12.150 ms
26-06-2026 14:58:20 [[32MINFO[39M]: POST /auth/refresh-token 200 349 - 97.631 ms
26-06-2026 14:58:20 [[32MINFO[39M]: POST /auth/refresh-token 200 349 - 9.377 ms
26-06-2026 14:58:20 [[32MINFO[39M]: GET /user/profile 304 - - 746.717 ms
26-06-2026 14:58:21 [[32MINFO[39M]: GET /user/profile 304 - - 125.058 ms
26-06-2026 14:58:21 [[32MINFO[39M]: GET /user/bookings?page=1&limit=4 304 - - 210.884 ms
26-06-2026 14:58:21 [[32MINFO[39M]: GET /user/bookings?page=1&limit=4 304 - - 108.888 ms
26-06-2026 15:21:56 [[31MERROR[39M]: [/user/profile] No access token provided. Please include a valid access token in your request.: No access token provided. Please include a valid access token in your request.
Error: No access token provided. Please include a valid access token in your request.
    at C:\Users\amrut\Desktop\airticketbooking\back-end\src\presentation\middlewares\auth.middleware.ts:37:10
    at Generator.throw (<anonymous>)
    at rejected (C:\Users\amrut\Desktop\airticketbooking\back-end\src\presentation\middlewares\auth.middleware.ts:6:65)
    at processTicksAndRejections (node:internal/process/task_queues:105:5)
26-06-2026 15:21:56 [[32MINFO[39M]: GET /user/profile 401 133 - 165.037 ms
26-06-2026 15:21:56 [[31MERROR[39M]: [/user/profile] No access token provided. Please include a valid access token in your request.: No access token provided. Please include a valid access token in your request.
Error: No access token provided. Please include a valid access token in your request.
    at C:\Users\amrut\Desktop\airticketbooking\back-end\src\presentation\middlewares\auth.middleware.ts:37:10
    at Generator.throw (<anonymous>)
    at rejected (C:\Users\amrut\Desktop\airticketbooking\back-end\src\presentation\middlewares\auth.middleware.ts:6:65)
    at processTicksAndRejections (node:internal/process/task_queues:105:5)
26-06-2026 15:21:56 [[32MINFO[39M]: GET /user/profile 401 133 - 110.836 ms
26-06-2026 15:21:57 [[32MINFO[39M]: POST /auth/refresh-token 200 349 - 26.715 ms
26-06-2026 15:21:57 [[32MINFO[39M]: POST /auth/refresh-token 200 349 - 5.295 ms
26-06-2026 15:21:58 [[32MINFO[39M]: GET /user/profile 304 - - 841.350 ms
26-06-2026 15:21:59 [[32MINFO[39M]: GET /user/profile 304 - - 117.634 ms
26-06-2026 15:21:59 [[32MINFO[39M]: GET /user/bookings?page=1&limit=4 200 5425 - 193.455 ms
26-06-2026 15:21:59 [[32MINFO[39M]: GET /user/bookings?page=1&limit=4 304 - - 128.747 ms
26-06-2026 15:25:02 [[32MINFO[39M]: GET /user/bookings/6a3e4144ee6d0e44a688d08b 200 1808 - 314.911 ms
26-06-2026 15:25:02 [[32MINFO[39M]: GET /user/bookings/6a3e4144ee6d0e44a688d08b 304 - - 215.231 ms
26-06-2026 15:28:29 [[32MINFO[39M]: GET /user/bookings?page=1&limit=4 200 5429 - 360.969 ms
26-06-2026 15:28:29 [[32MINFO[39M]: GET /user/bookings?page=1&limit=4 304 - - 106.347 ms
26-06-2026 15:28:39 [[32MINFO[39M]: GET /user/bookings/6a3e4144ee6d0e44a688d08b 304 - - 204.141 ms
26-06-2026 15:28:39 [[32MINFO[39M]: GET /user/bookings/6a3e4144ee6d0e44a688d08b 304 - - 185.538 ms
26-06-2026 15:28:51 [[32MINFO[39M]: GET /user/bookings?page=1&limit=4 304 - - 99.469 ms
26-06-2026 15:28:51 [[32MINFO[39M]: GET /user/bookings?page=1&limit=4 304 - - 99.977 ms
26-06-2026 15:29:02 [[32MINFO[39M]: GET /user/bookings?page=1&limit=4 304 - - 101.900 ms
26-06-2026 15:29:03 [[32MINFO[39M]: GET /user/bookings?page=1&limit=4 304 - - 103.380 ms
26-06-2026 15:29:06 [[32MINFO[39M]: GET /user/bookings/6a3e4144ee6d0e44a688d08b 304 - - 193.991 ms
26-06-2026 15:29:06 [[32MINFO[39M]: GET /user/bookings/6a3e4144ee6d0e44a688d08b 304 - - 202.534 ms
26-06-2026 15:29:18 [[32MINFO[39M]: GET /user/wallet 304 - - 158.290 ms
26-06-2026 15:29:18 [[32MINFO[39M]: GET /user/wallet 304 - - 95.118 ms
26-06-2026 15:31:12 [[32MINFO[39M]: GET /user/wallet 304 - - 274.414 ms
26-06-2026 15:31:12 [[32MINFO[39M]: GET /user/wallet 304 - - 93.163 ms
26-06-2026 15:35:10 [[31MERROR[39M]: [/user/profile] No access token provided. Please include a valid access token in your request.: No access token provided. Please include a valid access token in your request.
Error: No access token provided. Please include a valid access token in your request.
    at C:\Users\amrut\Desktop\airticketbooking\back-end\src\presentation\middlewares\auth.middleware.ts:37:10
    at Generator.throw (<anonymous>)
    at rejected (C:\Users\amrut\Desktop\airticketbooking\back-end\src\presentation\middlewares\auth.middleware.ts:6:65)
    at processTicksAndRejections (node:internal/process/task_queues:105:5)
26-06-2026 15:35:10 [[32MINFO[39M]: GET /user/profile 401 133 - 76.949 ms
26-06-2026 15:35:10 [[31MERROR[39M]: [/user/profile] No access token provided. Please include a valid access token in your request.: No access token provided. Please include a valid access token in your request.
Error: No access token provided. Please include a valid access token in your request.
    at C:\Users\amrut\Desktop\airticketbooking\back-end\src\presentation\middlewares\auth.middleware.ts:37:10
    at Generator.throw (<anonymous>)
    at rejected (C:\Users\amrut\Desktop\airticketbooking\back-end\src\presentation\middlewares\auth.middleware.ts:6:65)
    at processTicksAndRejections (node:internal/process/task_queues:105:5)
26-06-2026 15:35:10 [[32MINFO[39M]: GET /user/profile 401 133 - 6.049 ms
26-06-2026 15:35:10 [[32MINFO[39M]: POST /auth/refresh-token 200 349 - 47.327 ms
26-06-2026 15:35:10 [[32MINFO[39M]: POST /auth/refresh-token 200 349 - 5.402 ms
26-06-2026 15:35:10 [[32MINFO[39M]: GET /user/profile 304 - - 133.548 ms
26-06-2026 15:35:11 [[32MINFO[39M]: GET /user/profile 304 - - 106.568 ms
26-06-2026 15:39:57 [[32MINFO[39M]: GET /user/bookings?page=1&limit=4 304 - - 401.489 ms
26-06-2026 15:39:57 [[32MINFO[39M]: GET /user/bookings?page=1&limit=4 304 - - 105.224 ms
26-06-2026 15:40:21 [[32MINFO[39M]: GET /user/wallet 304 - - 144.565 ms
26-06-2026 15:40:21 [[32MINFO[39M]: GET /user/wallet 304 - - 146.542 ms
26-06-2026 15:42:04 [[32MINFO[39M]: GET /user/bookings?page=1&limit=4 304 - - 136.884 ms
26-06-2026 15:42:04 [[32MINFO[39M]: GET /user/bookings?page=1&limit=4 304 - - 100.146 ms
26-06-2026 15:44:00 [[32MINFO[39M]: GET /user/bookings?page=1&limit=4 304 - - 806.402 ms
26-06-2026 15:44:00 [[32MINFO[39M]: GET /user/bookings?page=1&limit=4 304 - - 145.737 ms
26-06-2026 15:44:03 [[32MINFO[39M]: GET /user/wallet 304 - - 109.722 ms
26-06-2026 15:44:03 [[32MINFO[39M]: GET /user/wallet 304 - - 105.171 ms
26-06-2026 15:44:20 [[32MINFO[39M]: POST /auth/sign-out/ 200 137 - 34.237 ms
26-06-2026 15:44:21 [[31MERROR[39M]: [/user/profile] The authentication header is missing. Please include the Authorization header with a valid token.: The authentication header is missing. Please include the Authorization header with a valid token.
Error: The authentication header is missing. Please include the Authorization header with a valid token.
    at C:\Users\amrut\Desktop\airticketbooking\back-end\src\presentation\middlewares\auth.middleware.ts:15:10
    at Generator.next (<anonymous>)
    at C:\Users\amrut\Desktop\airticketbooking\back-end\src\presentation\middlewares\auth.middleware.ts:8:71
    at new Promise (<anonymous>)
    at __awaiter (C:\Users\amrut\Desktop\airticketbooking\back-end\src\presentation\middlewares\auth.middleware.ts:4:12)
    at authenticate (C:\Users\amrut\Desktop\airticketbooking\back-end\src\presentation\middlewares\auth.middleware.ts:12:5)
    at Layer.handleRequest (C:\Users\amrut\Desktop\airticketbooking\back-end\node_modules\router\lib\layer.js:152:17)
    at next (C:\Users\amrut\Desktop\airticketbooking\back-end\node_modules\router\lib\route.js:157:13)
    at Route.dispatch (C:\Users\amrut\Desktop\airticketbooking\back-end\node_modules\router\lib\route.js:117:3)
    at handle (C:\Users\amrut\Desktop\airticketbooking\back-end\node_modules\router\index.js:435:11)
26-06-2026 15:44:21 [[32MINFO[39M]: GET /user/profile 401 152 - 99.847 ms
26-06-2026 15:44:21 [[31MERROR[39M]: [/auth/refresh-token] Refresh token is missing. Please ensure you provide a valid refresh token.: Refresh token is missing. Please ensure you provide a valid refresh token.
Error: Refresh token is missing. Please ensure you provide a valid refresh token.
    at TokenUseCase.<anonymous> (C:\Users\amrut\Desktop\airticketbooking\back-end\src\application\usecases\auth\token.usecase.ts:34:13)
    at Generator.next (<anonymous>)
    at C:\Users\amrut\Desktop\airticketbooking\back-end\src\application\usecases\auth\token.usecase.ts:20:71
    at new Promise (<anonymous>)
    at __awaiter (C:\Users\amrut\Desktop\airticketbooking\back-end\src\application\usecases\auth\token.usecase.ts:16:12)
    at TokenUseCase.refreshAccessToken (C:\Users\amrut\Desktop\airticketbooking\back-end\src\application\usecases\auth\token.usecase.ts:47:16)
    at RefreshAccessTokenController.<anonymous> (C:\Users\amrut\Desktop\airticketbooking\back-end\src\presentation\controllers\auth\refresh-access-token.controller.ts:18:53)
    at Generator.next (<anonymous>)
    at C:\Users\amrut\Desktop\airticketbooking\back-end\src\presentation\controllers\auth\refresh-access-token.controller.ts:20:71
    at new Promise (<anonymous>)
26-06-2026 15:44:21 [[32MINFO[39M]: POST /auth/refresh-token 403 129 - 83.513 ms
26-06-2026 15:44:32 [[32MINFO[39M]: POST /auth/sign-in 200 1360 - 487.223 ms
26-06-2026 15:44:35 [[32MINFO[39M]: GET /provider/aircrafts?page=1&limit=4 304 - - 694.433 ms
26-06-2026 15:44:35 [[32MINFO[39M]: GET /provider/aircrafts?page=1&limit=4 304 - - 206.137 ms
26-06-2026 15:44:36 [[32MINFO[39M]: GET /provider/aircrafts?page=1&limit=3 304 - - 191.379 ms
26-06-2026 15:44:36 [[32MINFO[39M]: GET /provider/aircrafts?page=1&limit=3 304 - - 186.807 ms
26-06-2026 15:44:56 [[32MINFO[39M]: GET /provider/flights?page=1&limit=4 304 - - 436.049 ms
26-06-2026 15:44:56 [[32MINFO[39M]: GET /provider/flights?page=1&limit=4 304 - - 258.640 ms
26-06-2026 15:44:58 [[32MINFO[39M]: GET /provider/foods?page=1&limit=3 304 - - 136.531 ms
26-06-2026 15:44:58 [[32MINFO[39M]: GET /provider/foods?page=1&limit=3 304 - - 153.421 ms
26-06-2026 15:44:59 [[32MINFO[39M]: GET /provider/offers?page=1&limit=4 304 - - 137.094 ms
26-06-2026 15:44:59 [[32MINFO[39M]: GET /provider/offers?page=1&limit=4 304 - - 102.177 ms
26-06-2026 15:45:01 [[32MINFO[39M]: GET /provider/bookings?page=1&limit=10 304 - - 134.051 ms
26-06-2026 15:45:01 [[32MINFO[39M]: GET /provider/bookings?page=1&limit=10 304 - - 118.581 ms
26-06-2026 15:45:03 [[32MINFO[39M]: GET /provider/wallet 304 - - 112.061 ms
26-06-2026 15:45:03 [[32MINFO[39M]: GET /provider/wallet 304 - - 92.237 ms
26-06-2026 15:45:19 [[32MINFO[39M]: POST /auth/sign-out/ 200 137 - 1.025 ms
26-06-2026 15:45:19 [[32MINFO[39M]: GET /provider/profile 304 - - 115.003 ms
26-06-2026 15:45:35 [[32MINFO[39M]: POST /auth/sign-in 200 522 - 252.441 ms
26-06-2026 15:45:35 [[32MINFO[39M]: GET /admin/dashboard 304 - - 480.517 ms
26-06-2026 15:45:35 [[32MINFO[39M]: GET /admin/dashboard 304 - - 53.486 ms
26-06-2026 15:46:24 [[32MINFO[39M]: GET /admin/providers/pending 304 - - 344.442 ms
26-06-2026 15:46:24 [[32MINFO[39M]: GET /admin/providers/pending 304 - - 142.077 ms
26-06-2026 15:46:26 [[32MINFO[39M]: GET /admin/flights/pending-approval 304 - - 56.695 ms
26-06-2026 15:46:26 [[32MINFO[39M]: GET /admin/flights/pending-approval 304 - - 48.607 ms
26-06-2026 15:46:28 [[32MINFO[39M]: GET /admin/flights?page=1&limit=4 304 - - 140.997 ms
26-06-2026 15:46:28 [[32MINFO[39M]: GET /admin/flights?page=1&limit=4 304 - - 108.851 ms
26-06-2026 15:46:30 [[32MINFO[39M]: GET /admin/providers?page=1&limit=3 304 - - 225.064 ms
26-06-2026 15:46:30 [[32MINFO[39M]: GET /admin/providers?page=1&limit=3 304 - - 93.207 ms
26-06-2026 15:46:31 [[32MINFO[39M]: GET /admin/users?page=1&limit=3 304 - - 126.916 ms
26-06-2026 15:46:31 [[32MINFO[39M]: GET /admin/users?page=1&limit=3 304 - - 93.270 ms
26-06-2026 15:46:35 [[32MINFO[39M]: GET /admin/wallet 304 - - 63.013 ms
26-06-2026 15:46:35 [[32MINFO[39M]: GET /admin/wallet 304 - - 48.944 ms
26-06-2026 15:46:41 [[32MINFO[39M]: GET /admin/dashboard 304 - - 54.180 ms
26-06-2026 15:46:41 [[32MINFO[39M]: GET /admin/dashboard 304 - - 66.731 ms
26-06-2026 16:01:22 [[31MERROR[39M]: [/admin/providers/pending] No access token provided. Please include a valid access token in your request.: No access token provided. Please include a valid access token in your request.
Error: No access token provided. Please include a valid access token in your request.
    at C:\Users\amrut\Desktop\airticketbooking\back-end\src\presentation\middlewares\admin.middleware.ts:28:10
    at Generator.throw (<anonymous>)
    at rejected (C:\Users\amrut\Desktop\airticketbooking\back-end\src\presentation\middlewares\admin.middleware.ts:6:65)
    at processTicksAndRejections (node:internal/process/task_queues:105:5)
26-06-2026 16:01:22 [[32MINFO[39M]: GET /admin/providers/pending 401 133 - 367.195 ms
26-06-2026 16:01:22 [[31MERROR[39M]: [/admin/providers/pending] No access token provided. Please include a valid access token in your request.: No access token provided. Please include a valid access token in your request.
Error: No access token provided. Please include a valid access token in your request.
    at C:\Users\amrut\Desktop\airticketbooking\back-end\src\presentation\middlewares\admin.middleware.ts:28:10
    at Generator.throw (<anonymous>)
    at rejected (C:\Users\amrut\Desktop\airticketbooking\back-end\src\presentation\middlewares\admin.middleware.ts:6:65)
    at processTicksAndRejections (node:internal/process/task_queues:105:5)
26-06-2026 16:01:22 [[32MINFO[39M]: GET /admin/providers/pending 401 133 - 10.313 ms
26-06-2026 16:01:22 [[32MINFO[39M]: POST /auth/refresh-token 200 351 - 56.675 ms
26-06-2026 16:01:22 [[32MINFO[39M]: POST /auth/refresh-token 200 351 - 16.093 ms
26-06-2026 16:01:23 [[32MINFO[39M]: GET /admin/providers/pending 304 - - 575.864 ms
26-06-2026 16:01:23 [[32MINFO[39M]: GET /admin/providers/pending 304 - - 51.267 ms
26-06-2026 16:02:42 [[32MINFO[39M]: POST /auth/sign-in 200 522 - 342.996 ms
26-06-2026 16:02:43 [[32MINFO[39M]: GET /admin/dashboard 304 - - 497.370 ms
26-06-2026 16:02:43 [[32MINFO[39M]: GET /admin/dashboard 304 - - 376.247 ms
26-06-2026 16:03:34 [[32MINFO[39M]: GET /admin/providers/pending 304 - - 246.092 ms
26-06-2026 16:03:34 [[32MINFO[39M]: GET /admin/providers/pending 304 - - 59.556 ms
26-06-2026 16:03:49 [[31MERROR[39M]: [/auth/sign-in] The password you entered is incorrect. Please try again.: The password you entered is incorrect. Please try again.
Error: The password you entered is incorrect. Please try again.
    at SignInUseCase.<anonymous> (C:\Users\amrut\Desktop\airticketbooking\back-end\src\application\usecases\auth\signin-user.usecases.ts:71:33)
    at Generator.next (<anonymous>)
    at fulfilled (C:\Users\amrut\Desktop\airticketbooking\back-end\src\application\usecases\auth\signin-user.usecases.ts:17:58)
26-06-2026 16:03:49 [[32MINFO[39M]: POST /auth/sign-in 400 111 - 348.707 ms
26-06-2026 16:03:57 [[32MINFO[39M]: POST /auth/sign-in 200 522 - 227.893 ms
26-06-2026 16:03:57 [[32MINFO[39M]: GET /admin/dashboard 304 - - 301.821 ms
26-06-2026 16:03:57 [[32MINFO[39M]: GET /admin/dashboard 304 - - 53.028 ms
26-06-2026 16:04:33 [[32MINFO[39M]: GET /admin/providers/pending 304 - - 124.074 ms
26-06-2026 16:04:33 [[32MINFO[39M]: GET /admin/providers/pending 304 - - 51.059 ms
26-06-2026 16:11:42 [[32MINFO[39M]: GET /admin/flights/pending-approval 304 - - 195.142 ms
26-06-2026 16:11:42 [[32MINFO[39M]: GET /admin/flights/pending-approval 304 - - 59.558 ms
26-06-2026 16:13:48 [[32MINFO[39M]: GET /admin/flights?page=1&limit=4 304 - - 282.796 ms
26-06-2026 16:13:48 [[32MINFO[39M]: GET /admin/flights?page=1&limit=4 304 - - 101.337 ms
26-06-2026 16:14:33 [[31MERROR[39M]: [/admin/providers/pending] No access token provided. Please include a valid access token in your request.: No access token provided. Please include a valid access token in your request.
Error: No access token provided. Please include a valid access token in your request.
    at C:\Users\amrut\Desktop\airticketbooking\back-end\src\presentation\middlewares\admin.middleware.ts:28:10
    at Generator.throw (<anonymous>)
    at rejected (C:\Users\amrut\Desktop\airticketbooking\back-end\src\presentation\middlewares\admin.middleware.ts:6:65)
    at processTicksAndRejections (node:internal/process/task_queues:105:5)
26-06-2026 16:14:33 [[32MINFO[39M]: GET /admin/providers/pending 401 133 - 46.657 ms
26-06-2026 16:14:33 [[31MERROR[39M]: [/admin/providers/pending] No access token provided. Please include a valid access token in your request.: No access token provided. Please include a valid access token in your request.
Error: No access token provided. Please include a valid access token in your request.
    at C:\Users\amrut\Desktop\airticketbooking\back-end\src\presentation\middlewares\admin.middleware.ts:28:10
    at Generator.throw (<anonymous>)
    at rejected (C:\Users\amrut\Desktop\airticketbooking\back-end\src\presentation\middlewares\admin.middleware.ts:6:65)
    at processTicksAndRejections (node:internal/process/task_queues:105:5)
26-06-2026 16:14:33 [[32MINFO[39M]: GET /admin/providers/pending 401 133 - 5.338 ms
26-06-2026 16:14:33 [[32MINFO[39M]: POST /auth/refresh-token 200 351 - 39.285 ms
26-06-2026 16:14:33 [[32MINFO[39M]: POST /auth/refresh-token 200 351 - 6.983 ms
26-06-2026 16:14:34 [[32MINFO[39M]: GET /admin/providers/pending 304 - - 78.054 ms
26-06-2026 16:14:34 [[32MINFO[39M]: GET /admin/providers/pending 304 - - 65.614 ms
26-06-2026 16:14:52 [[32MINFO[39M]: POST /auth/sign-in 200 522 - 294.713 ms
26-06-2026 16:14:52 [[32MINFO[39M]: GET /admin/dashboard 304 - - 66.941 ms
26-06-2026 16:14:52 [[32MINFO[39M]: GET /admin/dashboard 304 - - 62.578 ms
26-06-2026 16:14:54 [[32MINFO[39M]: GET /admin/flights?page=1&limit=4 304 - - 182.370 ms
26-06-2026 16:14:55 [[32MINFO[39M]: GET /admin/flights?page=1&limit=4 304 - - 115.459 ms
26-06-2026 16:17:39 [[32MINFO[39M]: GET /admin/providers?page=1&limit=3 304 - - 151.079 ms
26-06-2026 16:17:40 [[32MINFO[39M]: GET /admin/providers?page=1&limit=3 304 - - 105.673 ms
26-06-2026 16:17:41 [[32MINFO[39M]: GET /admin/users?page=1&limit=3 304 - - 109.439 ms
26-06-2026 16:17:41 [[32MINFO[39M]: GET /admin/users?page=1&limit=3 304 - - 96.598 ms
26-06-2026 16:17:44 [[32MINFO[39M]: GET /admin/dashboard 304 - - 62.950 ms
26-06-2026 16:17:44 [[32MINFO[39M]: GET /admin/dashboard 304 - - 55.985 ms
26-06-2026 16:17:47 [[32MINFO[39M]: GET /admin/wallet 304 - - 61.261 ms
26-06-2026 16:17:47 [[32MINFO[39M]: GET /admin/wallet 304 - - 54.866 ms
26-06-2026 16:18:40 [[32MINFO[39M]: GET /admin/flights/pending-approval 304 - - 73.682 ms
26-06-2026 16:18:40 [[32MINFO[39M]: GET /admin/flights/pending-approval 304 - - 55.772 ms
26-06-2026 16:18:43 [[32MINFO[39M]: GET /admin/flights?page=1&limit=4 304 - - 107.768 ms
26-06-2026 16:18:43 [[32MINFO[39M]: GET /admin/flights?page=1&limit=4 304 - - 129.312 ms
26-06-2026 16:18:45 [[32MINFO[39M]: GET /admin/providers?page=1&limit=3 304 - - 99.983 ms
26-06-2026 16:18:45 [[32MINFO[39M]: GET /admin/providers?page=1&limit=3 304 - - 109.419 ms
26-06-2026 16:18:47 [[32MINFO[39M]: GET /admin/wallet 304 - - 54.182 ms
26-06-2026 16:18:47 [[32MINFO[39M]: GET /admin/wallet 304 - - 47.858 ms
26-06-2026 16:18:50 [[32MINFO[39M]: GET /admin/dashboard 304 - - 56.070 ms
26-06-2026 16:18:50 [[32MINFO[39M]: GET /admin/dashboard 304 - - 52.093 ms
26-06-2026 16:18:54 [[32MINFO[39M]: POST /auth/sign-out/ 200 137 - 4.006 ms
26-06-2026 16:18:55 [[32MINFO[39M]: GET /admin/providers/pending 304 - - 69.246 ms
26-06-2026 16:21:54 [[32MINFO[39M]: POST /auth/google/ 200 533 - 799.247 ms
26-06-2026 18:25:19 [[32MINFO[39M]: POST /auth/google/ 200 663 - 840.575 ms
26-06-2026 18:26:18 [[32MINFO[39M]: GET /user/profile 200 435 - 150.214 ms
26-06-2026 18:26:18 [[32MINFO[39M]: GET /user/profile 304 - - 100.564 ms
26-06-2026 18:26:56 [[32MINFO[39M]: GET /user/bookings?page=1&limit=4 200 137 - 257.260 ms
26-06-2026 18:26:56 [[32MINFO[39M]: GET /user/bookings?page=1&limit=4 304 - - 110.864 ms
26-06-2026 18:27:05 [[32MINFO[39M]: GET /user/bookings?page=1&limit=4 304 - - 207.360 ms
26-06-2026 18:27:05 [[32MINFO[39M]: GET /user/bookings?page=1&limit=4 304 - - 141.658 ms
26-06-2026 18:34:30 [[32MINFO[39M]: POST /auth/sign-out/ 200 137 - 125.995 ms
26-06-2026 18:34:30 [[31MERROR[39M]: [/user/profile] The authentication header is missing. Please include the Authorization header with a valid token.: The authentication header is missing. Please include the Authorization header with a valid token.
Error: The authentication header is missing. Please include the Authorization header with a valid token.
    at C:\Users\amrut\Desktop\airticketbooking\back-end\src\presentation\middlewares\auth.middleware.ts:15:10
    at Generator.next (<anonymous>)
    at C:\Users\amrut\Desktop\airticketbooking\back-end\src\presentation\middlewares\auth.middleware.ts:8:71
    at new Promise (<anonymous>)
    at __awaiter (C:\Users\amrut\Desktop\airticketbooking\back-end\src\presentation\middlewares\auth.middleware.ts:4:12)
    at authenticate (C:\Users\amrut\Desktop\airticketbooking\back-end\src\presentation\middlewares\auth.middleware.ts:12:5)
    at Layer.handleRequest (C:\Users\amrut\Desktop\airticketbooking\back-end\node_modules\router\lib\layer.js:152:17)
    at next (C:\Users\amrut\Desktop\airticketbooking\back-end\node_modules\router\lib\route.js:157:13)
    at Route.dispatch (C:\Users\amrut\Desktop\airticketbooking\back-end\node_modules\router\lib\route.js:117:3)
    at handle (C:\Users\amrut\Desktop\airticketbooking\back-end\node_modules\router\index.js:435:11)
26-06-2026 18:34:30 [[32MINFO[39M]: GET /user/profile 401 152 - 185.623 ms
26-06-2026 18:34:30 [[31MERROR[39M]: [/auth/refresh-token] Refresh token is missing. Please ensure you provide a valid refresh token.: Refresh token is missing. Please ensure you provide a valid refresh token.
Error: Refresh token is missing. Please ensure you provide a valid refresh token.
    at TokenUseCase.<anonymous> (C:\Users\amrut\Desktop\airticketbooking\back-end\src\application\usecases\auth\token.usecase.ts:34:13)
    at Generator.next (<anonymous>)
    at C:\Users\amrut\Desktop\airticketbooking\back-end\src\application\usecases\auth\token.usecase.ts:20:71
    at new Promise (<anonymous>)
    at __awaiter (C:\Users\amrut\Desktop\airticketbooking\back-end\src\application\usecases\auth\token.usecase.ts:16:12)
    at TokenUseCase.refreshAccessToken (C:\Users\amrut\Desktop\airticketbooking\back-end\src\application\usecases\auth\token.usecase.ts:47:16)
    at RefreshAccessTokenController.<anonymous> (C:\Users\amrut\Desktop\airticketbooking\back-end\src\presentation\controllers\auth\refresh-access-token.controller.ts:18:53)
    at Generator.next (<anonymous>)
    at C:\Users\amrut\Desktop\airticketbooking\back-end\src\presentation\controllers\auth\refresh-access-token.controller.ts:20:71
    at new Promise (<anonymous>)
26-06-2026 18:34:30 [[32MINFO[39M]: POST /auth/refresh-token 403 129 - 49.053 ms
26-06-2026 18:34:40 [[32MINFO[39M]: POST /auth/google/ 200 663 - 265.296 ms
26-06-2026 18:35:45 [[32MINFO[39M]: POST /auth/google/ 200 663 - 132.802 ms
26-06-2026 19:08:09 [[32MINFO[39M]: POST /auth/google/ 200 663 - 1710.094 ms
26-06-2026 19:08:22 [[32MINFO[39M]: POST /auth/sign-out/ 200 137 - 1.838 ms
26-06-2026 19:08:22 [[31MERROR[39M]: [/user/profile] The authentication header is missing. Please include the Authorization header with a valid token.: The authentication header is missing. Please include the Authorization header with a valid token.
Error: The authentication header is missing. Please include the Authorization header with a valid token.
    at C:\Users\amrut\Desktop\airticketbooking\back-end\src\presentation\middlewares\auth.middleware.ts:15:10
    at Generator.next (<anonymous>)
    at C:\Users\amrut\Desktop\airticketbooking\back-end\src\presentation\middlewares\auth.middleware.ts:8:71
    at new Promise (<anonymous>)
    at __awaiter (C:\Users\amrut\Desktop\airticketbooking\back-end\src\presentation\middlewares\auth.middleware.ts:4:12)
    at authenticate (C:\Users\amrut\Desktop\airticketbooking\back-end\src\presentation\middlewares\auth.middleware.ts:12:5)
    at Layer.handleRequest (C:\Users\amrut\Desktop\airticketbooking\back-end\node_modules\router\lib\layer.js:152:17)
    at next (C:\Users\amrut\Desktop\airticketbooking\back-end\node_modules\router\lib\route.js:157:13)
    at Route.dispatch (C:\Users\amrut\Desktop\airticketbooking\back-end\node_modules\router\lib\route.js:117:3)
    at handle (C:\Users\amrut\Desktop\airticketbooking\back-end\node_modules\router\index.js:435:11)
26-06-2026 19:08:22 [[32MINFO[39M]: GET /user/profile 401 152 - 74.137 ms
26-06-2026 19:08:22 [[31MERROR[39M]: [/auth/refresh-token] Refresh token is missing. Please ensure you provide a valid refresh token.: Refresh token is missing. Please ensure you provide a valid refresh token.
Error: Refresh token is missing. Please ensure you provide a valid refresh token.
    at TokenUseCase.<anonymous> (C:\Users\amrut\Desktop\airticketbooking\back-end\src\application\usecases\auth\token.usecase.ts:34:13)
    at Generator.next (<anonymous>)
    at C:\Users\amrut\Desktop\airticketbooking\back-end\src\application\usecases\auth\token.usecase.ts:20:71
    at new Promise (<anonymous>)
    at __awaiter (C:\Users\amrut\Desktop\airticketbooking\back-end\src\application\usecases\auth\token.usecase.ts:16:12)
    at TokenUseCase.refreshAccessToken (C:\Users\amrut\Desktop\airticketbooking\back-end\src\application\usecases\auth\token.usecase.ts:47:16)
    at RefreshAccessTokenController.<anonymous> (C:\Users\amrut\Desktop\airticketbooking\back-end\src\presentation\controllers\auth\refresh-access-token.controller.ts:18:53)
    at Generator.next (<anonymous>)
    at C:\Users\amrut\Desktop\airticketbooking\back-end\src\presentation\controllers\auth\refresh-access-token.controller.ts:20:71
    at new Promise (<anonymous>)
26-06-2026 19:08:22 [[32MINFO[39M]: POST /auth/refresh-token 403 129 - 8.035 ms
26-06-2026 19:08:38 [[32MINFO[39M]: POST /auth/google/ 200 663 - 137.568 ms
26-06-2026 19:08:46 [[32MINFO[39M]: GET /user/destinations/search?q=c 400 96 - 3.209 ms
26-06-2026 19:08:47 [[32MINFO[39M]: GET /user/destinations/search?q=co 304 - - 108.616 ms
26-06-2026 19:08:47 [[32MINFO[39M]: GET /user/destinations/search?q=cok 304 - - 61.181 ms
26-06-2026 19:08:49 [[32MINFO[39M]: GET /user/destinations/search?q=d 400 96 - 2.189 ms
26-06-2026 19:08:50 [[32MINFO[39M]: GET /user/destinations/search?q=dx 304 - - 63.020 ms
26-06-2026 19:08:50 [[32MINFO[39M]: GET /user/destinations/search?q=dxb 304 - - 59.483 ms
26-06-2026 19:08:56 [[32MINFO[39M]: GET /user/flights/search?from=COK&to=DXB&departureDate=2026-06-30&passengers=1&tripType=one-way&page=1&limit=6 304 - - 188.729 ms
26-06-2026 19:08:59 [[32MINFO[39M]: POST /user/bookings/segment 200 993 - 376.138 ms
26-06-2026 19:09:00 [[32MINFO[39M]: GET /user/bookings/32a6c386-05d7-4eb7-8298-6c6180b717ac/segment 200 987 - 185.541 ms
26-06-2026 19:09:00 [[32MINFO[39M]: GET /user/bookings/32a6c386-05d7-4eb7-8298-6c6180b717ac/segment 304 - - 78.223 ms
26-06-2026 19:09:02 [[32MINFO[39M]: GET /user/aircrafts/6a280d5e474123ddc469397c/foods 200 599 - 190.516 ms
26-06-2026 19:09:03 [[32MINFO[39M]: GET /user/aircrafts/6a280d5e474123ddc469397c/foods 304 - - 148.391 ms
26-06-2026 19:09:03 [[32MINFO[39M]: GET /user/bookings/32a6c386-05d7-4eb7-8298-6c6180b717ac/seats-map 200 53696 - 361.689 ms
26-06-2026 19:09:03 [[32MINFO[39M]: GET /user/bookings/32a6c386-05d7-4eb7-8298-6c6180b717ac/seats-map 304 - - 265.318 ms
26-06-2026 19:09:09 [[32MINFO[39M]: POST /user/bookings/32a6c386-05d7-4eb7-8298-6c6180b717ac/seat-lock 200 267 - 269.220 ms
26-06-2026 19:09:51 [[32MINFO[39M]: POST /user/bookings/32a6c386-05d7-4eb7-8298-6c6180b717ac/details 200 1270 - 229.591 ms
26-06-2026 19:09:51 [[32MINFO[39M]: GET /user/bookings/32a6c386-05d7-4eb7-8298-6c6180b717ac/summary 200 2027 - 85.004 ms
26-06-2026 19:09:51 [[32MINFO[39M]: GET /user/bookings/32a6c386-05d7-4eb7-8298-6c6180b717ac/offers 200 371 - 124.440 ms
26-06-2026 19:09:51 [[32MINFO[39M]: GET /user/bookings/32a6c386-05d7-4eb7-8298-6c6180b717ac/summary 304 - - 73.406 ms
26-06-2026 19:09:51 [[32MINFO[39M]: GET /user/bookings/32a6c386-05d7-4eb7-8298-6c6180b717ac/offers 304 - - 111.821 ms
26-06-2026 19:10:41 [[32MINFO[39M]: POST /auth/sign-out/ 200 137 - 3.771 ms
26-06-2026 19:10:41 [[31MERROR[39M]: [/user/profile] The authentication header is missing. Please include the Authorization header with a valid token.: The authentication header is missing. Please include the Authorization header with a valid token.
Error: The authentication header is missing. Please include the Authorization header with a valid token.
    at C:\Users\amrut\Desktop\airticketbooking\back-end\src\presentation\middlewares\auth.middleware.ts:15:10
    at Generator.next (<anonymous>)
    at C:\Users\amrut\Desktop\airticketbooking\back-end\src\presentation\middlewares\auth.middleware.ts:8:71
    at new Promise (<anonymous>)
    at __awaiter (C:\Users\amrut\Desktop\airticketbooking\back-end\src\presentation\middlewares\auth.middleware.ts:4:12)
    at authenticate (C:\Users\amrut\Desktop\airticketbooking\back-end\src\presentation\middlewares\auth.middleware.ts:12:5)
    at Layer.handleRequest (C:\Users\amrut\Desktop\airticketbooking\back-end\node_modules\router\lib\layer.js:152:17)
    at next (C:\Users\amrut\Desktop\airticketbooking\back-end\node_modules\router\lib\route.js:157:13)
    at Route.dispatch (C:\Users\amrut\Desktop\airticketbooking\back-end\node_modules\router\lib\route.js:117:3)
    at handle (C:\Users\amrut\Desktop\airticketbooking\back-end\node_modules\router\index.js:435:11)
26-06-2026 19:10:41 [[32MINFO[39M]: GET /user/profile 401 152 - 45.936 ms
26-06-2026 19:10:41 [[31MERROR[39M]: [/auth/refresh-token] Refresh token is missing. Please ensure you provide a valid refresh token.: Refresh token is missing. Please ensure you provide a valid refresh token.
Error: Refresh token is missing. Please ensure you provide a valid refresh token.
    at TokenUseCase.<anonymous> (C:\Users\amrut\Desktop\airticketbooking\back-end\src\application\usecases\auth\token.usecase.ts:34:13)
    at Generator.next (<anonymous>)
    at C:\Users\amrut\Desktop\airticketbooking\back-end\src\application\usecases\auth\token.usecase.ts:20:71
    at new Promise (<anonymous>)
    at __awaiter (C:\Users\amrut\Desktop\airticketbooking\back-end\src\application\usecases\auth\token.usecase.ts:16:12)
    at TokenUseCase.refreshAccessToken (C:\Users\amrut\Desktop\airticketbooking\back-end\src\application\usecases\auth\token.usecase.ts:47:16)
    at RefreshAccessTokenController.<anonymous> (C:\Users\amrut\Desktop\airticketbooking\back-end\src\presentation\controllers\auth\refresh-access-token.controller.ts:18:53)
    at Generator.next (<anonymous>)
    at C:\Users\amrut\Desktop\airticketbooking\back-end\src\presentation\controllers\auth\refresh-access-token.controller.ts:20:71
    at new Promise (<anonymous>)
26-06-2026 19:10:41 [[32MINFO[39M]: POST /auth/refresh-token 403 129 - 18.429 ms
