05-07-2026 10:23:21 [[32MINFO[39M]: POST /auth/sign-in 200 552 - 406.901 ms
05-07-2026 10:23:24 [[32MINFO[39M]: GET /user/destinations/search?q=m 400 96 - 3.700 ms
05-07-2026 10:23:24 [[32MINFO[39M]: GET /user/destinations/search?q=ma 304 - - 100.694 ms
05-07-2026 10:23:24 [[32MINFO[39M]: GET /user/destinations/search?q=maa 304 - - 77.854 ms
05-07-2026 10:23:28 [[32MINFO[39M]: GET /user/destinations/search?q=b 400 96 - 1.653 ms
05-07-2026 10:23:28 [[32MINFO[39M]: GET /user/destinations/search?q=be 304 - - 76.493 ms
05-07-2026 10:23:28 [[32MINFO[39M]: GET /user/destinations/search?q=ber 304 - - 75.760 ms
05-07-2026 10:23:28 [[32MINFO[39M]: GET /user/destinations/search?q=bern 304 - - 81.605 ms
05-07-2026 10:23:35 [[32MINFO[39M]: GET /user/flights/search?from=MAA&to=BRN&departureDate=2026-07-10&passengers=1&tripType=one-way&page=1&limit=6 304 - - 175.088 ms
05-07-2026 10:23:37 [[32MINFO[39M]: POST /user/bookings/segment 200 1075 - 293.529 ms
05-07-2026 10:23:39 [[32MINFO[39M]: GET /user/bookings/e1171bd6-62ee-4d85-991c-85603269c757/segment 200 1069 - 649.797 ms
05-07-2026 10:23:39 [[32MINFO[39M]: GET /user/bookings/e1171bd6-62ee-4d85-991c-85603269c757/segment 304 - - 74.398 ms
05-07-2026 10:23:42 [[32MINFO[39M]: GET /user/aircrafts/6a41fd80ec2fadb4c292216b/foods 304 - - 177.237 ms
05-07-2026 10:23:42 [[32MINFO[39M]: GET /user/bookings/e1171bd6-62ee-4d85-991c-85603269c757/seats-map 200 46155 - 324.809 ms
05-07-2026 10:23:43 [[32MINFO[39M]: GET /user/aircrafts/6a41fd80ec2fadb4c292216b/foods 304 - - 195.613 ms
05-07-2026 10:23:43 [[32MINFO[39M]: GET /user/bookings/e1171bd6-62ee-4d85-991c-85603269c757/seats-map 304 - - 295.315 ms
05-07-2026 10:24:23 [[32MINFO[39M]: POST /user/bookings/e1171bd6-62ee-4d85-991c-85603269c757/seat-lock 200 267 - 257.133 ms
05-07-2026 10:24:31 [[32MINFO[39M]: GET /user/bookings/e1171bd6-62ee-4d85-991c-85603269c757/segment 304 - - 79.632 ms
05-07-2026 10:24:31 [[32MINFO[39M]: GET /user/bookings/e1171bd6-62ee-4d85-991c-85603269c757/segment 304 - - 79.279 ms
05-07-2026 10:24:32 [[32MINFO[39M]: PUT /user/bookings/e1171bd6-62ee-4d85-991c-85603269c757/segment 200 1067 - 53.204 ms
05-07-2026 10:24:34 [[32MINFO[39M]: GET /user/bookings/e1171bd6-62ee-4d85-991c-85603269c757/seats-map 200 46195 - 357.791 ms
05-07-2026 10:24:34 [[32MINFO[39M]: GET /user/bookings/e1171bd6-62ee-4d85-991c-85603269c757/seats-map 304 - - 205.399 ms
05-07-2026 10:24:39 [[32MINFO[39M]: POST /user/bookings/e1171bd6-62ee-4d85-991c-85603269c757/seat-lock 200 267 - 347.888 ms
05-07-2026 10:25:02 [[32MINFO[39M]: POST /user/bookings/e1171bd6-62ee-4d85-991c-85603269c757/seat-lock 200 267 - 237.753 ms
05-07-2026 10:26:25 [[32MINFO[39M]: POST /user/bookings/e1171bd6-62ee-4d85-991c-85603269c757/details 200 1837 - 210.668 ms
05-07-2026 10:26:26 [[32MINFO[39M]: GET /user/bookings/e1171bd6-62ee-4d85-991c-85603269c757/summary 200 2676 - 103.991 ms
05-07-2026 10:26:26 [[32MINFO[39M]: GET /user/bookings/e1171bd6-62ee-4d85-991c-85603269c757/summary 304 - - 57.520 ms
05-07-2026 10:26:26 [[32MINFO[39M]: GET /user/bookings/e1171bd6-62ee-4d85-991c-85603269c757/offers 200 90 - 143.180 ms
05-07-2026 10:26:26 [[32MINFO[39M]: GET /user/bookings/e1171bd6-62ee-4d85-991c-85603269c757/offers 304 - - 98.382 ms
05-07-2026 10:26:34 [[32MINFO[39M]: POST /user/bookings/initiate 201 214 - 1074.601 ms
05-07-2026 10:30:30 [[32MINFO[39M]: GET /user/profile 304 - - 180.012 ms
05-07-2026 10:30:30 [[32MINFO[39M]: GET /user/profile 304 - - 165.918 ms
05-07-2026 10:30:33 [[32MINFO[39M]: GET /user/bookings/6a49e401b55dfee452d7f69e 200 2298 - 315.125 ms
05-07-2026 10:30:33 [[32MINFO[39M]: GET /user/bookings/6a49e401b55dfee452d7f69e 304 - - 228.716 ms
05-07-2026 10:30:34 [[32MINFO[39M]: GET /user/bookings/6a49e401b55dfee452d7f69e/ticket 200 2623 - 188.227 ms
05-07-2026 10:30:34 [[32MINFO[39M]: GET /user/bookings/6a49e401b55dfee452d7f69e/ticket 304 - - 147.149 ms
05-07-2026 10:31:09 [[32MINFO[39M]: GET /user/bookings?page=1&limit=4 200 5763 - 121.870 ms
05-07-2026 10:31:09 [[32MINFO[39M]: GET /user/bookings?page=1&limit=4 304 - - 104.767 ms
05-07-2026 10:31:18 [[32MINFO[39M]: POST /auth/sign-out/ 200 137 - 20.970 ms
05-07-2026 10:31:28 [[32MINFO[39M]: POST /auth/sign-in 200 552 - 281.251 ms
05-07-2026 10:31:30 [[32MINFO[39M]: GET /user/destinations/search?q=m 400 96 - 200.905 ms
05-07-2026 10:31:30 [[32MINFO[39M]: GET /user/destinations/search?q=ma 304 - - 223.627 ms
05-07-2026 10:31:30 [[32MINFO[39M]: GET /user/destinations/search?q=mad 200 4957 - 76.968 ms
05-07-2026 10:31:31 [[32MINFO[39M]: GET /user/destinations/search?q=madr 200 841 - 72.634 ms
05-07-2026 10:31:31 [[32MINFO[39M]: GET /user/destinations/search?q=madra 200 87 - 81.508 ms
05-07-2026 10:31:32 [[32MINFO[39M]: GET /user/destinations/search?q=madr 304 - - 60.230 ms
05-07-2026 10:31:32 [[32MINFO[39M]: GET /user/destinations/search?q=mad 304 - - 57.992 ms
05-07-2026 10:31:32 [[32MINFO[39M]: GET /user/destinations/search?q=ma 304 - - 48.052 ms
05-07-2026 10:31:32 [[32MINFO[39M]: GET /user/destinations/search?q=m 400 96 - 1.648 ms
05-07-2026 10:31:33 [[32MINFO[39M]: GET /user/destinations/search?q=c 400 96 - 1.291 ms
05-07-2026 10:31:33 [[32MINFO[39M]: GET /user/destinations/search?q=ch 200 4984 - 49.543 ms
05-07-2026 10:31:34 [[32MINFO[39M]: GET /user/destinations/search?q=che 200 5029 - 52.773 ms
05-07-2026 10:31:35 [[32MINFO[39M]: GET /user/destinations/search?q=chen 200 4894 - 71.913 ms
05-07-2026 10:31:35 [[32MINFO[39M]: GET /user/destinations/search?q=chenn 200 322 - 54.877 ms
05-07-2026 10:31:38 [[32MINFO[39M]: GET /user/destinations/search?q=b 400 96 - 0.852 ms
05-07-2026 10:31:38 [[32MINFO[39M]: GET /user/destinations/search?q=be 304 - - 69.756 ms
05-07-2026 10:31:38 [[32MINFO[39M]: GET /user/destinations/search?q=ber 304 - - 69.383 ms
05-07-2026 10:31:39 [[32MINFO[39M]: GET /user/destinations/search?q=bern 304 - - 79.463 ms
05-07-2026 10:31:46 [[32MINFO[39M]: GET /user/flights/search?from=MAA&to=BRN&departureDate=2026-07-10&passengers=1&tripType=one-way&page=1&limit=6 304 - - 117.935 ms
05-07-2026 10:31:47 [[32MINFO[39M]: POST /user/bookings/segment 200 1075 - 168.527 ms
05-07-2026 10:31:47 [[32MINFO[39M]: GET /user/bookings/048d101f-a6ab-48ac-8531-54b4fdd8cd4f/segment 200 1069 - 70.308 ms
05-07-2026 10:31:48 [[32MINFO[39M]: GET /user/bookings/048d101f-a6ab-48ac-8531-54b4fdd8cd4f/segment 304 - - 61.592 ms
05-07-2026 10:31:50 [[32MINFO[39M]: GET /user/aircrafts/6a41fd80ec2fadb4c292216b/foods 304 - - 180.773 ms
05-07-2026 10:31:50 [[32MINFO[39M]: GET /user/bookings/048d101f-a6ab-48ac-8531-54b4fdd8cd4f/seats-map 200 46271 - 328.694 ms
05-07-2026 10:31:50 [[32MINFO[39M]: GET /user/aircrafts/6a41fd80ec2fadb4c292216b/foods 304 - - 165.347 ms
05-07-2026 10:31:50 [[32MINFO[39M]: GET /user/bookings/048d101f-a6ab-48ac-8531-54b4fdd8cd4f/seats-map 304 - - 243.898 ms
05-07-2026 10:32:08 [[32MINFO[39M]: POST /auth/sign-out/ 200 137 - 1.432 ms
05-07-2026 10:32:20 [[32MINFO[39M]: POST /auth/sign-in 200 1148 - 643.840 ms
05-07-2026 10:32:26 [[32MINFO[39M]: GET /provider/aircrafts?page=1&limit=3 304 - - 360.730 ms
05-07-2026 10:32:26 [[32MINFO[39M]: GET /provider/aircrafts?page=1&limit=3 304 - - 221.002 ms
05-07-2026 10:32:29 [[32MINFO[39M]: GET /provider/flights?page=1&limit=4 200 4031 - 168.690 ms
05-07-2026 10:32:29 [[32MINFO[39M]: GET /provider/flights?page=1&limit=4 304 - - 156.887 ms
05-07-2026 10:32:33 [[32MINFO[39M]: GET /provider/flights?page=2&limit=4 200 4113 - 144.150 ms
05-07-2026 11:32:39 [[32MINFO[39M]: POST /auth/sign-in 200 1148 - 3259.481 ms
05-07-2026 11:33:11 [[32MINFO[39M]: GET /provider/aircrafts?page=1&limit=3 304 - - 347.805 ms
05-07-2026 11:33:11 [[32MINFO[39M]: GET /provider/aircrafts?page=1&limit=3 304 - - 227.212 ms
05-07-2026 11:33:15 [[32MINFO[39M]: GET /provider/aircraft/6a41fd80ec2fadb4c292216b/seats 200 38161 - 256.466 ms
05-07-2026 11:33:15 [[32MINFO[39M]: GET /provider/aircraft/6a41fd80ec2fadb4c292216b/seats 304 - - 251.204 ms
05-07-2026 11:33:44 [[32MINFO[39M]: PATCH /provider/aircraft/6a41fd80ec2fadb4c292216b/seats/6a420964ec2fadb4c292229d/toggle-block 200 192 - 796.414 ms
05-07-2026 11:43:47 [[31MERROR[39M]: [/provider/aircraft/6a41fd80ec2fadb4c292216b/seats/6a420964ec2fadb4c292229d/toggle-block] No access token provided. Please include a valid access token in your request.: No access token provided. Please include a valid access token in your request.
Error: No access token provided. Please include a valid access token in your request.
    at C:\Users\amrut\Desktop\airticketbooking\back-end\src\presentation\middlewares\auth.middleware.ts:31:10
    at Generator.throw (<anonymous>)
    at rejected (C:\Users\amrut\Desktop\airticketbooking\back-end\src\presentation\middlewares\auth.middleware.ts:6:65)
    at processTicksAndRejections (node:internal/process/task_queues:105:5)
05-07-2026 11:43:47 [[32MINFO[39M]: PATCH /provider/aircraft/6a41fd80ec2fadb4c292216b/seats/6a420964ec2fadb4c292229d/toggle-block 401 133 - 288.597 ms
05-07-2026 11:43:47 [[32MINFO[39M]: POST /auth/refresh-token 200 143 - 40.016 ms
05-07-2026 11:43:48 [[32MINFO[39M]: PATCH /provider/aircraft/6a41fd80ec2fadb4c292216b/seats/6a420964ec2fadb4c292229d/toggle-block 200 193 - 1166.336 ms
05-07-2026 11:45:29 [[32MINFO[39M]: POST /auth/sign-in 200 1148 - 593.196 ms
05-07-2026 11:45:33 [[32MINFO[39M]: GET /provider/aircrafts?page=1&limit=3 304 - - 318.502 ms
05-07-2026 11:45:33 [[32MINFO[39M]: GET /provider/aircrafts?page=1&limit=3 304 - - 217.401 ms
05-07-2026 11:45:36 [[32MINFO[39M]: GET /provider/aircraft/6a41fd80ec2fadb4c292216b/seats 200 38161 - 444.007 ms
05-07-2026 11:45:36 [[32MINFO[39M]: GET /provider/aircraft/6a41fd80ec2fadb4c292216b/seats 304 - - 227.445 ms
05-07-2026 11:46:42 [[32MINFO[39M]: GET /provider/profile 200 1136 - 210.594 ms
05-07-2026 11:46:42 [[32MINFO[39M]: GET /provider/profile 304 - - 150.070 ms
05-07-2026 11:46:43 [[32MINFO[39M]: GET /provider/aircrafts?page=1&limit=3 304 - - 316.782 ms
05-07-2026 11:46:43 [[32MINFO[39M]: GET /provider/aircrafts?page=1&limit=3 304 - - 199.811 ms
05-07-2026 11:46:51 [[32MINFO[39M]: GET /provider/aircraft/6a41fd80ec2fadb4c292216b/seats 304 - - 281.089 ms
05-07-2026 11:46:52 [[32MINFO[39M]: GET /provider/aircraft/6a41fd80ec2fadb4c292216b/seats 304 - - 188.869 ms
05-07-2026 11:47:26 [[32MINFO[39M]: PATCH /provider/aircraft/6a41fd80ec2fadb4c292216b/seats/6a420964ec2fadb4c292229b/toggle-block 200 192 - 641.926 ms
05-07-2026 11:49:46 [[32MINFO[39M]: PATCH /provider/aircraft/6a41fd80ec2fadb4c292216b/seats/6a420964ec2fadb4c292229b/toggle-block 200 193 - 508.441 ms
05-07-2026 11:50:12 [[32MINFO[39M]: PATCH /provider/aircraft/6a41fd80ec2fadb4c292216b/seats/6a420964ec2fadb4c292229b/toggle-block 200 192 - 623.195 ms
05-07-2026 11:56:55 [[31MERROR[39M]: [/provider/flights?page=1&limit=4] No access token provided. Please include a valid access token in your request.: No access token provided. Please include a valid access token in your request.
Error: No access token provided. Please include a valid access token in your request.
    at C:\Users\amrut\Desktop\airticketbooking\back-end\src\presentation\middlewares\auth.middleware.ts:31:10
    at Generator.throw (<anonymous>)
    at rejected (C:\Users\amrut\Desktop\airticketbooking\back-end\src\presentation\middlewares\auth.middleware.ts:6:65)
    at processTicksAndRejections (node:internal/process/task_queues:105:5)
05-07-2026 11:56:55 [[32MINFO[39M]: GET /provider/flights?page=1&limit=4 401 133 - 208.021 ms
05-07-2026 11:56:55 [[31MERROR[39M]: [/provider/flights?page=1&limit=4] No access token provided. Please include a valid access token in your request.: No access token provided. Please include a valid access token in your request.
Error: No access token provided. Please include a valid access token in your request.
    at C:\Users\amrut\Desktop\airticketbooking\back-end\src\presentation\middlewares\auth.middleware.ts:31:10
    at Generator.throw (<anonymous>)
    at rejected (C:\Users\amrut\Desktop\airticketbooking\back-end\src\presentation\middlewares\auth.middleware.ts:6:65)
    at processTicksAndRejections (node:internal/process/task_queues:105:5)
05-07-2026 11:56:55 [[32MINFO[39M]: GET /provider/flights?page=1&limit=4 401 133 - 9.196 ms
05-07-2026 11:56:55 [[32MINFO[39M]: POST /auth/refresh-token 200 143 - 109.966 ms
05-07-2026 11:56:55 [[32MINFO[39M]: POST /auth/refresh-token 200 143 - 13.237 ms
05-07-2026 11:56:56 [[32MINFO[39M]: GET /provider/flights?page=1&limit=4 200 4031 - 350.390 ms
05-07-2026 11:56:56 [[32MINFO[39M]: GET /provider/flights?page=1&limit=4 304 - - 163.950 ms
05-07-2026 11:57:02 [[32MINFO[39M]: GET /provider/flights?page=2&limit=4 200 4113 - 199.061 ms
05-07-2026 12:04:35 [[32MINFO[39M]: GET /provider/profile 200 1136 - 988.730 ms
05-07-2026 12:04:35 [[32MINFO[39M]: GET /provider/profile 304 - - 146.582 ms
05-07-2026 12:04:36 [[32MINFO[39M]: GET /provider/flights?page=1&limit=4 304 - - 236.433 ms
05-07-2026 12:04:36 [[32MINFO[39M]: GET /provider/flights?page=1&limit=4 304 - - 167.044 ms
05-07-2026 12:08:56 [[32MINFO[39M]: POST /auth/sign-in 200 314 - 398.719 ms
05-07-2026 12:08:56 [[32MINFO[39M]: GET /admin/dashboard 200 325 - 93.308 ms
05-07-2026 12:08:56 [[32MINFO[39M]: GET /admin/dashboard 304 - - 73.168 ms
05-07-2026 12:08:56 [[32MINFO[39M]: GET /admin/dashboard 304 - - 77.963 ms
05-07-2026 12:08:56 [[32MINFO[39M]: GET /admin/dashboard 304 - - 73.487 ms
05-07-2026 12:08:58 [[32MINFO[39M]: GET /admin/flights?page=1&limit=4 304 - - 140.671 ms
05-07-2026 12:08:58 [[32MINFO[39M]: GET /admin/flights?page=1&limit=4 304 - - 161.725 ms
05-07-2026 12:09:00 [[32MINFO[39M]: GET /admin/flights/pending-approval 304 - - 58.210 ms
05-07-2026 12:09:00 [[32MINFO[39M]: GET /admin/flights/pending-approval 304 - - 50.926 ms
05-07-2026 12:09:02 [[32MINFO[39M]: POST /auth/sign-out/ 200 137 - 18.162 ms
05-07-2026 12:11:41 [[32MINFO[39M]: POST /auth/sign-out/ 200 137 - 17.710 ms
05-07-2026 12:12:06 [[32MINFO[39M]: POST /auth/sign-in 200 1148 - 466.089 ms
05-07-2026 12:12:09 [[32MINFO[39M]: GET /provider/aircrafts?page=1&limit=3 304 - - 297.159 ms
05-07-2026 12:12:09 [[32MINFO[39M]: GET /provider/aircrafts?page=1&limit=3 304 - - 195.341 ms
05-07-2026 12:12:14 [[32MINFO[39M]: GET /provider/aircraft/6a41fd80ec2fadb4c292216b/seats 200 38206 - 244.382 ms
05-07-2026 12:12:14 [[32MINFO[39M]: GET /provider/aircraft/6a41fd80ec2fadb4c292216b/seats 304 - - 175.040 ms
05-07-2026 12:12:20 [[32MINFO[39M]: PATCH /provider/aircraft/6a41fd80ec2fadb4c292216b/seats/6a420964ec2fadb4c292229b/toggle-block 200 193 - 421.244 ms
05-07-2026 12:12:43 [[32MINFO[39M]: PATCH /provider/aircraft/6a41fd80ec2fadb4c292216b/seats/6a420964ec2fadb4c292229d/toggle-block 200 192 - 550.984 ms
05-07-2026 12:21:45 [[32MINFO[39M]: POST /auth/sign-in 200 1148 - 619.970 ms
05-07-2026 12:21:48 [[32MINFO[39M]: GET /provider/aircrafts?page=1&limit=3 304 - - 331.228 ms
05-07-2026 12:21:48 [[32MINFO[39M]: GET /provider/aircrafts?page=1&limit=3 304 - - 193.689 ms
05-07-2026 12:21:52 [[32MINFO[39M]: GET /provider/aircrafts?page=2&limit=3 200 1546 - 198.507 ms
05-07-2026 12:21:56 [[32MINFO[39M]: GET /provider/aircrafts?page=1&limit=3 304 - - 193.026 ms
05-07-2026 12:21:58 [[32MINFO[39M]: GET /provider/aircraft/6a41fd80ec2fadb4c292216b/seats 200 38188 - 250.916 ms
05-07-2026 12:21:58 [[32MINFO[39M]: GET /provider/aircraft/6a41fd80ec2fadb4c292216b/seats 304 - - 156.555 ms
05-07-2026 12:22:28 [[32MINFO[39M]: PATCH /provider/aircraft/6a41fd80ec2fadb4c292216b/seats/6a420964ec2fadb4c292229b/toggle-block 200 208 - 1610.029 ms
05-07-2026 12:23:56 [[32MINFO[39M]: POST /auth/sign-in 200 552 - 333.140 ms
05-07-2026 12:24:05 [[32MINFO[39M]: GET /user/bookings?page=1&limit=4 200 5809 - 164.696 ms
05-07-2026 12:24:05 [[32MINFO[39M]: GET /user/bookings?page=1&limit=4 304 - - 102.558 ms
05-07-2026 12:24:11 [[32MINFO[39M]: GET /user/bookings/6a49e401b55dfee452d7f69e 200 2344 - 263.026 ms
05-07-2026 12:24:11 [[32MINFO[39M]: GET /user/bookings/6a49e401b55dfee452d7f69e/ticket 200 2623 - 171.867 ms
05-07-2026 12:24:11 [[32MINFO[39M]: GET /user/bookings/6a49e401b55dfee452d7f69e 304 - - 211.125 ms
05-07-2026 12:24:12 [[32MINFO[39M]: GET /user/bookings/6a49e401b55dfee452d7f69e/ticket 304 - - 140.575 ms
05-07-2026 12:24:31 [[32MINFO[39M]: GET /user/bookings?page=1&limit=4 304 - - 99.453 ms
05-07-2026 12:24:31 [[32MINFO[39M]: GET /user/bookings?page=1&limit=4 304 - - 99.604 ms
05-07-2026 12:24:36 [[32MINFO[39M]: GET /user/wallet 200 520 - 112.807 ms
05-07-2026 12:24:36 [[32MINFO[39M]: GET /user/wallet 304 - - 105.643 ms
05-07-2026 12:25:08 [[32MINFO[39M]: GET /user/bookings?page=1&limit=4 304 - - 100.109 ms
05-07-2026 12:25:08 [[32MINFO[39M]: GET /user/bookings?page=1&limit=4 304 - - 117.208 ms
05-07-2026 12:25:10 [[32MINFO[39M]: GET /user/bookings/6a49e401b55dfee452d7f69e 304 - - 189.254 ms
05-07-2026 12:25:10 [[32MINFO[39M]: GET /user/bookings/6a49e401b55dfee452d7f69e/ticket 304 - - 138.822 ms
05-07-2026 12:25:10 [[32MINFO[39M]: GET /user/bookings/6a49e401b55dfee452d7f69e 304 - - 191.135 ms
05-07-2026 12:25:11 [[32MINFO[39M]: GET /user/bookings/6a49e401b55dfee452d7f69e/ticket 304 - - 151.727 ms
05-07-2026 12:26:04 [[32MINFO[39M]: GET /user/wallet 304 - - 264.599 ms
05-07-2026 12:26:04 [[32MINFO[39M]: GET /user/wallet 304 - - 145.669 ms
05-07-2026 12:26:14 [[32MINFO[39M]: GET /user/bookings?page=1&limit=4 304 - - 116.646 ms
05-07-2026 12:26:14 [[32MINFO[39M]: GET /user/bookings?page=1&limit=4 304 - - 102.515 ms
05-07-2026 12:26:18 [[32MINFO[39M]: GET /user/bookings/6a49e401b55dfee452d7f69e 304 - - 231.610 ms
05-07-2026 12:26:19 [[32MINFO[39M]: GET /user/bookings/6a49e401b55dfee452d7f69e/ticket 304 - - 154.518 ms
05-07-2026 12:26:19 [[32MINFO[39M]: GET /user/bookings/6a49e401b55dfee452d7f69e 304 - - 211.048 ms
05-07-2026 12:26:19 [[32MINFO[39M]: GET /user/bookings/6a49e401b55dfee452d7f69e/ticket 304 - - 168.173 ms
05-07-2026 12:26:40 [[32MINFO[39M]: GET /user/bookings?page=1&limit=4 304 - - 114.685 ms
05-07-2026 12:26:40 [[32MINFO[39M]: GET /user/bookings?page=1&limit=4 304 - - 114.418 ms
05-07-2026 12:26:44 [[32MINFO[39M]: GET /user/bookings?page=1&limit=4 304 - - 106.238 ms
05-07-2026 12:26:44 [[32MINFO[39M]: GET /user/bookings?page=1&limit=4 304 - - 103.430 ms
05-07-2026 12:26:45 [[32MINFO[39M]: GET /user/bookings/6a49e401b55dfee452d7f69e 304 - - 218.925 ms
05-07-2026 12:26:46 [[32MINFO[39M]: GET /user/bookings/6a49e401b55dfee452d7f69e/ticket 304 - - 148.367 ms
05-07-2026 12:26:46 [[32MINFO[39M]: GET /user/bookings/6a49e401b55dfee452d7f69e 304 - - 203.482 ms
05-07-2026 12:26:46 [[32MINFO[39M]: GET /user/bookings/6a49e401b55dfee452d7f69e/ticket 304 - - 155.967 ms
05-07-2026 12:26:46 [[32MINFO[39M]: GET /user/bookings?page=1&limit=4 304 - - 113.236 ms
05-07-2026 12:26:46 [[32MINFO[39M]: GET /user/bookings?page=1&limit=4 304 - - 120.564 ms
05-07-2026 12:26:48 [[32MINFO[39M]: GET /user/wallet 304 - - 109.362 ms
05-07-2026 12:26:48 [[32MINFO[39M]: GET /user/wallet 304 - - 122.966 ms
05-07-2026 12:26:50 [[32MINFO[39M]: GET /user/bookings/6a49e401b55dfee452d7f69e 304 - - 389.181 ms
05-07-2026 12:26:50 [[32MINFO[39M]: GET /user/bookings/6a49e401b55dfee452d7f69e/ticket 304 - - 322.387 ms
05-07-2026 12:26:50 [[32MINFO[39M]: GET /user/bookings/6a49e401b55dfee452d7f69e 304 - - 365.536 ms
05-07-2026 12:26:51 [[32MINFO[39M]: GET /user/bookings/6a49e401b55dfee452d7f69e/ticket 304 - - 238.534 ms
05-07-2026 12:26:51 [[32MINFO[39M]: GET /user/bookings?page=1&limit=4 304 - - 106.503 ms
05-07-2026 12:26:51 [[32MINFO[39M]: GET /user/bookings?page=1&limit=4 304 - - 110.789 ms
05-07-2026 12:26:53 [[32MINFO[39M]: GET /user/wallet 304 - - 120.339 ms
05-07-2026 12:26:53 [[32MINFO[39M]: GET /user/wallet 304 - - 108.623 ms
05-07-2026 12:26:55 [[32MINFO[39M]: GET /user/bookings?page=1&limit=4 304 - - 110.127 ms
05-07-2026 12:26:55 [[32MINFO[39M]: GET /user/bookings?page=1&limit=4 304 - - 100.290 ms
05-07-2026 12:26:56 [[32MINFO[39M]: GET /user/bookings/6a49e401b55dfee452d7f69e 304 - - 224.156 ms
05-07-2026 12:26:56 [[32MINFO[39M]: GET /user/bookings/6a49e401b55dfee452d7f69e/ticket 304 - - 162.703 ms
05-07-2026 12:26:56 [[32MINFO[39M]: GET /user/bookings/6a49e401b55dfee452d7f69e 304 - - 210.099 ms
05-07-2026 12:26:57 [[32MINFO[39M]: GET /user/bookings/6a49e401b55dfee452d7f69e/ticket 304 - - 157.637 ms
05-07-2026 12:26:57 [[32MINFO[39M]: GET /user/bookings?page=1&limit=4 304 - - 136.481 ms
05-07-2026 12:26:57 [[32MINFO[39M]: GET /user/bookings?page=1&limit=4 304 - - 124.605 ms
05-07-2026 12:27:01 [[32MINFO[39M]: GET /user/destinations/search?q=c 400 96 - 29.733 ms
05-07-2026 12:27:01 [[32MINFO[39M]: GET /user/destinations/search?q=ch 200 4984 - 148.318 ms
05-07-2026 12:27:02 [[32MINFO[39M]: GET /user/destinations/search?q=che 200 5029 - 59.988 ms
05-07-2026 12:27:02 [[32MINFO[39M]: GET /user/destinations/search?q=chek 200 355 - 67.800 ms
05-07-2026 12:27:02 [[32MINFO[39M]: GET /user/destinations/search?q=chekk 200 87 - 55.371 ms
05-07-2026 12:27:02 [[32MINFO[39M]: GET /user/destinations/search?q=chek 304 - - 58.532 ms
05-07-2026 12:27:03 [[32MINFO[39M]: GET /user/destinations/search?q=che 304 - - 52.326 ms
05-07-2026 12:27:04 [[32MINFO[39M]: GET /user/destinations/search?q=chen 200 4894 - 55.549 ms
05-07-2026 12:27:04 [[32MINFO[39M]: GET /user/destinations/search?q=chenn 200 322 - 56.489 ms
05-07-2026 12:27:04 [[32MINFO[39M]: GET /user/destinations/search?q=chenna 200 322 - 55.322 ms
05-07-2026 12:27:08 [[32MINFO[39M]: GET /user/destinations/search?q=b 400 96 - 2.362 ms
05-07-2026 12:27:08 [[32MINFO[39M]: GET /user/destinations/search?q=be 200 4896 - 125.637 ms
05-07-2026 12:27:09 [[32MINFO[39M]: GET /user/destinations/search?q=ber 200 4955 - 53.758 ms
05-07-2026 12:27:09 [[32MINFO[39M]: GET /user/destinations/search?q=bern 200 1635 - 57.301 ms
05-07-2026 12:27:14 [[32MINFO[39M]: GET /user/flights/search?from=MAA&to=BRN&departureDate=2026-07-10&passengers=1&tripType=one-way&page=1&limit=6 200 1111 - 134.267 ms
05-07-2026 12:27:17 [[32MINFO[39M]: POST /user/bookings/segment 200 1075 - 241.453 ms
05-07-2026 12:27:18 [[32MINFO[39M]: GET /user/bookings/48761d0f-d900-49b6-898a-d0e2f71252ca/segment 200 1069 - 78.007 ms
05-07-2026 12:27:18 [[32MINFO[39M]: GET /user/bookings/48761d0f-d900-49b6-898a-d0e2f71252ca/segment 304 - - 49.337 ms
05-07-2026 12:27:21 [[32MINFO[39M]: GET /user/aircrafts/6a41fd80ec2fadb4c292216b/foods 200 141 - 189.323 ms
05-07-2026 12:27:21 [[32MINFO[39M]: GET /user/bookings/48761d0f-d900-49b6-898a-d0e2f71252ca/seats-map 200 45756 - 337.771 ms
05-07-2026 12:27:21 [[32MINFO[39M]: GET /user/aircrafts/6a41fd80ec2fadb4c292216b/foods 304 - - 163.148 ms
05-07-2026 12:27:21 [[32MINFO[39M]: GET /user/bookings/48761d0f-d900-49b6-898a-d0e2f71252ca/seats-map 304 - - 316.995 ms
05-07-2026 12:28:28 [[32MINFO[39M]: GET /user/bookings/48761d0f-d900-49b6-898a-d0e2f71252ca/segment 304 - - 63.829 ms
05-07-2026 12:28:28 [[32MINFO[39M]: GET /user/bookings/48761d0f-d900-49b6-898a-d0e2f71252ca/segment 304 - - 76.472 ms
05-07-2026 12:28:56 [[32MINFO[39M]: GET /provider/wallet 200 1125 - 153.971 ms
05-07-2026 12:28:56 [[32MINFO[39M]: GET /provider/wallet 304 - - 103.014 ms
05-07-2026 12:33:33 [[32MINFO[39M]: GET /user/bookings?page=1&limit=4 304 - - 252.486 ms
05-07-2026 12:33:33 [[32MINFO[39M]: GET /user/bookings?page=1&limit=4 304 - - 95.913 ms
05-07-2026 12:33:40 [[32MINFO[39M]: GET /user/bookings/6a49e401b55dfee452d7f69e 304 - - 206.199 ms
05-07-2026 12:33:40 [[32MINFO[39M]: GET /user/bookings/6a49e401b55dfee452d7f69e/ticket 304 - - 184.775 ms
05-07-2026 12:33:40 [[32MINFO[39M]: GET /user/bookings/6a49e401b55dfee452d7f69e 304 - - 218.374 ms
05-07-2026 12:33:40 [[32MINFO[39M]: GET /user/bookings/6a49e401b55dfee452d7f69e/ticket 304 - - 140.315 ms
05-07-2026 14:05:32 [[31MERROR[39M]: [/provider/profile] No access token provided. Please include a valid access token in your request.: No access token provided. Please include a valid access token in your request.
Error: No access token provided. Please include a valid access token in your request.
    at C:\Users\amrut\Desktop\airticketbooking\back-end\src\presentation\middlewares\auth.middleware.ts:16:10
    at Generator.next (<anonymous>)
    at C:\Users\amrut\Desktop\airticketbooking\back-end\src\presentation\middlewares\auth.middleware.ts:8:71
    at new Promise (<anonymous>)
    at __awaiter (C:\Users\amrut\Desktop\airticketbooking\back-end\src\presentation\middlewares\auth.middleware.ts:4:12)
    at authenticate (C:\Users\amrut\Desktop\airticketbooking\back-end\src\presentation\middlewares\auth.middleware.ts:11:5)
    at Layer.handleRequest (C:\Users\amrut\Desktop\airticketbooking\back-end\node_modules\router\lib\layer.js:152:17)
    at next (C:\Users\amrut\Desktop\airticketbooking\back-end\node_modules\router\lib\route.js:157:13)
    at Route.dispatch (C:\Users\amrut\Desktop\airticketbooking\back-end\node_modules\router\lib\route.js:117:3)
    at handle (C:\Users\amrut\Desktop\airticketbooking\back-end\node_modules\router\index.js:435:11)
05-07-2026 14:05:32 [[32MINFO[39M]: GET /provider/profile 401 133 - 325.748 ms
05-07-2026 14:05:32 [[31MERROR[39M]: [/provider/profile] No access token provided. Please include a valid access token in your request.: No access token provided. Please include a valid access token in your request.
Error: No access token provided. Please include a valid access token in your request.
    at C:\Users\amrut\Desktop\airticketbooking\back-end\src\presentation\middlewares\auth.middleware.ts:16:10
    at Generator.next (<anonymous>)
    at C:\Users\amrut\Desktop\airticketbooking\back-end\src\presentation\middlewares\auth.middleware.ts:8:71
    at new Promise (<anonymous>)
    at __awaiter (C:\Users\amrut\Desktop\airticketbooking\back-end\src\presentation\middlewares\auth.middleware.ts:4:12)
    at authenticate (C:\Users\amrut\Desktop\airticketbooking\back-end\src\presentation\middlewares\auth.middleware.ts:11:5)
    at Layer.handleRequest (C:\Users\amrut\Desktop\airticketbooking\back-end\node_modules\router\lib\layer.js:152:17)
    at next (C:\Users\amrut\Desktop\airticketbooking\back-end\node_modules\router\lib\route.js:157:13)
    at Route.dispatch (C:\Users\amrut\Desktop\airticketbooking\back-end\node_modules\router\lib\route.js:117:3)
    at handle (C:\Users\amrut\Desktop\airticketbooking\back-end\node_modules\router\index.js:435:11)
05-07-2026 14:05:32 [[32MINFO[39M]: GET /provider/profile 401 133 - 78.549 ms
05-07-2026 14:05:32 [[32MINFO[39M]: POST /auth/refresh-token 200 143 - 148.234 ms
05-07-2026 14:05:32 [[32MINFO[39M]: POST /auth/refresh-token 200 143 - 10.136 ms
05-07-2026 14:05:33 [[32MINFO[39M]: GET /provider/profile 304 - - 925.361 ms
05-07-2026 14:05:33 [[32MINFO[39M]: GET /provider/profile 304 - - 114.586 ms
05-07-2026 14:05:33 [[32MINFO[39M]: GET /provider/wallet 200 1125 - 145.434 ms
05-07-2026 14:05:34 [[32MINFO[39M]: GET /provider/wallet 304 - - 98.340 ms
05-07-2026 15:18:35 [[32MINFO[39M]: POST /auth/sign-in 200 310 - 480.858 ms
05-07-2026 15:18:42 [[32MINFO[39M]: GET /user/destinations/search?q=c 400 96 - 3.617 ms
05-07-2026 15:18:42 [[32MINFO[39M]: GET /user/destinations/search?q=ch 200 4984 - 81.271 ms
05-07-2026 15:18:42 [[32MINFO[39M]: GET /user/destinations/search?q=che 200 5029 - 61.660 ms
05-07-2026 15:18:42 [[32MINFO[39M]: GET /user/destinations/search?q=chen 200 4894 - 52.918 ms
05-07-2026 15:18:44 [[32MINFO[39M]: GET /user/destinations/search?q=chenn 200 322 - 59.336 ms
05-07-2026 15:18:44 [[32MINFO[39M]: GET /user/destinations/search?q=chenna 200 322 - 53.230 ms
05-07-2026 15:18:49 [[32MINFO[39M]: GET /user/destinations/search?q=b 400 96 - 1.626 ms
05-07-2026 15:18:49 [[32MINFO[39M]: GET /user/destinations/search?q=be 304 - - 62.143 ms
05-07-2026 15:18:49 [[32MINFO[39M]: GET /user/destinations/search?q=ber 304 - - 82.129 ms
05-07-2026 15:18:50 [[32MINFO[39M]: GET /user/destinations/search?q=bern 304 - - 89.344 ms
05-07-2026 15:18:55 [[32MINFO[39M]: GET /user/flights/search?from=MAA&to=BRN&departureDate=2026-07-10&passengers=1&tripType=one-way&page=1&limit=6 304 - - 141.155 ms
05-07-2026 15:18:57 [[32MINFO[39M]: POST /user/bookings/segment 200 1075 - 204.941 ms
05-07-2026 15:18:59 [[32MINFO[39M]: GET /user/bookings/fee642f2-ffd0-4c64-adb0-6f832b301d43/segment 200 1069 - 77.988 ms
05-07-2026 15:18:59 [[32MINFO[39M]: GET /user/bookings/fee642f2-ffd0-4c64-adb0-6f832b301d43/segment 304 - - 67.506 ms
05-07-2026 15:19:04 [[32MINFO[39M]: PUT /user/bookings/fee642f2-ffd0-4c64-adb0-6f832b301d43/segment 200 1067 - 62.081 ms
05-07-2026 15:19:06 [[32MINFO[39M]: GET /user/aircrafts/6a41fd80ec2fadb4c292216b/foods 304 - - 199.889 ms
05-07-2026 15:19:06 [[32MINFO[39M]: GET /user/bookings/fee642f2-ffd0-4c64-adb0-6f832b301d43/seats-map 200 45756 - 333.353 ms
05-07-2026 15:19:06 [[32MINFO[39M]: GET /user/aircrafts/6a41fd80ec2fadb4c292216b/foods 304 - - 172.983 ms
05-07-2026 15:19:06 [[32MINFO[39M]: GET /user/bookings/fee642f2-ffd0-4c64-adb0-6f832b301d43/seats-map 304 - - 292.051 ms
05-07-2026 15:20:41 [[32MINFO[39M]: POST /user/bookings/fee642f2-ffd0-4c64-adb0-6f832b301d43/seat-lock 200 267 - 348.276 ms
05-07-2026 15:20:49 [[32MINFO[39M]: POST /user/bookings/fee642f2-ffd0-4c64-adb0-6f832b301d43/seat-lock 200 268 - 269.546 ms
05-07-2026 15:20:53 [[32MINFO[39M]: POST /user/bookings/fee642f2-ffd0-4c64-adb0-6f832b301d43/details 200 1828 - 251.973 ms
05-07-2026 15:20:54 [[32MINFO[39M]: GET /user/bookings/fee642f2-ffd0-4c64-adb0-6f832b301d43/summary 200 2667 - 238.373 ms
05-07-2026 15:20:54 [[32MINFO[39M]: GET /user/bookings/fee642f2-ffd0-4c64-adb0-6f832b301d43/summary 304 - - 57.578 ms
05-07-2026 15:20:54 [[32MINFO[39M]: GET /user/bookings/fee642f2-ffd0-4c64-adb0-6f832b301d43/offers 200 90 - 194.216 ms
05-07-2026 15:20:54 [[32MINFO[39M]: GET /user/bookings/fee642f2-ffd0-4c64-adb0-6f832b301d43/offers 304 - - 98.358 ms
05-07-2026 15:21:10 [[32MINFO[39M]: POST /user/bookings/initiate 201 214 - 1571.598 ms
05-07-2026 15:22:42 [[32MINFO[39M]: GET /user/profile 200 298 - 129.539 ms
05-07-2026 15:22:42 [[32MINFO[39M]: GET /user/profile 304 - - 97.737 ms
05-07-2026 15:22:46 [[32MINFO[39M]: GET /user/bookings/6a4a290cbe83481eb9fc36c5 200 2283 - 335.560 ms
05-07-2026 15:22:46 [[32MINFO[39M]: GET /user/bookings/6a4a290cbe83481eb9fc36c5/ticket 200 2629 - 196.726 ms
05-07-2026 15:22:46 [[32MINFO[39M]: GET /user/bookings/6a4a290cbe83481eb9fc36c5 304 - - 351.434 ms
05-07-2026 15:22:47 [[32MINFO[39M]: GET /user/bookings/6a4a290cbe83481eb9fc36c5/ticket 304 - - 219.271 ms
05-07-2026 15:23:25 [[32MINFO[39M]: POST /auth/sign-out/ 200 137 - 16.513 ms
05-07-2026 15:23:47 [[32MINFO[39M]: POST /auth/sign-in 200 1148 - 365.448 ms
05-07-2026 15:23:58 [[32MINFO[39M]: GET /provider/wallet 200 1337 - 118.389 ms
05-07-2026 15:23:58 [[32MINFO[39M]: GET /provider/wallet 304 - - 94.353 ms
05-07-2026 15:24:11 [[32MINFO[39M]: GET /provider/aircrafts?page=1&limit=3 304 - - 384.228 ms
05-07-2026 15:24:11 [[32MINFO[39M]: GET /provider/aircrafts?page=1&limit=3 304 - - 204.608 ms
05-07-2026 15:24:12 [[32MINFO[39M]: GET /provider/flights?page=1&limit=4 304 - - 229.097 ms
05-07-2026 15:24:12 [[32MINFO[39M]: GET /provider/flights?page=1&limit=4 304 - - 157.509 ms
05-07-2026 15:24:18 [[32MINFO[39M]: GET /provider/flights?page=2&limit=4 304 - - 172.001 ms
05-07-2026 15:24:30 [[32MINFO[39M]: GET /provider/flights/6a48ca8190552414ab5754df/seats 200 46901 - 207.645 ms
05-07-2026 15:25:44 [[32MINFO[39M]: GET /provider/aircrafts?page=1&limit=3 304 - - 185.970 ms
05-07-2026 15:25:44 [[32MINFO[39M]: GET /provider/aircrafts?page=1&limit=3 304 - - 224.129 ms
05-07-2026 15:25:49 [[32MINFO[39M]: GET /provider/aircraft/6a41fd80ec2fadb4c292216b/seats 200 38249 - 244.226 ms
05-07-2026 15:25:49 [[32MINFO[39M]: GET /provider/aircraft/6a41fd80ec2fadb4c292216b/seats 304 - - 154.673 ms
05-07-2026 15:26:09 [[32MINFO[39M]: PATCH /provider/aircraft/6a41fd80ec2fadb4c292216b/seats/6a420964ec2fadb4c29222d8/toggle-block 200 209 - 1346.139 ms
05-07-2026 15:27:58 [[32MINFO[39M]: POST /auth/sign-out/ 200 137 - 23.173 ms
05-07-2026 15:28:11 [[32MINFO[39M]: POST /auth/sign-in 200 310 - 391.430 ms
05-07-2026 15:28:19 [[32MINFO[39M]: GET /user/bookings?page=1&limit=4 200 4131 - 173.677 ms
05-07-2026 15:28:19 [[32MINFO[39M]: GET /user/bookings?page=1&limit=4 304 - - 100.033 ms
05-07-2026 15:28:31 [[32MINFO[39M]: GET /user/bookings/6a4a290cbe83481eb9fc36c5 200 2329 - 240.280 ms
05-07-2026 15:28:31 [[32MINFO[39M]: GET /user/bookings/6a4a290cbe83481eb9fc36c5/ticket 304 - - 200.694 ms
05-07-2026 15:28:31 [[32MINFO[39M]: GET /user/bookings/6a4a290cbe83481eb9fc36c5 304 - - 220.236 ms
05-07-2026 15:28:32 [[32MINFO[39M]: GET /user/bookings/6a4a290cbe83481eb9fc36c5/ticket 304 - - 148.721 ms
05-07-2026 15:29:47 [[32MINFO[39M]: GET /user/bookings?page=1&limit=4 304 - - 134.123 ms
05-07-2026 15:29:47 [[32MINFO[39M]: GET /user/bookings?page=1&limit=4 304 - - 90.229 ms
05-07-2026 15:29:53 [[32MINFO[39M]: GET /user/bookings/6a4a290cbe83481eb9fc36c5 304 - - 199.181 ms
05-07-2026 15:29:53 [[32MINFO[39M]: GET /user/bookings/6a4a290cbe83481eb9fc36c5/ticket 304 - - 132.330 ms
05-07-2026 15:29:53 [[32MINFO[39M]: GET /user/bookings/6a4a290cbe83481eb9fc36c5 304 - - 178.175 ms
05-07-2026 15:29:53 [[32MINFO[39M]: GET /user/bookings/6a4a290cbe83481eb9fc36c5/ticket 304 - - 184.978 ms
05-07-2026 15:30:22 [[32MINFO[39M]: GET /user/bookings?page=1&limit=4 304 - - 102.061 ms
05-07-2026 15:30:22 [[32MINFO[39M]: GET /user/bookings?page=1&limit=4 304 - - 100.135 ms
05-07-2026 15:30:52 [[32MINFO[39M]: GET /user/wallet 200 520 - 111.933 ms
05-07-2026 15:30:52 [[32MINFO[39M]: GET /user/wallet 304 - - 104.182 ms
05-07-2026 15:31:05 [[32MINFO[39M]: GET /user/bookings?page=1&limit=4 304 - - 98.732 ms
05-07-2026 15:31:05 [[32MINFO[39M]: GET /user/bookings?page=1&limit=4 304 - - 90.251 ms
05-07-2026 15:31:08 [[32MINFO[39M]: GET /user/bookings/6a4a290cbe83481eb9fc36c5 304 - - 264.811 ms
05-07-2026 15:31:08 [[32MINFO[39M]: GET /user/bookings/6a4a290cbe83481eb9fc36c5/ticket 304 - - 237.036 ms
05-07-2026 15:31:08 [[32MINFO[39M]: GET /user/bookings/6a4a290cbe83481eb9fc36c5 304 - - 292.143 ms
05-07-2026 15:31:08 [[32MINFO[39M]: GET /user/bookings/6a4a290cbe83481eb9fc36c5/ticket 304 - - 138.411 ms
05-07-2026 16:00:30 [[31MERROR[39M]: [/user/profile] No access token provided. Please include a valid access token in your request.: No access token provided. Please include a valid access token in your request.
Error: No access token provided. Please include a valid access token in your request.
    at C:\Users\amrut\Desktop\airticketbooking\back-end\src\presentation\middlewares\auth.middleware.ts:16:10
    at Generator.next (<anonymous>)
    at C:\Users\amrut\Desktop\airticketbooking\back-end\src\presentation\middlewares\auth.middleware.ts:8:71
    at new Promise (<anonymous>)
    at __awaiter (C:\Users\amrut\Desktop\airticketbooking\back-end\src\presentation\middlewares\auth.middleware.ts:4:12)
    at authenticate (C:\Users\amrut\Desktop\airticketbooking\back-end\src\presentation\middlewares\auth.middleware.ts:11:5)
    at Layer.handleRequest (C:\Users\amrut\Desktop\airticketbooking\back-end\node_modules\router\lib\layer.js:152:17)
    at next (C:\Users\amrut\Desktop\airticketbooking\back-end\node_modules\router\lib\route.js:157:13)
    at Route.dispatch (C:\Users\amrut\Desktop\airticketbooking\back-end\node_modules\router\lib\route.js:117:3)
    at handle (C:\Users\amrut\Desktop\airticketbooking\back-end\node_modules\router\index.js:435:11)
05-07-2026 16:00:30 [[32MINFO[39M]: GET /user/profile 401 133 - 373.267 ms
05-07-2026 16:00:30 [[31MERROR[39M]: [/user/profile] No access token provided. Please include a valid access token in your request.: No access token provided. Please include a valid access token in your request.
Error: No access token provided. Please include a valid access token in your request.
    at C:\Users\amrut\Desktop\airticketbooking\back-end\src\presentation\middlewares\auth.middleware.ts:16:10
    at Generator.next (<anonymous>)
    at C:\Users\amrut\Desktop\airticketbooking\back-end\src\presentation\middlewares\auth.middleware.ts:8:71
    at new Promise (<anonymous>)
    at __awaiter (C:\Users\amrut\Desktop\airticketbooking\back-end\src\presentation\middlewares\auth.middleware.ts:4:12)
    at authenticate (C:\Users\amrut\Desktop\airticketbooking\back-end\src\presentation\middlewares\auth.middleware.ts:11:5)
    at Layer.handleRequest (C:\Users\amrut\Desktop\airticketbooking\back-end\node_modules\router\lib\layer.js:152:17)
    at next (C:\Users\amrut\Desktop\airticketbooking\back-end\node_modules\router\lib\route.js:157:13)
    at Route.dispatch (C:\Users\amrut\Desktop\airticketbooking\back-end\node_modules\router\lib\route.js:117:3)
    at handle (C:\Users\amrut\Desktop\airticketbooking\back-end\node_modules\router\index.js:435:11)
05-07-2026 16:00:30 [[32MINFO[39M]: GET /user/profile 401 133 - 32.898 ms
05-07-2026 16:00:32 [[32MINFO[39M]: POST /auth/refresh-token 200 143 - 119.548 ms
05-07-2026 16:00:32 [[32MINFO[39M]: POST /auth/refresh-token 200 143 - 11.481 ms
05-07-2026 16:00:33 [[32MINFO[39M]: GET /user/profile 304 - - 599.578 ms
05-07-2026 16:00:33 [[32MINFO[39M]: GET /user/profile 304 - - 151.789 ms
05-07-2026 16:00:33 [[32MINFO[39M]: GET /user/bookings/6a4a290cbe83481eb9fc36c5 304 - - 248.467 ms
05-07-2026 16:00:34 [[32MINFO[39M]: GET /user/bookings/6a4a290cbe83481eb9fc36c5 304 - - 203.188 ms
05-07-2026 16:00:34 [[32MINFO[39M]: GET /user/bookings/6a4a290cbe83481eb9fc36c5/ticket 304 - - 176.024 ms
05-07-2026 16:00:35 [[32MINFO[39M]: GET /user/bookings/6a4a290cbe83481eb9fc36c5/ticket 304 - - 137.965 ms
05-07-2026 16:07:13 [[32MINFO[39M]: GET /user/profile 304 - - 782.956 ms
05-07-2026 16:07:13 [[32MINFO[39M]: GET /user/profile 304 - - 104.855 ms
05-07-2026 16:07:14 [[32MINFO[39M]: GET /user/bookings/6a4a290cbe83481eb9fc36c5 304 - - 250.557 ms
05-07-2026 16:07:14 [[32MINFO[39M]: GET /user/bookings/6a4a290cbe83481eb9fc36c5 304 - - 233.230 ms
05-07-2026 16:07:14 [[32MINFO[39M]: GET /user/bookings/6a4a290cbe83481eb9fc36c5/ticket 304 - - 160.163 ms
05-07-2026 16:07:15 [[32MINFO[39M]: GET /user/bookings/6a4a290cbe83481eb9fc36c5/ticket 304 - - 133.820 ms
05-07-2026 16:28:29 [[31MERROR[39M]: [/user/profile] No access token provided. Please include a valid access token in your request.: No access token provided. Please include a valid access token in your request.
Error: No access token provided. Please include a valid access token in your request.
    at C:\Users\amrut\Desktop\airticketbooking\back-end\src\presentation\middlewares\auth.middleware.ts:16:10
    at Generator.next (<anonymous>)
    at C:\Users\amrut\Desktop\airticketbooking\back-end\src\presentation\middlewares\auth.middleware.ts:8:71
    at new Promise (<anonymous>)
    at __awaiter (C:\Users\amrut\Desktop\airticketbooking\back-end\src\presentation\middlewares\auth.middleware.ts:4:12)
    at authenticate (C:\Users\amrut\Desktop\airticketbooking\back-end\src\presentation\middlewares\auth.middleware.ts:11:5)
    at Layer.handleRequest (C:\Users\amrut\Desktop\airticketbooking\back-end\node_modules\router\lib\layer.js:152:17)
    at next (C:\Users\amrut\Desktop\airticketbooking\back-end\node_modules\router\lib\route.js:157:13)
    at Route.dispatch (C:\Users\amrut\Desktop\airticketbooking\back-end\node_modules\router\lib\route.js:117:3)
    at handle (C:\Users\amrut\Desktop\airticketbooking\back-end\node_modules\router\index.js:435:11)
05-07-2026 16:28:29 [[32MINFO[39M]: GET /user/profile 401 133 - 310.468 ms
05-07-2026 16:28:29 [[31MERROR[39M]: [/user/profile] No access token provided. Please include a valid access token in your request.: No access token provided. Please include a valid access token in your request.
Error: No access token provided. Please include a valid access token in your request.
    at C:\Users\amrut\Desktop\airticketbooking\back-end\src\presentation\middlewares\auth.middleware.ts:16:10
    at Generator.next (<anonymous>)
    at C:\Users\amrut\Desktop\airticketbooking\back-end\src\presentation\middlewares\auth.middleware.ts:8:71
    at new Promise (<anonymous>)
    at __awaiter (C:\Users\amrut\Desktop\airticketbooking\back-end\src\presentation\middlewares\auth.middleware.ts:4:12)
    at authenticate (C:\Users\amrut\Desktop\airticketbooking\back-end\src\presentation\middlewares\auth.middleware.ts:11:5)
    at Layer.handleRequest (C:\Users\amrut\Desktop\airticketbooking\back-end\node_modules\router\lib\layer.js:152:17)
    at next (C:\Users\amrut\Desktop\airticketbooking\back-end\node_modules\router\lib\route.js:157:13)
    at Route.dispatch (C:\Users\amrut\Desktop\airticketbooking\back-end\node_modules\router\lib\route.js:117:3)
    at handle (C:\Users\amrut\Desktop\airticketbooking\back-end\node_modules\router\index.js:435:11)
05-07-2026 16:28:29 [[32MINFO[39M]: GET /user/profile 401 133 - 10.427 ms
05-07-2026 16:28:32 [[32MINFO[39M]: POST /auth/refresh-token 200 143 - 107.548 ms
05-07-2026 16:28:32 [[32MINFO[39M]: POST /auth/refresh-token 200 143 - 10.196 ms
05-07-2026 16:28:32 [[32MINFO[39M]: GET /user/profile 304 - - 615.324 ms
05-07-2026 16:28:33 [[32MINFO[39M]: GET /user/profile 304 - - 85.707 ms
05-07-2026 16:28:33 [[32MINFO[39M]: GET /user/bookings/6a4a290cbe83481eb9fc36c5 304 - - 273.050 ms
05-07-2026 16:28:33 [[32MINFO[39M]: GET /user/bookings/6a4a290cbe83481eb9fc36c5 304 - - 174.353 ms
05-07-2026 16:28:34 [[32MINFO[39M]: GET /user/bookings/6a4a290cbe83481eb9fc36c5/ticket 304 - - 308.425 ms
05-07-2026 16:28:34 [[32MINFO[39M]: GET /user/bookings/6a4a290cbe83481eb9fc36c5/ticket 304 - - 144.937 ms
05-07-2026 16:28:51 [[31MERROR[39M]: [/user/profile] No access token provided. Please include a valid access token in your request.: No access token provided. Please include a valid access token in your request.
Error: No access token provided. Please include a valid access token in your request.
    at C:\Users\amrut\Desktop\airticketbooking\back-end\src\presentation\middlewares\auth.middleware.ts:16:10
    at Generator.next (<anonymous>)
    at C:\Users\amrut\Desktop\airticketbooking\back-end\src\presentation\middlewares\auth.middleware.ts:8:71
    at new Promise (<anonymous>)
    at __awaiter (C:\Users\amrut\Desktop\airticketbooking\back-end\src\presentation\middlewares\auth.middleware.ts:4:12)
    at authenticate (C:\Users\amrut\Desktop\airticketbooking\back-end\src\presentation\middlewares\auth.middleware.ts:11:5)
    at Layer.handleRequest (C:\Users\amrut\Desktop\airticketbooking\back-end\node_modules\router\lib\layer.js:152:17)
    at next (C:\Users\amrut\Desktop\airticketbooking\back-end\node_modules\router\lib\route.js:157:13)
    at Route.dispatch (C:\Users\amrut\Desktop\airticketbooking\back-end\node_modules\router\lib\route.js:117:3)
    at handle (C:\Users\amrut\Desktop\airticketbooking\back-end\node_modules\router\index.js:435:11)
05-07-2026 16:28:51 [[32MINFO[39M]: GET /user/profile 401 133 - 7.609 ms
05-07-2026 16:28:51 [[31MERROR[39M]: [/user/profile] No access token provided. Please include a valid access token in your request.: No access token provided. Please include a valid access token in your request.
Error: No access token provided. Please include a valid access token in your request.
    at C:\Users\amrut\Desktop\airticketbooking\back-end\src\presentation\middlewares\auth.middleware.ts:16:10
    at Generator.next (<anonymous>)
    at C:\Users\amrut\Desktop\airticketbooking\back-end\src\presentation\middlewares\auth.middleware.ts:8:71
    at new Promise (<anonymous>)
    at __awaiter (C:\Users\amrut\Desktop\airticketbooking\back-end\src\presentation\middlewares\auth.middleware.ts:4:12)
    at authenticate (C:\Users\amrut\Desktop\airticketbooking\back-end\src\presentation\middlewares\auth.middleware.ts:11:5)
    at Layer.handleRequest (C:\Users\amrut\Desktop\airticketbooking\back-end\node_modules\router\lib\layer.js:152:17)
    at next (C:\Users\amrut\Desktop\airticketbooking\back-end\node_modules\router\lib\route.js:157:13)
    at Route.dispatch (C:\Users\amrut\Desktop\airticketbooking\back-end\node_modules\router\lib\route.js:117:3)
    at handle (C:\Users\amrut\Desktop\airticketbooking\back-end\node_modules\router\index.js:435:11)
05-07-2026 16:28:51 [[32MINFO[39M]: GET /user/profile 401 133 - 2.287 ms
05-07-2026 16:28:51 [[32MINFO[39M]: POST /auth/refresh-token 200 143 - 11.451 ms
05-07-2026 16:28:51 [[32MINFO[39M]: POST /auth/refresh-token 200 143 - 4.252 ms
05-07-2026 16:28:52 [[32MINFO[39M]: GET /user/profile 200 540 - 110.967 ms
05-07-2026 16:28:52 [[32MINFO[39M]: GET /user/profile 304 - - 95.005 ms
05-07-2026 16:28:52 [[32MINFO[39M]: GET /user/bookings/6a49e401b55dfee452d7f69e 304 - - 527.881 ms
05-07-2026 16:28:52 [[32MINFO[39M]: GET /user/bookings/6a49e401b55dfee452d7f69e/ticket 304 - - 149.213 ms
05-07-2026 16:28:52 [[32MINFO[39M]: GET /user/bookings/6a49e401b55dfee452d7f69e 304 - - 192.245 ms
05-07-2026 16:28:53 [[32MINFO[39M]: GET /user/bookings/6a49e401b55dfee452d7f69e/ticket 304 - - 143.869 ms
05-07-2026 16:30:46 [[32MINFO[39M]: GET /user/profile 304 - - 341.853 ms
05-07-2026 16:30:46 [[32MINFO[39M]: GET /user/profile 304 - - 110.591 ms
05-07-2026 16:30:46 [[32MINFO[39M]: GET /user/bookings/6a4a290cbe83481eb9fc36c5 304 - - 233.965 ms
05-07-2026 16:30:46 [[32MINFO[39M]: GET /user/bookings/6a4a290cbe83481eb9fc36c5 304 - - 172.734 ms
05-07-2026 16:30:46 [[32MINFO[39M]: GET /user/bookings/6a4a290cbe83481eb9fc36c5/ticket 304 - - 147.335 ms
05-07-2026 16:30:46 [[32MINFO[39M]: GET /user/bookings/6a4a290cbe83481eb9fc36c5/ticket 304 - - 136.430 ms
05-07-2026 16:34:19 [[32MINFO[39M]: GET /user/profile 304 - - 390.237 ms
05-07-2026 16:34:19 [[32MINFO[39M]: GET /user/profile 304 - - 146.612 ms
05-07-2026 16:34:19 [[32MINFO[39M]: GET /user/bookings/6a4a290cbe83481eb9fc36c5 304 - - 215.976 ms
05-07-2026 16:34:19 [[32MINFO[39M]: GET /user/bookings/6a4a290cbe83481eb9fc36c5 304 - - 189.978 ms
05-07-2026 16:34:19 [[32MINFO[39M]: GET /user/bookings/6a4a290cbe83481eb9fc36c5/ticket 304 - - 158.502 ms
05-07-2026 16:34:19 [[32MINFO[39M]: GET /user/bookings/6a4a290cbe83481eb9fc36c5/ticket 304 - - 135.543 ms
05-07-2026 16:36:33 [[32MINFO[39M]: GET /user/bookings?page=1&limit=4 304 - - 331.810 ms
05-07-2026 16:36:33 [[32MINFO[39M]: GET /user/bookings?page=1&limit=4 304 - - 108.646 ms
05-07-2026 16:39:15 [[31MERROR[39M]: [/user/bookings/6a4a290cbe83481eb9fc36c5] No access token provided. Please include a valid access token in your request.: No access token provided. Please include a valid access token in your request.
Error: No access token provided. Please include a valid access token in your request.
    at C:\Users\amrut\Desktop\airticketbooking\back-end\src\presentation\middlewares\auth.middleware.ts:31:10
    at Generator.throw (<anonymous>)
    at rejected (C:\Users\amrut\Desktop\airticketbooking\back-end\src\presentation\middlewares\auth.middleware.ts:6:65)
    at processTicksAndRejections (node:internal/process/task_queues:105:5)
05-07-2026 16:39:15 [[32MINFO[39M]: GET /user/bookings/6a4a290cbe83481eb9fc36c5 401 133 - 125.728 ms
05-07-2026 16:39:15 [[31MERROR[39M]: [/user/bookings/6a4a290cbe83481eb9fc36c5] No access token provided. Please include a valid access token in your request.: No access token provided. Please include a valid access token in your request.
Error: No access token provided. Please include a valid access token in your request.
    at C:\Users\amrut\Desktop\airticketbooking\back-end\src\presentation\middlewares\auth.middleware.ts:31:10
    at Generator.throw (<anonymous>)
    at rejected (C:\Users\amrut\Desktop\airticketbooking\back-end\src\presentation\middlewares\auth.middleware.ts:6:65)
    at processTicksAndRejections (node:internal/process/task_queues:105:5)
05-07-2026 16:39:15 [[32MINFO[39M]: GET /user/bookings/6a4a290cbe83481eb9fc36c5 401 133 - 7.865 ms
05-07-2026 16:39:15 [[32MINFO[39M]: POST /auth/refresh-token 200 143 - 70.555 ms
05-07-2026 16:39:15 [[32MINFO[39M]: POST /auth/refresh-token 200 143 - 15.106 ms
05-07-2026 16:39:16 [[32MINFO[39M]: GET /user/bookings/6a4a290cbe83481eb9fc36c5 304 - - 765.948 ms
05-07-2026 16:39:16 [[32MINFO[39M]: GET /user/bookings/6a4a290cbe83481eb9fc36c5 304 - - 464.367 ms
05-07-2026 16:39:16 [[32MINFO[39M]: GET /user/bookings/6a4a290cbe83481eb9fc36c5/ticket 304 - - 362.202 ms
05-07-2026 16:39:17 [[32MINFO[39M]: GET /user/bookings/6a4a290cbe83481eb9fc36c5/ticket 304 - - 219.132 ms
