04-07-2026 13:01:15 [[32MINFO[39M]: POST /auth/sign-in 200 1148 - 1022.020 ms
04-07-2026 13:01:18 [[32MINFO[39M]: GET /provider/aircrafts?page=1&limit=3 200 2270 - 429.896 ms
04-07-2026 13:01:18 [[32MINFO[39M]: GET /provider/aircrafts?page=1&limit=3 304 - - 214.173 ms
04-07-2026 13:01:25 [[32MINFO[39M]: GET /provider/aircraft/69ef6ff9d0f60af8d9b6c88a/seats 200 3645 - 307.171 ms
04-07-2026 13:01:25 [[32MINFO[39M]: GET /provider/aircraft/69ef6ff9d0f60af8d9b6c88a/seats 304 - - 224.457 ms
04-07-2026 13:01:32 [[32MINFO[39M]: GET /provider/aircraft/6a41fd80ec2fadb4c292216b/seats 200 38066 - 311.529 ms
04-07-2026 13:01:32 [[32MINFO[39M]: GET /provider/aircraft/6a41fd80ec2fadb4c292216b/seats 304 - - 208.688 ms
04-07-2026 13:01:58 [[32MINFO[39M]: PATCH /provider/aircraft/6a41fd80ec2fadb4c292216b/seats/6a420964ec2fadb4c29222ce/toggle-block 200 192 - 435.695 ms
04-07-2026 13:03:06 [[32MINFO[39M]: PATCH /provider/aircraft/6a41fd80ec2fadb4c292216b/seats/6a420964ec2fadb4c29222e0/toggle-block 200 193 - 325.432 ms
04-07-2026 13:03:26 [[32MINFO[39M]: GET /provider/aircrafts?page=1&limit=3 304 - - 267.401 ms
04-07-2026 13:03:26 [[32MINFO[39M]: GET /provider/aircrafts?page=1&limit=3 304 - - 230.432 ms
04-07-2026 13:03:29 [[32MINFO[39M]: GET /provider/aircraft/6a41fd80ec2fadb4c292216b/seats 200 38121 - 217.137 ms
04-07-2026 13:03:29 [[32MINFO[39M]: GET /provider/aircraft/6a41fd80ec2fadb4c292216b/seats 304 - - 233.346 ms
04-07-2026 13:16:40 [[31MERROR[39M]: [/provider/profile] No access token provided. Please include a valid access token in your request.: No access token provided. Please include a valid access token in your request.
Error: No access token provided. Please include a valid access token in your request.
    at C:\Users\amrut\Desktop\airticketbooking\back-end\src\presentation\middlewares\auth.middleware.ts:16:10
    at Generator.next (<anonymous>)
    at C:\Users\amrut\Desktop\airticketbooking\back-end\src\presentation\middlewares\auth.middleware.ts:8:71
    at new Promise (<anonymous>)
    at __awaiter (C:\Users\amrut\Desktop\airticketbooking\back-end\src\presentation\middlewares\auth.middleware.ts:4:12)
    at authenticate (C:\Users\amrut\Desktop\airticketbooking\back-end\src\presentation\middlewares\auth.middleware.ts:11:5)
    at Layer.handleRequest (C:\Users\amrut\Desktop\airticketbooking\back-end\node_modules\router\lib\layer.js:152:17)
    at next (C:\Users\amrut\Desktop\airticketbooking\back-end\node_modules\router\lib\route.js:157:13)
    at Route.dispatch (C:\Users\amrut\Desktop\airticketbooking\back-end\node_modules\router\lib\route.js:117:3)
    at handle (C:\Users\amrut\Desktop\airticketbooking\back-end\node_modules\router\index.js:435:11)
04-07-2026 13:16:40 [[32MINFO[39M]: GET /provider/profile 401 133 - 238.672 ms
04-07-2026 13:16:40 [[31MERROR[39M]: [/provider/profile] No access token provided. Please include a valid access token in your request.: No access token provided. Please include a valid access token in your request.
Error: No access token provided. Please include a valid access token in your request.
    at C:\Users\amrut\Desktop\airticketbooking\back-end\src\presentation\middlewares\auth.middleware.ts:16:10
    at Generator.next (<anonymous>)
    at C:\Users\amrut\Desktop\airticketbooking\back-end\src\presentation\middlewares\auth.middleware.ts:8:71
    at new Promise (<anonymous>)
    at __awaiter (C:\Users\amrut\Desktop\airticketbooking\back-end\src\presentation\middlewares\auth.middleware.ts:4:12)
    at authenticate (C:\Users\amrut\Desktop\airticketbooking\back-end\src\presentation\middlewares\auth.middleware.ts:11:5)
    at Layer.handleRequest (C:\Users\amrut\Desktop\airticketbooking\back-end\node_modules\router\lib\layer.js:152:17)
    at next (C:\Users\amrut\Desktop\airticketbooking\back-end\node_modules\router\lib\route.js:157:13)
    at Route.dispatch (C:\Users\amrut\Desktop\airticketbooking\back-end\node_modules\router\lib\route.js:117:3)
    at handle (C:\Users\amrut\Desktop\airticketbooking\back-end\node_modules\router\index.js:435:11)
04-07-2026 13:16:40 [[32MINFO[39M]: GET /provider/profile 401 133 - 27.340 ms
04-07-2026 13:16:41 [[32MINFO[39M]: POST /auth/refresh-token 200 143 - 79.434 ms
04-07-2026 13:16:41 [[32MINFO[39M]: POST /auth/refresh-token 200 143 - 16.880 ms
04-07-2026 13:16:42 [[32MINFO[39M]: GET /provider/profile 200 1136 - 577.150 ms
04-07-2026 13:16:42 [[32MINFO[39M]: GET /provider/profile 304 - - 111.511 ms
04-07-2026 13:16:42 [[32MINFO[39M]: GET /provider/aircrafts?page=1&limit=3 304 - - 259.726 ms
04-07-2026 13:16:42 [[32MINFO[39M]: GET /provider/aircrafts?page=1&limit=3 304 - - 241.085 ms
04-07-2026 14:22:17 [[32MINFO[39M]: POST /auth/sign-in 200 1148 - 380.190 ms
04-07-2026 14:22:19 [[32MINFO[39M]: GET /provider/aircrafts?page=1&limit=3 304 - - 242.792 ms
04-07-2026 14:22:19 [[32MINFO[39M]: GET /provider/aircrafts?page=1&limit=3 304 - - 182.867 ms
04-07-2026 14:22:23 [[32MINFO[39M]: GET /provider/aircraft/6a41fd80ec2fadb4c292216b/seats 304 - - 240.704 ms
04-07-2026 14:22:23 [[32MINFO[39M]: GET /provider/aircraft/6a41fd80ec2fadb4c292216b/seats 304 - - 214.145 ms
04-07-2026 14:23:11 [[32MINFO[39M]: GET /provider/destinations/search?q=CHENN 200 322 - 139.332 ms
04-07-2026 14:23:12 [[32MINFO[39M]: GET /provider/destinations/search?q=CHENNA 200 322 - 107.327 ms
04-07-2026 14:23:16 [[32MINFO[39M]: GET /provider/destinations/search?q=SWI 200 330 - 116.563 ms
04-07-2026 14:23:21 [[32MINFO[39M]: GET /provider/destinations/search?q=BER 200 4955 - 114.980 ms
04-07-2026 14:23:22 [[32MINFO[39M]: GET /provider/destinations/search?q=BERN 200 1635 - 104.829 ms
04-07-2026 14:23:30 [[32MINFO[39M]: GET /provider/aircraft/available?departureDestinationId=691a06c68e235e91fc952944&departureTime=2026-07-10T08:53:00.000Z&durationMinutes=120&bufferMinutes=60 200 806 - 216.669 ms
04-07-2026 14:23:34 [[32MINFO[39M]: GET /provider/aircraft/available?departureDestinationId=691a06c68e235e91fc952944&departureTime=2026-07-10T08:53:00.000Z&durationMinutes=12&bufferMinutes=60 400 103 - 61.222 ms
04-07-2026 14:23:35 [[32MINFO[39M]: GET /provider/aircraft/available?departureDestinationId=691a06c68e235e91fc952944&departureTime=2026-07-10T08:53:00.000Z&durationMinutes=1&bufferMinutes=60 400 103 - 56.400 ms
04-07-2026 14:24:04 [[32MINFO[39M]: GET /provider/aircraft/available?departureDestinationId=691a06c68e235e91fc952944&departureTime=2026-07-10T03:40:00.000Z&durationMinutes=8&bufferMinutes=60 400 103 - 54.988 ms
04-07-2026 14:24:04 [[32MINFO[39M]: GET /provider/aircraft/available?departureDestinationId=691a06c68e235e91fc952944&departureTime=2026-07-10T03:40:00.000Z&durationMinutes=84&bufferMinutes=60 200 806 - 186.762 ms
04-07-2026 14:24:05 [[32MINFO[39M]: GET /provider/aircraft/available?departureDestinationId=691a06c68e235e91fc952944&departureTime=2026-07-10T03:40:00.000Z&durationMinutes=840&bufferMinutes=60 200 806 - 166.564 ms
04-07-2026 14:24:10 [[32MINFO[39M]: GET /provider/aircraft/available?departureDestinationId=691a06c68e235e91fc952944&departureTime=2026-07-10T03:40:00.000Z&durationMinutes=840&bufferMinutes=6 400 94 - 53.553 ms
04-07-2026 14:24:12 [[32MINFO[39M]: GET /provider/aircraft/available?departureDestinationId=691a06c68e235e91fc952944&departureTime=2026-07-10T03:40:00.000Z&durationMinutes=840&bufferMinutes=3 400 94 - 59.637 ms
04-07-2026 14:24:12 [[32MINFO[39M]: GET /provider/aircraft/available?departureDestinationId=691a06c68e235e91fc952944&departureTime=2026-07-10T03:40:00.000Z&durationMinutes=840&bufferMinutes=30 400 94 - 55.385 ms
04-07-2026 14:24:13 [[32MINFO[39M]: GET /provider/aircraft/available?departureDestinationId=691a06c68e235e91fc952944&departureTime=2026-07-10T03:40:00.000Z&durationMinutes=840&bufferMinutes=300 200 806 - 171.902 ms
04-07-2026 14:24:13 [[32MINFO[39M]: GET /provider/aircraft/available?departureDestinationId=691a06c68e235e91fc952944&departureTime=2026-07-10T03:40:00.000Z&durationMinutes=840&bufferMinutes=299 200 806 - 166.784 ms
04-07-2026 14:25:30 [[32MINFO[39M]: POST /provider/flights 201 1165 - 1332.674 ms
04-07-2026 14:25:42 [[32MINFO[39M]: GET /provider/flights?page=1&limit=4 200 4031 - 145.920 ms
04-07-2026 14:25:42 [[32MINFO[39M]: GET /provider/flights?page=1&limit=4 304 - - 130.741 ms
04-07-2026 14:25:46 [[32MINFO[39M]: GET /provider/flights?page=3&limit=4 200 1187 - 139.750 ms
04-07-2026 14:26:04 [[32MINFO[39M]: GET /provider/flights?page=2&limit=4 200 4072 - 144.780 ms
04-07-2026 14:26:52 [[32MINFO[39M]: GET /provider/flights/6a48ca8190552414ab5754df/seats 200 46750 - 228.063 ms
04-07-2026 14:27:34 [[32MINFO[39M]: POST /auth/sign-in 200 314 - 322.501 ms
04-07-2026 14:27:35 [[32MINFO[39M]: GET /admin/dashboard 200 266 - 65.499 ms
04-07-2026 14:27:35 [[32MINFO[39M]: GET /admin/dashboard 304 - - 61.852 ms
04-07-2026 14:27:35 [[32MINFO[39M]: GET /admin/dashboard 304 - - 52.134 ms
04-07-2026 14:27:35 [[32MINFO[39M]: GET /admin/dashboard 304 - - 65.838 ms
04-07-2026 14:27:37 [[32MINFO[39M]: GET /admin/flights/pending-approval 200 2476 - 99.387 ms
04-07-2026 14:27:37 [[32MINFO[39M]: GET /admin/flights/pending-approval 304 - - 94.693 ms
04-07-2026 14:27:57 [[32MINFO[39M]: PATCH /admin/flights/6a48ca8190552414ab5754df/approval 200 1195 - 274.775 ms
04-07-2026 14:27:57 [[32MINFO[39M]: GET /admin/flights/pending-approval 200 93 - 43.901 ms
04-07-2026 14:28:01 [[32MINFO[39M]: POST /auth/sign-out/ 200 137 - 2.727 ms
04-07-2026 14:28:10 [[32MINFO[39M]: GET /provider/profile 200 1136 - 98.240 ms
04-07-2026 14:28:10 [[32MINFO[39M]: GET /provider/profile 304 - - 87.731 ms
04-07-2026 14:28:10 [[32MINFO[39M]: GET /provider/flights?page=1&limit=4 304 - - 147.608 ms
04-07-2026 14:28:10 [[32MINFO[39M]: GET /provider/flights?page=1&limit=4 304 - - 178.564 ms
04-07-2026 14:28:14 [[32MINFO[39M]: GET /provider/flights?page=3&limit=4 200 1228 - 151.872 ms
04-07-2026 14:28:18 [[32MINFO[39M]: GET /provider/flights?page=1&limit=4 304 - - 148.074 ms
04-07-2026 14:28:29 [[32MINFO[39M]: GET /provider/flights?page=3&limit=4 304 - - 143.966 ms
04-07-2026 14:28:44 [[32MINFO[39M]: GET /provider/foods?page=1&limit=3 200 1442 - 222.364 ms
04-07-2026 14:28:45 [[32MINFO[39M]: GET /provider/foods?page=1&limit=3 304 - - 122.495 ms
04-07-2026 14:28:54 [[32MINFO[39M]: POST /auth/sign-out/ 200 137 - 1.828 ms
04-07-2026 15:39:57 [[32MINFO[39M]: POST /auth/sign-in 200 1148 - 526.993 ms
04-07-2026 15:40:16 [[32MINFO[39M]: GET /provider/flights?page=1&limit=4 304 - - 220.543 ms
04-07-2026 15:40:16 [[32MINFO[39M]: GET /provider/flights?page=1&limit=4 304 - - 161.066 ms
04-07-2026 15:40:21 [[32MINFO[39M]: GET /provider/flights?page=3&limit=4 304 - - 161.273 ms
04-07-2026 15:40:23 [[32MINFO[39M]: GET /provider/flights?page=2&limit=4 200 4113 - 152.579 ms
04-07-2026 15:40:58 [[32MINFO[39M]: POST /auth/sign-out/ 200 137 - 2.301 ms
04-07-2026 15:41:09 [[32MINFO[39M]: POST /auth/sign-in 200 552 - 246.814 ms
04-07-2026 15:41:12 [[32MINFO[39M]: GET /user/destinations/search?q=m 400 96 - 12.643 ms
04-07-2026 15:41:12 [[32MINFO[39M]: GET /user/destinations/search?q=ma 200 4995 - 66.339 ms
04-07-2026 15:41:12 [[32MINFO[39M]: GET /user/destinations/search?q=maa 200 2013 - 62.683 ms
04-07-2026 15:41:20 [[32MINFO[39M]: GET /user/destinations/search?q=b 400 96 - 1.385 ms
04-07-2026 15:41:20 [[32MINFO[39M]: GET /user/destinations/search?q=be 200 4896 - 54.632 ms
04-07-2026 15:41:21 [[32MINFO[39M]: GET /user/destinations/search?q=ber 200 4955 - 59.212 ms
04-07-2026 15:41:21 [[32MINFO[39M]: GET /user/destinations/search?q=bern 200 1635 - 63.773 ms
04-07-2026 15:41:26 [[32MINFO[39M]: GET /user/flights/search?from=MAA&to=BRN&departureDate=2026-07-10&passengers=1&tripType=one-way&page=1&limit=6 200 1111 - 143.773 ms
04-07-2026 15:41:29 [[32MINFO[39M]: POST /user/bookings/segment 200 1075 - 416.817 ms
04-07-2026 15:41:30 [[32MINFO[39M]: GET /user/bookings/62507197-edaa-4dc8-ba14-f33a6902be3c/segment 200 1069 - 87.601 ms
04-07-2026 15:41:30 [[32MINFO[39M]: GET /user/bookings/62507197-edaa-4dc8-ba14-f33a6902be3c/segment 304 - - 52.637 ms
04-07-2026 15:41:36 [[32MINFO[39M]: GET /user/aircrafts/6a41fd80ec2fadb4c292216b/foods 200 141 - 161.433 ms
04-07-2026 15:41:36 [[32MINFO[39M]: GET /user/bookings/62507197-edaa-4dc8-ba14-f33a6902be3c/seats-map 200 46117 - 297.721 ms
04-07-2026 15:41:36 [[32MINFO[39M]: GET /user/aircrafts/6a41fd80ec2fadb4c292216b/foods 304 - - 139.195 ms
04-07-2026 15:41:36 [[32MINFO[39M]: GET /user/bookings/62507197-edaa-4dc8-ba14-f33a6902be3c/seats-map 304 - - 250.576 ms
04-07-2026 15:43:21 [[32MINFO[39M]: POST /user/bookings/62507197-edaa-4dc8-ba14-f33a6902be3c/seat-lock 200 267 - 307.572 ms
04-07-2026 15:43:26 [[32MINFO[39M]: POST /user/bookings/62507197-edaa-4dc8-ba14-f33a6902be3c/seat-lock 200 267 - 416.574 ms
04-07-2026 15:44:50 [[32MINFO[39M]: POST /user/bookings/62507197-edaa-4dc8-ba14-f33a6902be3c/details 200 1088 - 163.334 ms
04-07-2026 15:44:50 [[32MINFO[39M]: GET /user/bookings/62507197-edaa-4dc8-ba14-f33a6902be3c/summary 200 1927 - 100.750 ms
04-07-2026 15:44:50 [[32MINFO[39M]: GET /user/bookings/62507197-edaa-4dc8-ba14-f33a6902be3c/summary 304 - - 51.718 ms
04-07-2026 15:44:50 [[32MINFO[39M]: GET /user/bookings/62507197-edaa-4dc8-ba14-f33a6902be3c/offers 200 90 - 137.296 ms
04-07-2026 15:44:50 [[32MINFO[39M]: GET /user/bookings/62507197-edaa-4dc8-ba14-f33a6902be3c/offers 304 - - 99.157 ms
04-07-2026 15:45:26 [[32MINFO[39M]: POST /user/bookings/initiate 201 214 - 1164.747 ms
04-07-2026 15:46:43 [[32MINFO[39M]: GET /user/profile 304 - - 120.089 ms
04-07-2026 15:46:43 [[32MINFO[39M]: GET /user/profile 304 - - 98.386 ms
04-07-2026 15:46:46 [[32MINFO[39M]: GET /user/bookings/6a48dd3d6cab3e6521b0f477 200 1604 - 199.123 ms
04-07-2026 15:46:47 [[32MINFO[39M]: GET /user/bookings/6a48dd3d6cab3e6521b0f477 304 - - 188.953 ms
04-07-2026 15:47:02 [[32MINFO[39M]: GET /user/bookings?page=1&limit=4 200 5218 - 101.699 ms
04-07-2026 15:47:02 [[32MINFO[39M]: GET /user/bookings?page=1&limit=4 304 - - 108.379 ms
04-07-2026 15:47:18 [[32MINFO[39M]: GET /user/bookings/6a48dd3d6cab3e6521b0f477 304 - - 238.583 ms
04-07-2026 15:47:18 [[32MINFO[39M]: GET /user/bookings/6a48dd3d6cab3e6521b0f477 304 - - 246.407 ms
04-07-2026 15:47:43 [[32MINFO[39M]: GET /user/bookings?page=1&limit=4 304 - - 107.325 ms
04-07-2026 15:47:43 [[32MINFO[39M]: GET /user/bookings?page=1&limit=4 304 - - 127.954 ms
04-07-2026 15:47:56 [[32MINFO[39M]: GET /user/bookings?page=2&limit=4 200 5531 - 134.524 ms
04-07-2026 15:47:59 [[32MINFO[39M]: GET /user/bookings?page=3&limit=4 200 12866 - 162.982 ms
04-07-2026 15:48:03 [[32MINFO[39M]: GET /user/bookings?page=4&limit=4 200 8152 - 123.521 ms
04-07-2026 15:48:05 [[32MINFO[39M]: GET /user/bookings?page=5&limit=4 200 11657 - 99.594 ms
04-07-2026 15:48:09 [[32MINFO[39M]: GET /user/bookings?page=2&limit=4 304 - - 113.699 ms
04-07-2026 15:48:12 [[32MINFO[39M]: GET /user/bookings?page=3&limit=4 304 - - 115.166 ms
04-07-2026 15:48:15 [[32MINFO[39M]: GET /user/bookings/6a2c1fa6590358c327f4eed6 200 4111 - 215.572 ms
04-07-2026 15:48:15 [[32MINFO[39M]: GET /user/bookings/6a2c1fa6590358c327f4eed6/ticket 200 5984 - 414.056 ms
04-07-2026 15:48:15 [[32MINFO[39M]: GET /user/bookings/6a2c1fa6590358c327f4eed6 304 - - 565.420 ms
04-07-2026 15:48:16 [[32MINFO[39M]: GET /user/bookings/6a2c1fa6590358c327f4eed6/ticket 304 - - 188.036 ms
04-07-2026 15:48:30 [[32MINFO[39M]: GET /user/bookings?page=1&limit=4 304 - - 118.548 ms
04-07-2026 15:48:30 [[32MINFO[39M]: GET /user/bookings?page=1&limit=4 304 - - 122.034 ms
04-07-2026 15:48:32 [[32MINFO[39M]: GET /user/bookings/6a48dd3d6cab3e6521b0f477 304 - - 247.846 ms
04-07-2026 15:48:32 [[32MINFO[39M]: GET /user/bookings/6a48dd3d6cab3e6521b0f477 304 - - 242.832 ms
04-07-2026 15:49:06 [[32MINFO[39M]: GET /user/bookings?page=1&limit=4 304 - - 99.994 ms
04-07-2026 15:49:06 [[32MINFO[39M]: GET /user/bookings?page=1&limit=4 304 - - 103.398 ms
04-07-2026 15:49:13 [[32MINFO[39M]: GET /user/wallet 200 256 - 108.490 ms
04-07-2026 15:49:13 [[32MINFO[39M]: GET /user/wallet 304 - - 91.820 ms
04-07-2026 15:49:23 [[32MINFO[39M]: GET /user/bookings?page=1&limit=4 304 - - 97.987 ms
04-07-2026 15:49:23 [[32MINFO[39M]: GET /user/bookings?page=1&limit=4 304 - - 105.928 ms
04-07-2026 15:49:25 [[32MINFO[39M]: GET /user/bookings/6a48dd3d6cab3e6521b0f477 304 - - 210.684 ms
04-07-2026 15:49:25 [[32MINFO[39M]: GET /user/bookings/6a48dd3d6cab3e6521b0f477 304 - - 225.100 ms
04-07-2026 15:49:45 [[32MINFO[39M]: GET /user/bookings/6a48dd3d6cab3e6521b0f477 304 - - 257.508 ms
04-07-2026 15:49:45 [[32MINFO[39M]: GET /user/bookings/6a48dd3d6cab3e6521b0f477 304 - - 304.935 ms
04-07-2026 15:49:46 [[32MINFO[39M]: GET /user/bookings?page=1&limit=4 304 - - 100.602 ms
04-07-2026 15:49:47 [[32MINFO[39M]: GET /user/bookings?page=1&limit=4 304 - - 103.587 ms
04-07-2026 15:49:53 [[32MINFO[39M]: GET /user/wallet 304 - - 99.500 ms
04-07-2026 15:49:53 [[32MINFO[39M]: GET /user/wallet 304 - - 95.313 ms
04-07-2026 15:49:55 [[32MINFO[39M]: GET /user/bookings?page=1&limit=4 304 - - 100.594 ms
04-07-2026 15:49:55 [[32MINFO[39M]: GET /user/bookings?page=1&limit=4 304 - - 105.370 ms
04-07-2026 15:49:56 [[32MINFO[39M]: GET /user/bookings/6a48dd3d6cab3e6521b0f477 304 - - 190.313 ms
04-07-2026 15:49:56 [[32MINFO[39M]: GET /user/bookings/6a48dd3d6cab3e6521b0f477 304 - - 182.302 ms
04-07-2026 15:49:57 [[32MINFO[39M]: GET /user/bookings?page=1&limit=4 304 - - 107.778 ms
04-07-2026 15:49:57 [[32MINFO[39M]: GET /user/bookings?page=1&limit=4 304 - - 98.901 ms
04-07-2026 15:49:58 [[32MINFO[39M]: GET /user/bookings/6a2c1fa6590358c327f4eed6 304 - - 196.534 ms
04-07-2026 15:49:58 [[32MINFO[39M]: GET /user/bookings/6a2c1fa6590358c327f4eed6/ticket 304 - - 136.590 ms
04-07-2026 15:49:58 [[32MINFO[39M]: GET /user/bookings/6a2c1fa6590358c327f4eed6 304 - - 215.172 ms
04-07-2026 15:49:59 [[32MINFO[39M]: GET /user/bookings/6a2c1fa6590358c327f4eed6/ticket 304 - - 135.839 ms
04-07-2026 15:49:59 [[32MINFO[39M]: GET /user/bookings?page=1&limit=4 304 - - 96.957 ms
04-07-2026 15:49:59 [[32MINFO[39M]: GET /user/bookings?page=1&limit=4 304 - - 100.401 ms
04-07-2026 15:50:05 [[32MINFO[39M]: GET /user/bookings?page=1&limit=4 304 - - 136.297 ms
04-07-2026 15:50:05 [[32MINFO[39M]: GET /user/bookings?page=1&limit=4 304 - - 109.024 ms
04-07-2026 15:50:06 [[32MINFO[39M]: GET /user/bookings/6a48dd3d6cab3e6521b0f477 304 - - 199.379 ms
04-07-2026 15:50:06 [[32MINFO[39M]: GET /user/bookings/6a48dd3d6cab3e6521b0f477 304 - - 204.675 ms
04-07-2026 15:50:24 [[32MINFO[39M]: POST /auth/sign-out/ 200 137 - 7.754 ms
04-07-2026 15:50:34 [[32MINFO[39M]: POST /auth/sign-in 200 552 - 260.740 ms
04-07-2026 15:50:38 [[32MINFO[39M]: GET /user/destinations/search?q=m 400 96 - 1.325 ms
04-07-2026 15:50:38 [[32MINFO[39M]: GET /user/destinations/search?q=ma 304 - - 54.808 ms
04-07-2026 15:50:38 [[32MINFO[39M]: GET /user/destinations/search?q=maa 304 - - 59.419 ms
04-07-2026 15:50:46 [[32MINFO[39M]: GET /user/destinations/search?q=b 400 96 - 1.263 ms
04-07-2026 15:50:46 [[32MINFO[39M]: GET /user/destinations/search?q=be 304 - - 55.012 ms
04-07-2026 15:50:46 [[32MINFO[39M]: GET /user/destinations/search?q=ber 304 - - 61.404 ms
04-07-2026 15:50:47 [[32MINFO[39M]: GET /user/destinations/search?q=bern 304 - - 59.443 ms
04-07-2026 15:50:54 [[32MINFO[39M]: GET /user/flights/search?from=MAA&to=BRN&departureDate=2026-07-10&passengers=1&tripType=one-way&page=1&limit=6 304 - - 107.583 ms
04-07-2026 15:50:57 [[32MINFO[39M]: POST /user/bookings/segment 200 1075 - 142.240 ms
04-07-2026 15:50:57 [[32MINFO[39M]: GET /user/bookings/29e1c10b-b6ea-47c4-892e-4d741e279b75/segment 200 1069 - 55.476 ms
04-07-2026 15:50:57 [[32MINFO[39M]: GET /user/bookings/29e1c10b-b6ea-47c4-892e-4d741e279b75/segment 304 - - 49.510 ms
04-07-2026 15:51:00 [[32MINFO[39M]: GET /user/aircrafts/6a41fd80ec2fadb4c292216b/foods 304 - - 143.076 ms
04-07-2026 15:51:00 [[32MINFO[39M]: GET /user/bookings/29e1c10b-b6ea-47c4-892e-4d741e279b75/seats-map 200 46157 - 297.663 ms
04-07-2026 15:51:00 [[32MINFO[39M]: GET /user/aircrafts/6a41fd80ec2fadb4c292216b/foods 304 - - 195.659 ms
04-07-2026 15:51:00 [[32MINFO[39M]: GET /user/bookings/29e1c10b-b6ea-47c4-892e-4d741e279b75/seats-map 304 - - 285.742 ms
04-07-2026 15:51:13 [[32MINFO[39M]: POST /user/bookings/29e1c10b-b6ea-47c4-892e-4d741e279b75/seat-lock 200 267 - 242.784 ms
04-07-2026 15:51:30 [[32MINFO[39M]: POST /user/bookings/29e1c10b-b6ea-47c4-892e-4d741e279b75/details 200 1071 - 158.965 ms
04-07-2026 15:51:30 [[32MINFO[39M]: GET /user/bookings/29e1c10b-b6ea-47c4-892e-4d741e279b75/summary 200 1910 - 61.799 ms
04-07-2026 15:51:30 [[32MINFO[39M]: GET /user/bookings/29e1c10b-b6ea-47c4-892e-4d741e279b75/summary 304 - - 66.388 ms
04-07-2026 15:51:30 [[32MINFO[39M]: GET /user/bookings/29e1c10b-b6ea-47c4-892e-4d741e279b75/offers 200 90 - 118.217 ms
04-07-2026 15:51:30 [[32MINFO[39M]: GET /user/bookings/29e1c10b-b6ea-47c4-892e-4d741e279b75/offers 304 - - 91.467 ms
04-07-2026 15:51:33 [[32MINFO[39M]: POST /user/bookings/initiate 201 214 - 1360.300 ms
04-07-2026 15:56:17 [[32MINFO[39M]: GET /user/profile 304 - - 125.362 ms
04-07-2026 15:56:17 [[32MINFO[39M]: GET /user/profile 304 - - 94.367 ms
04-07-2026 15:56:20 [[32MINFO[39M]: GET /user/bookings/6a48deac6cab3e6521b0f5b8 200 1590 - 198.395 ms
04-07-2026 15:56:21 [[32MINFO[39M]: GET /user/bookings/6a48deac6cab3e6521b0f5b8 304 - - 229.341 ms
04-07-2026 18:14:07 [[31MERROR[39M]: [/user/profile] No access token provided. Please include a valid access token in your request.: No access token provided. Please include a valid access token in your request.
Error: No access token provided. Please include a valid access token in your request.
    at C:\Users\amrut\Desktop\airticketbooking\back-end\src\presentation\middlewares\auth.middleware.ts:16:10
    at Generator.next (<anonymous>)
    at C:\Users\amrut\Desktop\airticketbooking\back-end\src\presentation\middlewares\auth.middleware.ts:8:71
    at new Promise (<anonymous>)
    at __awaiter (C:\Users\amrut\Desktop\airticketbooking\back-end\src\presentation\middlewares\auth.middleware.ts:4:12)
    at authenticate (C:\Users\amrut\Desktop\airticketbooking\back-end\src\presentation\middlewares\auth.middleware.ts:11:5)
    at Layer.handleRequest (C:\Users\amrut\Desktop\airticketbooking\back-end\node_modules\router\lib\layer.js:152:17)
    at next (C:\Users\amrut\Desktop\airticketbooking\back-end\node_modules\router\lib\route.js:157:13)
    at Route.dispatch (C:\Users\amrut\Desktop\airticketbooking\back-end\node_modules\router\lib\route.js:117:3)
    at handle (C:\Users\amrut\Desktop\airticketbooking\back-end\node_modules\router\index.js:435:11)
04-07-2026 18:14:07 [[32MINFO[39M]: GET /user/profile 401 133 - 879.273 ms
04-07-2026 18:14:07 [[31MERROR[39M]: [/user/profile] No access token provided. Please include a valid access token in your request.: No access token provided. Please include a valid access token in your request.
Error: No access token provided. Please include a valid access token in your request.
    at C:\Users\amrut\Desktop\airticketbooking\back-end\src\presentation\middlewares\auth.middleware.ts:16:10
    at Generator.next (<anonymous>)
    at C:\Users\amrut\Desktop\airticketbooking\back-end\src\presentation\middlewares\auth.middleware.ts:8:71
    at new Promise (<anonymous>)
    at __awaiter (C:\Users\amrut\Desktop\airticketbooking\back-end\src\presentation\middlewares\auth.middleware.ts:4:12)
    at authenticate (C:\Users\amrut\Desktop\airticketbooking\back-end\src\presentation\middlewares\auth.middleware.ts:11:5)
    at Layer.handleRequest (C:\Users\amrut\Desktop\airticketbooking\back-end\node_modules\router\lib\layer.js:152:17)
    at next (C:\Users\amrut\Desktop\airticketbooking\back-end\node_modules\router\lib\route.js:157:13)
    at Route.dispatch (C:\Users\amrut\Desktop\airticketbooking\back-end\node_modules\router\lib\route.js:117:3)
    at handle (C:\Users\amrut\Desktop\airticketbooking\back-end\node_modules\router\index.js:435:11)
04-07-2026 18:14:07 [[32MINFO[39M]: GET /user/profile 401 133 - 34.256 ms
04-07-2026 18:14:10 [[32MINFO[39M]: POST /auth/refresh-token 200 143 - 124.997 ms
04-07-2026 18:14:10 [[32MINFO[39M]: POST /auth/refresh-token 200 143 - 9.682 ms
04-07-2026 18:14:11 [[32MINFO[39M]: GET /user/profile 304 - - 560.248 ms
04-07-2026 18:14:11 [[32MINFO[39M]: GET /user/profile 304 - - 84.324 ms
04-07-2026 18:14:11 [[32MINFO[39M]: GET /user/bookings/6a48deac6cab3e6521b0f5b8 304 - - 231.567 ms
04-07-2026 18:14:11 [[32MINFO[39M]: GET /user/bookings/6a48deac6cab3e6521b0f5b8 304 - - 177.960 ms
04-07-2026 18:18:19 [[32MINFO[39M]: GET /user/profile 304 - - 1548.117 ms
04-07-2026 18:18:19 [[32MINFO[39M]: GET /user/profile 304 - - 88.945 ms
04-07-2026 18:18:19 [[32MINFO[39M]: GET /user/bookings/6a48deac6cab3e6521b0f5b8 200 1592 - 239.861 ms
04-07-2026 18:18:19 [[32MINFO[39M]: GET /user/bookings/6a48deac6cab3e6521b0f5b8 304 - - 182.189 ms
04-07-2026 18:46:27 [[32MINFO[39M]: POST /auth/sign-in 200 552 - 436.030 ms
04-07-2026 18:46:35 [[32MINFO[39M]: GET /user/destinations/search?q=c 400 96 - 6.746 ms
04-07-2026 18:46:35 [[32MINFO[39M]: GET /user/destinations/search?q=co 200 4953 - 76.371 ms
04-07-2026 18:46:35 [[32MINFO[39M]: GET /user/destinations/search?q=cok 200 319 - 69.112 ms
04-07-2026 20:18:31 [[32MINFO[39M]: POST /auth/sign-in 200 552 - 448.307 ms
04-07-2026 20:18:37 [[32MINFO[39M]: GET /user/destinations/search?q=m 400 96 - 14.627 ms
04-07-2026 20:18:37 [[32MINFO[39M]: GET /user/destinations/search?q=ma 304 - - 81.153 ms
04-07-2026 20:18:38 [[32MINFO[39M]: GET /user/destinations/search?q=maa 304 - - 57.209 ms
04-07-2026 20:18:43 [[32MINFO[39M]: GET /user/destinations/search?q=b 400 96 - 31.164 ms
04-07-2026 20:18:43 [[32MINFO[39M]: GET /user/destinations/search?q=be 304 - - 250.552 ms
04-07-2026 20:18:43 [[32MINFO[39M]: GET /user/destinations/search?q=ber 304 - - 143.577 ms
04-07-2026 20:18:44 [[32MINFO[39M]: GET /user/destinations/search?q=bern 304 - - 60.036 ms
04-07-2026 20:18:49 [[32MINFO[39M]: GET /user/flights/search?from=MAA&to=BRN&departureDate=2026-07-10&passengers=1&tripType=one-way&page=1&limit=6 304 - - 184.284 ms
04-07-2026 20:18:52 [[32MINFO[39M]: POST /user/bookings/segment 200 1075 - 257.568 ms
04-07-2026 20:18:53 [[32MINFO[39M]: GET /user/bookings/2ebe5b3c-a48c-4693-a122-8e431bac81f8/segment 200 1069 - 80.652 ms
04-07-2026 20:18:53 [[32MINFO[39M]: GET /user/bookings/2ebe5b3c-a48c-4693-a122-8e431bac81f8/segment 304 - - 67.243 ms
04-07-2026 20:18:56 [[32MINFO[39M]: GET /user/aircrafts/6a41fd80ec2fadb4c292216b/foods 304 - - 172.938 ms
04-07-2026 20:18:56 [[32MINFO[39M]: GET /user/bookings/2ebe5b3c-a48c-4693-a122-8e431bac81f8/seats-map 200 46117 - 381.190 ms
04-07-2026 20:18:56 [[32MINFO[39M]: GET /user/aircrafts/6a41fd80ec2fadb4c292216b/foods 304 - - 300.662 ms
04-07-2026 20:18:56 [[32MINFO[39M]: GET /user/bookings/2ebe5b3c-a48c-4693-a122-8e431bac81f8/seats-map 304 - - 408.672 ms
04-07-2026 20:19:09 [[32MINFO[39M]: POST /user/bookings/2ebe5b3c-a48c-4693-a122-8e431bac81f8/seat-lock 200 267 - 238.918 ms
04-07-2026 20:19:40 [[32MINFO[39M]: POST /user/bookings/2ebe5b3c-a48c-4693-a122-8e431bac81f8/details 200 1081 - 203.956 ms
04-07-2026 20:19:40 [[32MINFO[39M]: GET /user/bookings/2ebe5b3c-a48c-4693-a122-8e431bac81f8/summary 200 1920 - 77.318 ms
04-07-2026 20:19:40 [[32MINFO[39M]: GET /user/bookings/2ebe5b3c-a48c-4693-a122-8e431bac81f8/offers 200 90 - 104.294 ms
04-07-2026 20:19:40 [[32MINFO[39M]: GET /user/bookings/2ebe5b3c-a48c-4693-a122-8e431bac81f8/summary 304 - - 62.431 ms
04-07-2026 20:19:40 [[32MINFO[39M]: GET /user/bookings/2ebe5b3c-a48c-4693-a122-8e431bac81f8/offers 304 - - 99.537 ms
04-07-2026 20:19:45 [[32MINFO[39M]: POST /user/bookings/initiate 201 214 - 1037.843 ms
04-07-2026 20:20:49 [[32MINFO[39M]: GET /user/profile 304 - - 93.251 ms
04-07-2026 20:20:50 [[32MINFO[39M]: GET /user/profile 304 - - 87.796 ms
04-07-2026 20:20:53 [[32MINFO[39M]: GET /user/bookings/6a491d88f0926a22785071bd 200 1649 - 353.358 ms
04-07-2026 20:20:53 [[32MINFO[39M]: GET /user/bookings/6a491d88f0926a22785071bd/ticket 200 1347 - 140.068 ms
04-07-2026 20:20:53 [[32MINFO[39M]: GET /user/bookings/6a491d88f0926a22785071bd 304 - - 199.888 ms
04-07-2026 20:20:53 [[32MINFO[39M]: GET /user/bookings/6a491d88f0926a22785071bd/ticket 304 - - 149.498 ms
04-07-2026 20:21:25 [[32MINFO[39M]: POST /auth/sign-out/ 200 137 - 8.682 ms
04-07-2026 22:05:20 [[32MINFO[39M]: POST /auth/sign-in 200 552 - 367.115 ms
04-07-2026 22:05:26 [[32MINFO[39M]: GET /user/bookings?page=1&limit=4 200 5263 - 110.649 ms
04-07-2026 22:05:26 [[32MINFO[39M]: GET /user/bookings?page=1&limit=4 304 - - 94.938 ms
04-07-2026 22:05:30 [[32MINFO[39M]: GET /user/bookings/6a491d88f0926a22785071bd 304 - - 240.646 ms
04-07-2026 22:05:30 [[32MINFO[39M]: GET /user/bookings/6a491d88f0926a22785071bd/ticket 304 - - 140.698 ms
04-07-2026 22:05:30 [[32MINFO[39M]: GET /user/bookings/6a491d88f0926a22785071bd 304 - - 207.426 ms
04-07-2026 22:05:31 [[32MINFO[39M]: GET /user/bookings/6a491d88f0926a22785071bd/ticket 304 - - 133.027 ms
04-07-2026 22:05:40 [[32MINFO[39M]: POST /auth/sign-out/ 200 137 - 9.858 ms
04-07-2026 22:05:50 [[32MINFO[39M]: POST /auth/sign-in 200 1148 - 347.285 ms
04-07-2026 22:05:54 [[32MINFO[39M]: GET /provider/aircrafts?page=1&limit=3 304 - - 238.095 ms
04-07-2026 22:05:54 [[32MINFO[39M]: GET /provider/aircrafts?page=1&limit=3 304 - - 190.404 ms
04-07-2026 22:05:57 [[32MINFO[39M]: GET /provider/aircraft/6a41fd80ec2fadb4c292216b/seats 304 - - 237.570 ms
04-07-2026 22:05:58 [[32MINFO[39M]: GET /provider/aircraft/6a41fd80ec2fadb4c292216b/seats 304 - - 166.834 ms
04-07-2026 22:06:29 [[32MINFO[39M]: PATCH /provider/aircraft/6a41fd80ec2fadb4c292216b/seats/6a420964ec2fadb4c2922299/toggle-block 200 192 - 294.675 ms
04-07-2026 22:06:53 [[32MINFO[39M]: GET /provider/wallet 200 688 - 116.416 ms
04-07-2026 22:06:53 [[32MINFO[39M]: GET /provider/wallet 304 - - 84.428 ms
04-07-2026 22:07:32 [[32MINFO[39M]: POST /auth/sign-out/ 200 137 - 1.322 ms
04-07-2026 22:07:40 [[32MINFO[39M]: POST /auth/sign-in 200 552 - 241.461 ms
04-07-2026 22:07:47 [[32MINFO[39M]: GET /user/bookings?page=1&limit=4 304 - - 95.569 ms
04-07-2026 22:07:48 [[32MINFO[39M]: GET /user/bookings?page=1&limit=4 304 - - 89.423 ms
04-07-2026 22:07:56 [[32MINFO[39M]: GET /user/bookings/6a491d88f0926a22785071bd 304 - - 277.032 ms
04-07-2026 22:07:56 [[32MINFO[39M]: GET /user/bookings/6a491d88f0926a22785071bd 304 - - 270.231 ms
04-07-2026 22:07:56 [[32MINFO[39M]: GET /user/bookings/6a491d88f0926a22785071bd/ticket 304 - - 124.917 ms
04-07-2026 22:07:57 [[32MINFO[39M]: GET /user/bookings/6a491d88f0926a22785071bd/ticket 304 - - 123.858 ms
04-07-2026 22:08:18 [[32MINFO[39M]: GET /user/wallet 304 - - 95.735 ms
04-07-2026 22:08:18 [[32MINFO[39M]: GET /user/wallet 304 - - 84.514 ms
04-07-2026 22:08:37 [[32MINFO[39M]: GET /user/wallet 304 - - 92.127 ms
04-07-2026 22:08:37 [[32MINFO[39M]: GET /user/wallet 304 - - 84.067 ms
04-07-2026 22:08:39 [[32MINFO[39M]: GET /user/bookings/6a491d88f0926a22785071bd 304 - - 179.016 ms
04-07-2026 22:08:40 [[32MINFO[39M]: GET /user/bookings/6a491d88f0926a22785071bd/ticket 304 - - 286.327 ms
04-07-2026 22:08:40 [[32MINFO[39M]: GET /user/bookings/6a491d88f0926a22785071bd 304 - - 322.221 ms
04-07-2026 22:08:40 [[32MINFO[39M]: GET /user/bookings/6a491d88f0926a22785071bd/ticket 304 - - 126.565 ms
04-07-2026 22:08:41 [[32MINFO[39M]: GET /user/bookings?page=1&limit=4 304 - - 97.472 ms
04-07-2026 22:08:41 [[32MINFO[39M]: GET /user/bookings?page=1&limit=4 304 - - 155.994 ms
04-07-2026 22:08:45 [[32MINFO[39M]: GET /user/destinations/search?q=c 400 96 - 4.609 ms
04-07-2026 22:08:48 [[32MINFO[39M]: GET /user/destinations/search?q=m 400 96 - 1.393 ms
04-07-2026 22:08:48 [[32MINFO[39M]: GET /user/destinations/search?q=ma 304 - - 69.431 ms
04-07-2026 22:08:48 [[32MINFO[39M]: GET /user/destinations/search?q=maa 304 - - 55.314 ms
04-07-2026 22:08:52 [[32MINFO[39M]: GET /user/destinations/search?q=b 400 96 - 1.293 ms
04-07-2026 22:08:53 [[32MINFO[39M]: GET /user/destinations/search?q=be 304 - - 61.770 ms
04-07-2026 22:08:53 [[32MINFO[39M]: GET /user/destinations/search?q=ber 304 - - 50.192 ms
04-07-2026 22:08:53 [[32MINFO[39M]: GET /user/destinations/search?q=bern 304 - - 63.954 ms
04-07-2026 22:08:58 [[32MINFO[39M]: GET /user/flights/search?from=MAA&to=BRN&departureDate=2026-07-10&passengers=1&tripType=one-way&page=1&limit=6 304 - - 130.973 ms
04-07-2026 22:09:01 [[32MINFO[39M]: POST /user/bookings/segment 200 1075 - 366.935 ms
04-07-2026 22:09:02 [[32MINFO[39M]: GET /user/bookings/bd07985a-967e-4c93-ad4b-b79a31b910a5/segment 200 1069 - 71.261 ms
04-07-2026 22:09:02 [[32MINFO[39M]: GET /user/bookings/bd07985a-967e-4c93-ad4b-b79a31b910a5/segment 304 - - 47.991 ms
04-07-2026 22:09:04 [[32MINFO[39M]: GET /user/aircrafts/6a41fd80ec2fadb4c292216b/foods 304 - - 161.178 ms
04-07-2026 22:09:04 [[32MINFO[39M]: GET /user/bookings/bd07985a-967e-4c93-ad4b-b79a31b910a5/seats-map 200 46155 - 295.304 ms
04-07-2026 22:09:04 [[32MINFO[39M]: GET /user/aircrafts/6a41fd80ec2fadb4c292216b/foods 304 - - 164.469 ms
04-07-2026 22:09:04 [[32MINFO[39M]: GET /user/bookings/bd07985a-967e-4c93-ad4b-b79a31b910a5/seats-map 304 - - 240.417 ms
04-07-2026 22:10:14 [[32MINFO[39M]: POST /auth/sign-out/ 200 137 - 3.204 ms
04-07-2026 22:10:29 [[32MINFO[39M]: POST /auth/sign-in 200 314 - 229.653 ms
04-07-2026 22:10:29 [[32MINFO[39M]: GET /admin/dashboard 200 324 - 80.189 ms
04-07-2026 22:10:29 [[32MINFO[39M]: GET /admin/dashboard 304 - - 61.591 ms
04-07-2026 22:10:29 [[32MINFO[39M]: GET /admin/dashboard 304 - - 47.142 ms
04-07-2026 22:10:29 [[32MINFO[39M]: GET /admin/dashboard 304 - - 62.967 ms
04-07-2026 22:10:31 [[32MINFO[39M]: GET /admin/wallet 200 370 - 65.927 ms
04-07-2026 22:10:31 [[32MINFO[39M]: GET /admin/wallet 304 - - 57.195 ms
04-07-2026 22:10:38 [[32MINFO[39M]: GET /admin/providers/pending 200 90 - 59.263 ms
04-07-2026 22:10:38 [[32MINFO[39M]: GET /admin/providers/pending 304 - - 47.539 ms
04-07-2026 22:10:40 [[32MINFO[39M]: GET /admin/providers?page=1&limit=3 200 3326 - 94.707 ms
04-07-2026 22:10:41 [[32MINFO[39M]: GET /admin/providers?page=1&limit=3 304 - - 127.661 ms
04-07-2026 22:10:46 [[32MINFO[39M]: GET /admin/providers?page=2&limit=3 200 1205 - 84.274 ms
04-07-2026 22:11:00 [[32MINFO[39M]: PATCH /admin/providers/691d755f898a399f641ca2f5/commission 200 90 - 154.952 ms
04-07-2026 22:11:00 [[32MINFO[39M]: GET /admin/providers?page=2&limit=3 200 1205 - 100.893 ms
04-07-2026 22:11:12 [[32MINFO[39M]: GET /admin/dashboard 304 - - 56.633 ms
04-07-2026 22:11:12 [[32MINFO[39M]: GET /admin/dashboard 304 - - 55.740 ms
04-07-2026 22:11:31 [[32MINFO[39M]: GET /admin/users?page=1&limit=3 304 - - 90.736 ms
04-07-2026 22:11:31 [[32MINFO[39M]: GET /admin/users?page=1&limit=3 304 - - 96.336 ms
04-07-2026 22:11:34 [[32MINFO[39M]: GET /admin/users?page=2&limit=3 200 821 - 98.071 ms
04-07-2026 22:31:11 [[31MERROR[39M]: [/admin/dashboard] No access token provided. Please include a valid access token in your request.: No access token provided. Please include a valid access token in your request.
Error: No access token provided. Please include a valid access token in your request.
    at C:\Users\amrut\Desktop\airticketbooking\back-end\src\presentation\middlewares\admin.middleware.ts:14:10
    at Generator.next (<anonymous>)
    at C:\Users\amrut\Desktop\airticketbooking\back-end\src\presentation\middlewares\admin.middleware.ts:8:71
    at new Promise (<anonymous>)
    at __awaiter (C:\Users\amrut\Desktop\airticketbooking\back-end\src\presentation\middlewares\admin.middleware.ts:4:12)
    at authenticateAdmin (C:\Users\amrut\Desktop\airticketbooking\back-end\src\presentation\middlewares\admin.middleware.ts:11:5)
    at Layer.handleRequest (C:\Users\amrut\Desktop\airticketbooking\back-end\node_modules\router\lib\layer.js:152:17)
    at next (C:\Users\amrut\Desktop\airticketbooking\back-end\node_modules\router\lib\route.js:157:13)
    at Route.dispatch (C:\Users\amrut\Desktop\airticketbooking\back-end\node_modules\router\lib\route.js:117:3)
    at handle (C:\Users\amrut\Desktop\airticketbooking\back-end\node_modules\router\index.js:435:11)
04-07-2026 22:31:12 [[32MINFO[39M]: GET /admin/dashboard 401 133 - 445.669 ms
04-07-2026 22:31:12 [[31MERROR[39M]: [/admin/dashboard] No access token provided. Please include a valid access token in your request.: No access token provided. Please include a valid access token in your request.
Error: No access token provided. Please include a valid access token in your request.
    at C:\Users\amrut\Desktop\airticketbooking\back-end\src\presentation\middlewares\admin.middleware.ts:14:10
    at Generator.next (<anonymous>)
    at C:\Users\amrut\Desktop\airticketbooking\back-end\src\presentation\middlewares\admin.middleware.ts:8:71
    at new Promise (<anonymous>)
    at __awaiter (C:\Users\amrut\Desktop\airticketbooking\back-end\src\presentation\middlewares\admin.middleware.ts:4:12)
    at authenticateAdmin (C:\Users\amrut\Desktop\airticketbooking\back-end\src\presentation\middlewares\admin.middleware.ts:11:5)
    at Layer.handleRequest (C:\Users\amrut\Desktop\airticketbooking\back-end\node_modules\router\lib\layer.js:152:17)
    at next (C:\Users\amrut\Desktop\airticketbooking\back-end\node_modules\router\lib\route.js:157:13)
    at Route.dispatch (C:\Users\amrut\Desktop\airticketbooking\back-end\node_modules\router\lib\route.js:117:3)
    at handle (C:\Users\amrut\Desktop\airticketbooking\back-end\node_modules\router\index.js:435:11)
04-07-2026 22:31:12 [[32MINFO[39M]: GET /admin/dashboard 401 133 - 43.935 ms
04-07-2026 22:31:12 [[32MINFO[39M]: POST /auth/refresh-token 200 143 - 134.235 ms
04-07-2026 22:31:12 [[32MINFO[39M]: POST /auth/refresh-token 200 143 - 8.086 ms
04-07-2026 22:31:13 [[32MINFO[39M]: GET /admin/dashboard 304 - - 902.989 ms
04-07-2026 22:31:13 [[32MINFO[39M]: GET /admin/dashboard 304 - - 65.552 ms
04-07-2026 22:31:13 [[32MINFO[39M]: GET /admin/users?page=1&limit=3 304 - - 151.802 ms
04-07-2026 22:31:13 [[32MINFO[39M]: GET /admin/users?page=1&limit=3 304 - - 100.285 ms
